CwWRAz/EYuqHdWmLhZZ8Vg7Ow/1RR6Sv2kZhW3yMiO5zvmY5PIzzKSzCiIJy1wD6/NAlt5mYKZc7ibl+T1WH37D127tekpdzJ48EX74Ffa4I
rgfIkRUsgd3ZSGz+JO+hG2h0k9Ui5K+E/boqLCINSE0W+2ZujZyL2s0j9bw7J76z+AJzT1idlMb0iOSf2fy+37H/cqmFX23z0jqF/eP9FDtWcftFKlU/WJF5XF455F+wGoyvMo/n6zr3NSBqWyip3cstT1iuLw==
rgfIkRUsgd3ZSGz+JO+hG2h0k9Ui5K+E/boqLCINSE0W+2ZujZyL2s0j9bw7J76z+AJzT1idlMb0iOSf2fy+37H/cqmFX23z0jqF/eP9FDtWcftFKlU/WJF5XF455F+wGoyvMo/n6zr3NSBqWyip3cstT1iuLw==
CD245SkWpwHDc664hoVpmRHwceNAc3KpuDEXxJ2rN7XGfkhz0iuOF6vpST6fdbfewBWLe+4yB/PX79QfjiVtrhg=
p8QH4Idonbs8juL0fpaC0dY6NatiEgT1emjBvVpb/Q0CJGNxtBoXQCk8evxzJ8Hq1dg0jAxm5uUXC0uYt4aO5anv+pu8hr+W8cKDI+h3LMHuYD2TNHp/PTcMRwnsJVwKW3GOcFq64wKDYtIyG5gucWe4j1tEMAtule/jM1tSrtk=
2k0DhHt1ncIaCELqPNl87M7RUkHLkaU+ij8oliEVVX1vSIfcqgD3Pk5rszbHWfhGO4Qxsfvh1xSuYw==
vHp5sv+FbSjoUtiXrXc6949d8kREad3BNHTEIZs7jcWfZlk5Qb42mQ3jeJ6hQ5EjgsfoyRuubg==
CD245SkWpwHDc664hoVpmRHwceNAc3KpuDEXxJ2rN7XGfkhz0iuOF6vpST6fdbfewBWLe+4yB/PX79QfjiVtrhg=
CD245SkWpwHDc664hoVpmRHwceNAc3KpuDEXxJ2rN7XGfkhz0iuOF6vpST6fdbfewBWLe+4yB/PX79QfjiVtrhg=
CD245SkWpwHDc664hoVpmRHwceNAc3KpuDEXxJ2rN7XGfkhz0iuOF6vpST6fdbfewBWLe+4yB/PX79QfjiVtrhg=
CD245SkWpwHDc664hoVpmRHwceNAc3KpuDEXxJ2rN7XGfkhz0iuOF6vpST6fdbfewBWLe+4yB/PX79QfjiVtrhg=
1Il6CuuXY/ldmrAhei3WVPrAoBn2jzM/4JazGXkAHcm/smU4IR0iiWTBSwTja+I3iLmCFVUsDx/t9RxKWpuQjzSHUa1rNo2B7X5aYVkzzDZ9I21LVndcEXeuAg==
QtyBx8c94D1zukhUxmBe6/ctNglVOD0TPIsWSdypi1QRI7M1QvbE406zandPkbVOUz1zngRdR0vSCiPT8/fID4Itaa4c
tQLxpbpficz42m7DRbI5efctNglVOD0TPI8UR9ypi1QRI7M1QvbE406zandPkbVOUz1zngRdR0vSCiPT8/fID4Itaa4c
kPCEIZMkv2Z8RbGBPsqBZ0w7P8skqSmS7OYRH9DlbjEOld5OULYQJEZ+T2arjmJGI2Tu9S+0X88cLOvK/cMThyNurh0=
LFdmkFyP0JBDIeDLW3zP0n3w0F6faYAXgTiwMGHtpCs260JTHgyU6NhuugifNH+gWnwPQo4XS0o3JQA62/jJzQudL2iuHw==
3tl7f28MQsAhqOSoyyKpi007P8skqSmS7OYRH9DlbjEOld5OULYQJEZ+T2arjmJGI2Tu9S+0X88cLOvK/cMThyNurh0=
GF3DQhnmMLbRTWXZ7ErsjE47P8skqSmS7OYRH9DlbjEOld5OULYQJEZ+T2arjmJGI2Tu9S+0X88cLOvK/cMThyNurh0=
5ZgaktNv74TH1z6RnMbeyH7w0F6faYAXgTiwMGHtpCs260JTHgyU6NhuugifNH+gWnwPQo4XS0o3JQA62/jJzQudL2iuHw==
VJ9Y90rZJmdDNJVn2gXmSuPD+K/z4tpyWCzBobx4aBmXwfncYMv/l9wtmT6kEjEjyIG+faYBXtLo8uBITkovmvMq8srLMK4pV7Bv49RYS3ZlJ0NLC3quAQ==
oi1aIcJLQbeRc/L4OoZFZlUhp5RKwwIEXyVYWzGU6NwBATyHhmfa356ADGRowiLk/9gnDOow1w5OW5MGBwlY1rsU0eE7kTdkrhM=
Tnl/9vgTnVunMIZPQ68NKyYziATcsfy14eDQY1E31oqTlEAPOuvCCKCgv1OUcUmK3L7RR2B9Duk+jd5WYG5wvPYmjz6blgKek/xubZ9sP9csdCuSTVtzXxN2rgU=
IUE3s89dDQiI+nxMdi9g2ycziATcsfy14eDQY1E31oqTlEAPOuvCCKCgv1OUcUmK3L7RR2B9Duk+jd5WYG5wvPYmjz6blgKek/xubZ9sP9csdCuSTVtzXxN2rgU=
uJTGETaB76v+THOpMeB8V0s7P8skqSmS7OYRH9DlbjEOld5OULYQJEZ+T2arjmJGI2Tu9S+0X88cLOvK/cMThyNurh0=
bi/UNW3GCDI822GmRLbVmTeRkeUEBeTsjxAzVXmenK9unmZtY4L9KRLCgoJoyCa+u9oppIWYNYc7ibl+T1WH3rD127tekpdzJ48EX74Ffa4I
UY5iIGJbshTwHhwcHnbjBU06P8skqSmS7OYRH9DlbjEOld5OULYQJEZ+T2arjmJGI2Tu9S+0X88cLOvK/cMThyNurh0=
O8+Al850RKEiZ+TV0+eqgE46P8skqSmS7OYRH9DlbjEOld5OULYQJEZ+T2arjmJGI2Tu9S+0X88cLOvK/cMThyNurh0=
N5uLYDH28O1+HUWNHpZ0akw6P8skqSmS7OYRH9DlbjEOld5OULYQJEZ+T2arjmJGI2Tu9S+0X88cLOvK/cMThyNurh0=
mdNcccNQ29f/TWdzBAmWUUsl9d57Q67yco90anRlYYYHOSjm4Go6/Pz+YW57TOc8jxfBDTv23aEdfmqBCfMcVu2jHavmN6wxZ64S
kPCEIZMkv2Z8RbGBPsqBZ0w7P8skqSmS7OYRH9DlbjEOld5OULYQJEZ+T2arjmJGI2Tu9S+0X88cLOvK/cMThyNurh0=
LFdmkFyP0JBDIeDLW3zP0n3w0F6faYAXgTiwMGHtpCs260JTHgyU6NhuugifNH+gWnwPQo4XS0o3JQA62/jJzQudL2iuHw==
3tl7f28MQsAhqOSoyyKpi007P8skqSmS7OYRH9DlbjEOld5OULYQJEZ+T2arjmJGI2Tu9S+0X88cLOvK/cMThyNurh0=
GF3DQhnmMLbRTWXZ7ErsjE47P8skqSmS7OYRH9DlbjEOld5OULYQJEZ+T2arjmJGI2Tu9S+0X88cLOvK/cMThyNurh0=
5ZgaktNv74TH1z6RnMbeyH7w0F6faYAXgTiwMGHtpCs260JTHgyU6NhuugifNH+gWnwPQo4XS0o3JQA62/jJzQudL2iuHw==
VJ9Y90rZJmdDNJVn2gXmSuPD+K/z4tpyWCzBobx4aBmXwfncYMv/l9wtmT6kEjEjyIG+faYBXtLo8uBITkovmvMq8srLMK4pV7Bv49RYS3ZlJ0NLC3quAQ==
oi1aIcJLQbeRc/L4OoZFZlUhp5RKwwIEXyVYWzGU6NwBATyHhmfa356ADGRowiLk/9gnDOow1w5OW5MGBwlY1rsU0eE7kTdkrhM=
Tnl/9vgTnVunMIZPQ68NKyYziATcsfy14eDQY1E31oqTlEAPOuvCCKCgv1OUcUmK3L7RR2B9Duk+jd5WYG5wvPYmjz6blgKek/xubZ9sP9csdCuSTVtzXxN2rgU=
IUE3s89dDQiI+nxMdi9g2ycziATcsfy14eDQY1E31oqTlEAPOuvCCKCgv1OUcUmK3L7RR2B9Duk+jd5WYG5wvPYmjz6blgKek/xubZ9sP9csdCuSTVtzXxN2rgU=
uJTGETaB76v+THOpMeB8V0s7P8skqSmS7OYRH9DlbjEOld5OULYQJEZ+T2arjmJGI2Tu9S+0X88cLOvK/cMThyNurh0=
bi/UNW3GCDI822GmRLbVmTeRkeUEBeTsjxAzVXmenK9unmZtY4L9KRLCgoJoyCa+u9oppIWYNYc7ibl+T1WH3rD127tekpdzJ48EX74Ffa4I
UY5iIGJbshTwHhwcHnbjBU06P8skqSmS7OYRH9DlbjEOld5OULYQJEZ+T2arjmJGI2Tu9S+0X88cLOvK/cMThyNurh0=
O8+Al850RKEiZ+TV0+eqgE46P8skqSmS7OYRH9DlbjEOld5OULYQJEZ+T2arjmJGI2Tu9S+0X88cLOvK/cMThyNurh0=
N5uLYDH28O1+HUWNHpZ0akw6P8skqSmS7OYRH9DlbjEOld5OULYQJEZ+T2arjmJGI2Tu9S+0X88cLOvK/cMThyNurh0=
mdNcccNQ29f/TWdzBAmWUUsl9d57Q67yco90anRlYYYHOSjm4Go6/Pz+YW57TOc8jxfBDTv23aEdfmqBCfMcVu2jHavmN6wxZ64S
kPCEIZMkv2Z8RbGBPsqBZ0w7P8skqSmS7OYRH9DlbjEOld5OULYQJEZ+T2arjmJGI2Tu9S+0X88cLOvK/cMThyNurh0=
LFdmkFyP0JBDIeDLW3zP0n3w0F6faYAXgTiwMGHtpCs260JTHgyU6NhuugifNH+gWnwPQo4XS0o3JQA62/jJzQudL2iuHw==
3tl7f28MQsAhqOSoyyKpi007P8skqSmS7OYRH9DlbjEOld5OULYQJEZ+T2arjmJGI2Tu9S+0X88cLOvK/cMThyNurh0=
GF3DQhnmMLbRTWXZ7ErsjE47P8skqSmS7OYRH9DlbjEOld5OULYQJEZ+T2arjmJGI2Tu9S+0X88cLOvK/cMThyNurh0=
5ZgaktNv74TH1z6RnMbeyH7w0F6faYAXgTiwMGHtpCs260JTHgyU6NhuugifNH+gWnwPQo4XS0o3JQA62/jJzQudL2iuHw==
VJ9Y90rZJmdDNJVn2gXmSuPD+K/z4tpyWCzBobx4aBmXwfncYMv/l9wtmT6kEjEjyIG+faYBXtLo8uBITkovmvMq8srLMK4pV7Bv49RYS3ZlJ0NLC3quAQ==
oi1aIcJLQbeRc/L4OoZFZlUhp5RKwwIEXyVYWzGU6NwBATyHhmfa356ADGRowiLk/9gnDOow1w5OW5MGBwlY1rsU0eE7kTdkrhM=
Tnl/9vgTnVunMIZPQ68NKyYziATcsfy14eDQY1E31oqTlEAPOuvCCKCgv1OUcUmK3L7RR2B9Duk+jd5WYG5wvPYmjz6blgKek/xubZ9sP9csdCuSTVtzXxN2rgU=
IUE3s89dDQiI+nxMdi9g2ycziATcsfy14eDQY1E31oqTlEAPOuvCCKCgv1OUcUmK3L7RR2B9Duk+jd5WYG5wvPYmjz6blgKek/xubZ9sP9csdCuSTVtzXxN2rgU=
uJTGETaB76v+THOpMeB8V0s7P8skqSmS7OYRH9DlbjEOld5OULYQJEZ+T2arjmJGI2Tu9S+0X88cLOvK/cMThyNurh0=
bi/UNW3GCDI822GmRLbVmTeRkeUEBeTsjxAzVXmenK9unmZtY4L9KRLCgoJoyCa+u9oppIWYNYc7ibl+T1WH3rD127tekpdzJ48EX74Ffa4I
UY5iIGJbshTwHhwcHnbjBU06P8skqSmS7OYRH9DlbjEOld5OULYQJEZ+T2arjmJGI2Tu9S+0X88cLOvK/cMThyNurh0=
O8+Al850RKEiZ+TV0+eqgE46P8skqSmS7OYRH9DlbjEOld5OULYQJEZ+T2arjmJGI2Tu9S+0X88cLOvK/cMThyNurh0=
N5uLYDH28O1+HUWNHpZ0akw6P8skqSmS7OYRH9DlbjEOld5OULYQJEZ+T2arjmJGI2Tu9S+0X88cLOvK/cMThyNurh0=
MsdsTUmggHdX2Tlitq8VoUsl9d57Q67yco90anRlYYYHOSjm4Go6/Pz+YW57TOc8jxfBDTv23aEdfWqBCfMcVu2jHavmN6wxZ64S
e6wnSxDYB9JEBz338IBH6vctNglVOD0TPI8UR9ypi1QRI7M1QvbE406zandPkbVOUz1znQRdR0vSCiPT8/fID4Itaa4c
PzNVn3+r/98id043JN2ZCvctNglVOD0TPIsWSdypi1QRI7M1QvbE406zandPkbVOUz1znQRdR0vSCiPT8/fID4Itaa4c
e6wnSxDYB9JEBz338IBH6vctNglVOD0TPI8UR9ypi1QRI7M1QvbE406zandPkbVOUz1znQRdR0vSCiPT8/fID4Itaa4c
EX/iEFiVeRzoxLc/PtCR9Uw7P8skqSmS7OYRH9DlbjEOld5OULYQJEZ+T2arjmJGI2Tt9S+0X88cLOvK/cMThyNurh0=
9sqk0/2f0CMstQqRregV8H3w0F6faYAXgTiwMGHtpCs260JTHgyU6NhuugifNH+gWnwPQo0XS0o3JQA62/jJzQudL2iuHw==
IB9Q0h0iTdcdkC6h/LnV2U07P8skqSmS7OYRH9DlbjEOld5OULYQJEZ+T2arjmJGI2Tt9S+0X88cLOvK/cMThyNurh0=
cgF3APf+qoVFGEF1uJpuy047P8skqSmS7OYRH9DlbjEOld5OULYQJEZ+T2arjmJGI2Tt9S+0X88cLOvK/cMThyNurh0=
n9hr2zGfkoBP4X5H5cowGX7w0F6faYAXgTiwMGHtpCs260JTHgyU6NhuugifNH+gWnwPQo0XS0o3JQA62/jJzQudL2iuHw==
1ArHu58VJ0xyQi5rtwjW8uPD+K/z4tpyWCzBobx4aBmXwfncYMv/l9wtmT6kEjEjyIG+faYBXtLo8uBITkovmvMq8srLMK0pV7Bv49RYS3ZlJ0NLC3quAQ==
y06dLvJbonWULHhC7dTvqFUhp5RKwwIEXyVYWzGU6NwBATyHhmfa356ADGRowiLk/9gnDOow1w5NW5MGBwlY1rsU0eE7kTdkrhM=
Wbs/IPNMDgmqn1EqoCoVxyYziATcsfy14eDQY1E31oqTlEAPOuvCCKCgv1OUcUmK3L7RR2B9Duk+jd5WYG5wvPYmjz6blgKek/xtbZ9sP9csdCuSTVtzXxN2rgU=
qtDzYsoNE1gQJTyIR19EZScziATcsfy14eDQY1E31oqTlEAPOuvCCKCgv1OUcUmK3L7RR2B9Duk+jd5WYG5wvPYmjz6blgKek/xtbZ9sP9csdCuSTVtzXxN2rgU=
ooa/c2OcL5WAe7/Ftpn1bUs7P8skqSmS7OYRH9DlbjEOld5OULYQJEZ+T2arjmJGI2Tt9S+0X88cLOvK/cMThyNurh0=
clIsCO0mVSd8NbTeRJY+tzeRkeUEBeTsjxAzVXmenK9unmZtY4L9KRLCgoJoyCa+u9oppIWYNYc7ibl+T1WH3bD127tekpdzJ48EX74Ffa4I
O8EfJVhNderX3mrmb35xzU06P8skqSmS7OYRH9DlbjEOld5OULYQJEZ+T2arjmJGI2Tt9S+0X88cLOvK/cMThyNurh0=
GrPnGp5E6H+4ywjEWQ0xoU46P8skqSmS7OYRH9DlbjEOld5OULYQJEZ+T2arjmJGI2Tt9S+0X88cLOvK/cMThyNurh0=
pKLpK1eUr9mJp/XG6/Qbg0w6P8skqSmS7OYRH9DlbjEOld5OULYQJEZ+T2arjmJGI2Tt9S+0X88cLOvK/cMThyNurh0=
MsdsTUmggHdX2Tlitq8VoUsl9d57Q67yco90anRlYYYHOSjm4Go6/Pz+YW57TOc8jxfBDTv23aEdfWqBCfMcVu2jHavmN6wxZ64S
PzNVn3+r/98id043JN2ZCvctNglVOD0TPIsWSdypi1QRI7M1QvbE406zandPkbVOUz1znQRdR0vSCiPT8/fID4Itaa4c
e6wnSxDYB9JEBz338IBH6vctNglVOD0TPI8UR9ypi1QRI7M1QvbE406zandPkbVOUz1znQRdR0vSCiPT8/fID4Itaa4c
8G30WHNGm/9lNNB2XoThfqEahWA/2hhXc0VVlX4eeDTenynUsldwN2yaLYX3JoApbj/D44ed0sWTpIeqlhEuSwBX/Wvfim9y1aFMSiBYOx1BAzPXEX9RV347hrtCOM1F32aZuQG99hnN4zgeYUNRo8LHKElbri4=
QqIP4Q4+K1n6BT1UKuaXRmaY23SGvl6Ax/ESi/yvY02nOAT9tuT8cQU/T1PLm73tvSVj/hn+uqC8eA3HwInwzNt0J0DVIF+uicNn/SH7oCqTmjL6qwCtGTeAr1O06MvGBZeDe2tKrjE=
fuNnKkxm4TIWlahc14rP172z5pxai8NtFnQv2kR/hEMCGeQ8mKJ/sjJfHOnXz9xVDnRncCoHOuakndoMhCo6PAi4+HSUqedSD1wHOMUoX7a5qwfF8TNgcuMykgI7iC2Bh2hP6+Sgix71v6MDe0KuKQ==
Tt2lmyEzu/nT4QZhRLbxVuVEncJnCC4ZnXRscmgIYoc5dBDxtScWYyAVK1kJcmaJ+rH30ZblbFn/GcOKqZswfOomW8iCmLPrkWNLPwtjXNN0v3gotyHtrltN2x1sbU9rivqbk+vnsK8KfUGuNA==
/dIyf+ElQajGmtmkYVcJ7rLacwjs7XNewEOOHfXVCwq0cgdCWOvwwIRqRF1ZUYrq0Q+2hssjQORApDV/LeCUzu+GkWIfYFWJH8v1KZBUv0Da3M8ijfcL6rdFQNrb2Alti31vSK4/
b2OKozOMVea6gbS8w9cQGuVEncJnCC4ZnS85aH8DeJYUdDznvSIeQ2lmWEo0JinP9bD30ZblbFn/GcOKqZswfOomW8iDmbPrkWNLPwtjXNN0v3gotyHtrltN2x1sbU9rivqbk+vnsK8KfUGuNA==
+0dHyoV3wfxNLXJqGwiT5eLzo8be2KrXTirJhc3cz0XzhidRS1M9l6b5mUgwJU8Hd7iZz9+nlcpHtNp4aeNIh3BkEGiy6Je0TazfKgE/92lZVwDOO8ZCTnPMbV1/vH+HjISr4u2Lsw9zRq41
WMUeAGpta7WENHTqynYFUE47Lhj+hsXfxbE3EA7SiuzIL1PgomFHs5zrqpeo2Yv27AJwJQVBJHEG8VX9ISrL/5rUAPLpmPPMeSNbpwl/SaeWG77rCniF9QeGcSm5PY6JZUPg7qmDGfO6pwB5Q642
Upj2ZJ3Ylsx1yNeyZy6AhHWAsKSysZN8NMTEPZ51T3CtRQMYKDacyK2+lAEKRB/lQORXOxA2yZxzHwUFC0rri7lzQz8Dc3QzrO8AaG/RVc4z/VOd5B3ny3JKw9PTN2iPYm1Jrjw=
rQun0KcJ2/jTCG1lS3q8HU47Lhj+hsTfxbE3EA7SiuzIL1PgomFHs5zrqpeo2Yv27ANwJQVBJHEG8VX9ISrL/5rUAPLpmPHMeSNbpwl/SaeWG77rCniF9QeGcSm5PY6JZUPg7qmDGfO6pwB5Q642
0jOjjyIfUOWYOWQGBWgnjWaY23SGvl2Ax/ESi/yvY02nOAT9tuT8cQU/T1PLm73tvSVj/hn+uqC8eA3HwInwz9t0J0DVIF+uicNn/SH7oCqTmjL6qwCtGTeAr1O06MvGBZeDe2tKrjE=
E7pgVBx2C2PLzI+qVpTo0+VEncJnCC4ZnXRscmgIYoc5dBDxtScWYyATK1kJcmaLoeS2k4fodm7uAtaJ/ZcmfP8gbJrfibPrkWNLPwtjXNN0v3gotyHtrltN2x1sbU9rivqbk+vnsK8KfUGuNA==
1lCpVuReW42XJA4WmfczKkw7P8skqSmS7OYRH9DlbjEOld5OULYQJEZ+T2arjmJGI2Ts9S+0X88cLOvK/cMThyNurh0=
jIAbb1b6k8jRA2zXfWFdkX3w0F6faYAXgTiwMGHtpCs260JTHgyU6NhuugifNH+gWnwPQowXS0o3JQA62/jJzQudL2iuHw==
dyQj+KyDIisGabYrOnRIWU07P8skqSmS7OYRH9DlbjEOld5OULYQJEZ+T2arjmJGI2Ts9S+0X88cLOvK/cMThyNurh0=
xjb5eNlQygTDHoBKRyJA1k47P8skqSmS7OYRH9DlbjEOld5OULYQJEZ+T2arjmJGI2Ts9S+0X88cLOvK/cMThyNurh0=
t7yA11NQWpWEvbaZq1fDjX7w0F6faYAXgTiwMGHtpCs260JTHgyU6NhuugifNH+gWnwPQowXS0o3JQA62/jJzQudL2iuHw==
D7NWcU8i6LgL+c3ufecu8+PD+K/z4tpyWCzBobx4aBmXwfncYMv/l9wtmT6kEjEjyIG+faYBXtLo8uBITkovmvMq8srLMKwpV7Bv49RYS3ZlJ0NLC3quAQ==
ZbKMDmXYB1/RAGxalLj7RFUhp5RKwwIEXyVYWzGU6NwBATyHhmfa356ADGRowiLk/9gnDOow1w5MW5MGBwlY1rsU0eE7kTdkrhM=
o0Q8TWJVv6bIEhPxm1NEPiYziATcsfy14eDQY1E31oqTlEAPOuvCCKCgv1OUcUmK3L7RR2B9Duk+jd5WYG5wvPYmjz6blgKek/xsbZ9sP9csdCuSTVtzXxN2rgU=
GI2hrHwWzYXMHqfvnBhUAicziATcsfy14eDQY1E31oqTlEAPOuvCCKCgv1OUcUmK3L7RR2B9Duk+jd5WYG5wvPYmjz6blgKek/xsbZ9sP9csdCuSTVtzXxN2rgU=
clIVVktX85DXjkNlQWx4kks7P8skqSmS7OYRH9DlbjEOld5OULYQJEZ+T2arjmJGI2Ts9S+0X88cLOvK/cMThyNurh0=
suYljxBL2/2BAxaoi+mqgTeRkeUEBeTsjxAzVXmenK9unmZtY4L9KRLCgoJoyCa+u9oppIWYNYc7ibl+T1WH3LD127tekpdzJ48EX74Ffa4I
8f0QZvppz3h623X5tlV7mk06P8skqSmS7OYRH9DlbjEOld5OULYQJEZ+T2arjmJGI2Ts9S+0X88cLOvK/cMThyNurh0=
aMNJAWuR41zBA65RCXVgZU46P8skqSmS7OYRH9DlbjEOld5OULYQJEZ+T2arjmJGI2Ts9S+0X88cLOvK/cMThyNurh0=
j0Y0YJiwV4qAPMsHZIveJ0w6P8skqSmS7OYRH9DlbjEOld5OULYQJEZ+T2arjmJGI2Ts9S+0X88cLOvK/cMThyNurh0=
T3kSyvPNkyjBEtST63SixUsl9d57Q67yco90anRlYYYHOSjm4Go6/Pz+YW57TOc8jxfBDTv23aEdfGqBCfMcVu2jHavmN6wxZ64S
iFSrj0KPJZVxFrhChgvxxfctNglVOD0TPIsWSdypi1QRI7M1QvbE406zandPkbVOUz1znARdR0vSCiPT8/fID4Itaa4c
jr4+Ss4eRO6Kb8zB8aWmgfctNglVOD0TPI8UR9ypi1QRI7M1QvbE406zandPkbVOUz1znARdR0vSCiPT8/fID4Itaa4c
iFSrj0KPJZVxFrhChgvxxfctNglVOD0TPIsWSdypi1QRI7M1QvbE406zandPkbVOUz1znARdR0vSCiPT8/fID4Itaa4c
DdcES5NpI6sUSMH6mdFsXdG70I+EsA6KxURPr7Y22NeUzQh2D/EfrTqQ13QKqEeGzNMDnmfxKB773OHZG4knbK4b
rhr5f9XYY7wMeNkbsBGjyJGTh++VDSi/sMAj8jWL5MeZTjpAn2hSFgF908jXnZ2iZyxLNejNFmG5gGnDCOPK6aABXyQl+9+1rq7wExobltcTeYEeh4UfXCglk5umov+zzx+cv3Z1Ra4w
/dWZk0xAvba4PpA4x78s2JyzTw1KpHa8NZdfPKyFLM6+mdZMJwQ87vO+ipIeRCnpyy1xpKqO52G9GRFlQwDo1E201QNUR4eDlRVfhusu4ibjROzV79Tfb1zM66o9Y5NnY06uPQ==
CfZYBXER5zK6jL4nIAR7ADHe5PvT8cM9bd3TNrhiRmGEUl4WDWXH+KO1gUJbRB/lHPVaIXV43ZNcSzZJPGnr1LFjUzUiNmRjrvMKd2/RVc4z/VOc5B3ny3JKw9PTN2iPYm1Jrjw=
V2yJFN1+WwjBur+lIifxVyy9lQathGIWMZ3jiGd9LSL3zJt1uC0GYamguYNYQ1pp0KGvZFXbL7XejgDTartmV4PZUd7XpQ9cOEVDW/bCbzN/fyx/RhV1rgA=
Z+2YPk2Rs14ci8YEbwmB+8kSiGRQhmA3s5FmFjWV/5iLRUkCE5S3hYRlwqHt6EUzNJv+CXRZA/TJU6s1WgacQ8bDwrcngb1uq23LHHyNfyvaGgsTm0dAb1odca4E
Y0q0fKj3DiWrcOdWNK/2z+Ahp0FhtEEthJFmFjWV/5iLRUkCE5S3hYRlwqHt6EUzNJv+CXRZA/TJU6s1WgacQ8bDwrcngb1uq23LHHyNfyvaGgsTm0dAb1odca4E
LtR4KDqTjrP+cflvgaY912h0k9Ui5K+E/boqLCINSE0W+2ZujZyL2s0j9bw7J76z+AJzT1idlMb0iOSf2fy+37H/cqmFX23z0jqF/eP9FDtWcftFKlU/WJF5XF455F+wGoyvMoPn6zr3NSBqWyip3cstT1iuLw==
zgZr5jkY9R4qBXcjEq1TkngGlu1r8CgjCy9CVnLd7McFCzKVknmMhKaaKyE17m7P7NgnDOow1w5KW5MHAAlY1rsU0eE7kTdkrhM=
Ef8mB0wHmBy4pD+SzKPDFc//WQSU2CHXfcfpHTPWhXGF8vZRWBQURoVjdVtu19TBH65q
Otc/SGfYrQqC4P0Dni9r8JOr3ZeUsl2Sw0hAueVh09qJiFsrfLRJ9i+Q13QKqEeGy9IDl2DxKB773OHZG4knbK4b
oU5yY3hcYPxptC9BBkiAbNUZ8VxKed2RaEiNb9knjcWfZlk5Qbo3mQ3leJ6hQ5EjgsfoyRuubg==
Y401AsTxTpc5ji15pr0+9l+dzvsyR0H6+jqhdQcKKST9RqcrutYCfRD+tmRzdaaqoOgV/zFnZbVnBpFp2TmrycTFQK6JgzmzGiegOWOuFg==
vdPjNDnUuAqU6oGWDL1hJonG1A1Ayap2LACBNVTOuuAvy3O3B0Ed7sut6x+Zzd6tutprE7sHoO/63RGuZA==
G8rG10RbeQbD9gZ6bQ36IplD+g/IQOdzuftxep7JTPX56Wk5xBhRNw1Heb1jFrVRlf/mMaBVxCYV48X73heEIW+uGg==
gUj35SuMegjkRiGSo5LNzZlD+g/IQOdzuftxep7JTPX56Wk5xBhRNw1Heb1jFrVRlfnkMaBVxCYV48X73heEIW+uGg==
x4qA5drWSyszTt39F0h/2NUZ8VxKed2RaEiNb9knjcWfZlk5Qb8wmQ7leJ6hQ5EjgsfoyRuubg==
wQUt92nfe+QTplq+uNqsdQOCoZUBa3+WjC8O8odWOgZKEGqMwdP+JRv12pWGElWZtF30LuVIf1KjkhKie6gjocfLyUukgIs+tR8joztirgk=
QsSZunAuj4f3xrJtkALi/mXeweVQR6y330ZkQj/Jmep3mCM+eZfkJlzBzoZo2C21+JZ+kMvDb5c7ibl+T1WH27X1371ekpdzJ48EX74Ffa4I
reZT1JKOABh3JUhU5a//GxyCoZUBa3+WjC8O8odWOgZKEGqMwdP+JRv12pWGElWZtF30LuVIf1KjkhKie6gopMfMyUukgIs+tR8joztirgk=
qDeVBbN7TXNjjddMpytvWVdVIJQWS5KdYD7mREN1lopwqOWfoefVFTfG4YnJPbrp8YWQznkDqROq5/DZE65m
6EQydDkricUKSQtC17CmWd/fXxvCl6oklTMgwxxcGS5vSIfcqgD3PkJvszLBWfhGO4Qxsfvh1xSuYw==
6OdY+6IPh6xUgyIvrp/P/m1V/BhYwLzI/7KRp0GAtP1rHfqtlhpVgYR1lNa1gL8KU/qyGusgrz93ZCkzdMjL5sX3A5sraq4R
m2atC6SbRv+FZwveGUAEYgAIa4qRjPfRb/1cK1mc2k04Hs50e3WuuliIPc9ppx1lz6YJGVGzIHlZJSh+McPhw/IHmClrrh4=
WXOxbfNuc43iRTNcWpgwThko2ZVnJELAGV67rN3FnfVeL1OMsKlaNvwgsTVk7uogXysDN5fhTS77jfseja0r7Wq6+5MLpxAvqj1hrhQ=
LKSIATqBGb5rGOrcMrflJ4nG1A1Ayap2LACBNVTOuuAvy3O3B0Ed7sut6x2czdututprE7sHoO/63RGuZA==
/t/G6AuHkdYVWTkuKcQdVpOr3ZeUsl2Sw0hAueVh09qJiFsrfLRJ9i+Q13QKqEeGydYDm2HxKB773OHZG4knbK4b
dGp2rkO2RtHnITP3QJZJ4c//WQSU2CHXfcfpHTPWhXGF+/ZRWBUURoVjdVtu19TBH65q
yp04P5ZDVclx5e9gnoGTxVkfnz8f1VKA15ur97/xRQ6jXWOeE31+DWKqk1NjV5jP0s0Zrmw=
ojhCRy73u+jkIhYkTEngDwYQd8UydPPpDAvGZA0gue4DrID32vLVFTfG4YnJOrjp/YCQzXsDqBOq5/DZD7R0
h0ncYNHjxcmNj7f9bl4piPw0LW8CbTIOddwoZOmN7mM0EPdgQ5rxxGKTQGJPkbVOUz1zmQRdT0jSCSHT8vfID4ItdbQO
4elv2d775YvhbdopoTTww7DJ0piFwfsOHdK9hpR0+dtlE/u4OPDN85q8SYrB5JdyIsVEXoXborla+0oo+OlZZynB0bRuI386I0sfOhIzUXgQ83ynyycAhMowOkovJG1oOy33ExkFBij7bzLVu3T/4Fq8jwKO0ssLNeWD+Nu5SQ0L3a+0tM0=
94cUBf2ATBf4dxtcOwB977DJ0piFwfsOHdK9hpR0+dtlE/u4OPDN85q8SYrB5JdyIsVEXoXborla+0oo+OlZZynB0bRuI386I0sfOhIzUXgQ83ynyycAhMowOkovJG1oOy33ExkFBij7bzLVu3T/4Fq8jwKJ0ssONeWD+Nu5SQ0L3a+0tM0=
Chbqfe+XH7zs+mcAZm0z1MWN41kew1IzNNBOWObYfTq5Sl1wMXPzC00MYn4382d5/sCguk3zPwjeiGV3IK6M+wxnLWg0WzUMKkpiC0CqKOuJZ1iMlHuS0Y/Hlv+pv1rSlZzYvkG9hWUv0Fe0CujHRs2Xg15msavc+51hGRvJp7C0yQ==
91Z5uYZGRwq8U+ryqVfPHM7RUkHLkaU+ij8oliEVVX1vSIfcqgD3Pk1vszbGWftEO4Uxsfvh1wi0cQ==
NvrlQAJlVesWcizx3eFKIo9d8kREad3BNHTEIZs7jcWfZlk5Qb0ymQ3ieJ2jQ5AjgsfoyQe0fA==
REZoOgsqX5eTyGvgBsM0VB+zeuFcYXO7qSFU1IL+N7/9P08j3jWEAqvpST6fdbfdxBWLeu4xBfPW79QfjiVxtAo=
oIvr/Uql2wGW7UbC0elmG8WN41kew1IzNNBOWObYfTq5Sl1wMXPzC00MYn4382d5/sCguk3zPwjeiGV3IK6M+wxnLWg0WzUMKkpiC0CqKOuJZ1iMlHuS0Y/Hlv+pv1rSlZzYvkG9hWUv0Fe0CujHRsyXg15msavc+51hGRvJp7C0yQ==
nZfVNPcxFLZPJdvNcqUwxM7RUkHLkaU+ij8oliEVVX1vSIfcqgD3PkxvszbGWftEO4Uxsfvh1wi0cQ==
oyKUe2n0F7TOvInzEreLPY9d8kREad3BNHTEIZs7jcWfZlk5QbwymQ3ieJ2jQ5AjgsfoyQe0fA==
TQTqnwP1dxo1Ot7QTfBVkR+zeuFcYXO7qSFU1IL+N7/9P08j3jWEAqvpST6fdbfcxBWLeu4xBfPW79QfjiVxtAo=
qlMeTCWErH1SBDJ0tgVTW8WN41kew1IzNNBOWObYfTq5Sl1wMXPzC00MYn4382d5/sCguk3zPwjeiGV3IK6M+wxnLWg0WzUMKkpiC0CqKOuJZ1iMlHuS0Y/Hlv+pv1rSlZzYvkG9hWUv0Fe0CujHRsuXg1dnsavc+51hGRvJp7C0yQ==
GBR+DqCKl8I+jGkXUT0lyc7RUkHLkaU+ij8oliEVVX1vSIfcqgD3Pktvsz/HWftEO4Uxsfvh1wi0cQ==
hBHzHORi2h7kDWAAV2Lt149d8kREad3BNHTEIZs7jcWfZlk5QbsymQTjeJ2jQ5AjgsfoyQe0fA==
uao2miTrKdnYYX9BoSvA9B+zeuFcYXO7qSFU1IL+N7/9P08j3jWEAqvpST6fdbfbxBWCe+4xBfPW79QfjiVxtAo=
151pvtXaNP5bHE7QnKG0V8WN41kew1IzNNBOWObYfTq5Sl1wMXPzC00MYn4382d5/sCguk3zPwjeiGV3IK6M+wxnLWg0WzUMKkpiC0CqKOuJZ1iMlHuS0Y/Hlv+pv1rSlZzYvkG9hWUv0Fe0CujHRsqXg1dnsavc+51hGRvJp7C0yQ==
nPVVphPmTHt4NCa6PLNmX87RUkHLkaU+ij8oliEVVX1vSIfcqgD3Pkpvsz/HWftEO4Uxsfvh1wi0cQ==
R2cKQq97yjXPKL4iIuUt449d8kREad3BNHTEIZs7jcWfZlk5QboymQTjeJ2jQ5AjgsfoyQe0fA==
2ObJOSRfttBWZ+I2reOfdx+zeuFcYXO7qSFU1IL+N7/9P08j3jWEAqvpST6fdbfaxBWCe+4xBfPW79QfjiVxtAo=
47Oh1vU+XlCxbo9g38M6Ys//WQSU2CHXfcfpHTPWhXGF//ZRUBQURYdjdFtu19TBA7R4
dtz1J6z5eOoyPDV7ZaLVYZOr3ZeUsl2Sw0hAueVh09qJiFsrfLRJ9i+Q13QKqEeGztUDn2DxKxz73eHZG4kncLQJ
iAKjthZd8J6hBuDaZfgHC8//WQSU2CHXfcfpHTPWhXGF+/ZRUhQURYdjdFtu19TBA7R4
nirBVksxeoOCNGQoXpAN2lkfnz8f1VKA15ur97/xRQ6jXWOeEH10DGKpkVNiV5jP0s0FtH4=
W8wpfOzGJpL0nNQOVKRiWsWN41kew1IzNNBOWObYfTq5Sl1wMXPzC00MYn4382d5/sCguk3zPwjeiGV3IK6M+wxnLWg0WzUMKkpiC0CqKOuJZ1iMlHuS0Y/Hlv+pv1rSlZzYvkG9hWUv0Fe0CujHRs6Ug11gsavc+51hGRvJp7C0yQ==
82FpIQW5vFR48neH+qEt8c7RUkHLkaU+ij8oliEVVX1vSIfcqgD3Pk1sszXAWftEO4Uxsfvh1wi0cQ==
bdSdDfjYwgRIdIlOsYq1po9d8kREad3BNHTEIZs7jcWfZlk5Qb0xmQ7keJ2jQ5AjgsfoyQe0fA==
ckJyqHrUpt3dVUm5t0Y5OB+zeuFcYXO7qSFU1IL+N7/9P08j3jWEAqvpST6fdbfdxxWIfO4xBfPW79QfjiVxtAo=
a0Q06sAMfkcCFq/k+CeK/sWN41kew1IzNNBOWObYfTq5Sl1wMXPzC00MYn4382d5/sCguk3zPwjeiGV3IK6M+wxnLWg0WzUMKkpiC0CqKOuJZ1iMlHuS0Y/Hlv+pv1rSlZzYvkG9hWUv0Fe0CujHRsmUg1pgsavc+51hGRvJp7C0yQ==
GxfuUYP/D8/DpcaAfGCQJc7RUkHLkaU+ij8oliEVVX1vSIfcqgD3PklsszLAWftEO4Uxsfvh1wi0cQ==
9AFvmq7UlI3VRBOjYuLpUY9d8kREad3BNHTEIZs7jcWfZlk5QbkxmQnkeJ2jQ5AjgsfoyQe0fA==
q7pU/56nLDz42dLVlHPYDR+zeuFcYXO7qSFU1IL+N7/9P08j3jWEAqvpST6fdbfZxxWPfO4xBfPW79QfjiVxtAo=
gHQKbqQkg3a0kqXvSlIz3cWN41kew1IzNNBOWObYfTq5Sl1wMXPzC00MYn4382d5/sCguk3zPwjeiGV3IK6M+wxnLWg0WzUMKkpiC0CqKOuJZ1iMlHuS0Y/Hlv+pv1rSlZzYvkG9hWUv0Fe0CujHRs6Ug1pgsavc+51hGRvJp7C0yQ==
DkUQMrPlxCxaYsZRIN9FNc7RUkHLkaU+ij8oliEVVX1vSIfcqgD3Pk5sszLAWftEO4Uxsfvh1wi0cQ==
m7V25J2ZOsJa6aLIzbXS/49d8kREad3BNHTEIZs7jcWfZlk5Qb4xmQnkeJ2jQ5AjgsfoyQe0fA==
ZG4iODTnOX36yaUZ21acOB+zeuFcYXO7qSFU1IL+N7/9P08j3jWEAqvpST6fdbfexxWPfO4xBfPW79QfjiVxtAo=
Kg+1dvvdbn0DZHaY2PWh7cWN41kew1IzNNBOWObYfTq5Sl1wMXPzC00MYn4382d5/sCguk3zPwjeiGV3IK6M+wxnLWg0WzUMKkpiC0CqKOuJZ1iMlHuS0Y/Hlv+pv1rSlZzYvkG9hWUv0Fe0CujHRs2Ug1pgsavc+51hGRvJp7C0yQ==
4e5u1ljQRy4JPL+jxnt1s87RUkHLkaU+ij8oliEVVX1vSIfcqgD3Pk1sszLAWftEO4Uxsfvh1wi0cQ==
mivVrYDJmZ7JoIPiwcqAIY9d8kREad3BNHTEIZs7jcWfZlk5Qb0xmQnkeJ2jQ5AjgsfoyQe0fA==
qvZiDszzuqQSi6RbBzwZrx+zeuFcYXO7qSFU1IL+N7/9P08j3jWEAqvpST6fdbfdxxWPfO4xBfPW79QfjiVxtAo=
Kg+1dvvdbn0DZHaY2PWh7cWN41kew1IzNNBOWObYfTq5Sl1wMXPzC00MYn4382d5/sCguk3zPwjeiGV3IK6M+wxnLWg0WzUMKkpiC0CqKOuJZ1iMlHuS0Y/Hlv+pv1rSlZzYvkG9hWUv0Fe0CujHRs2Ug1pgsavc+51hGRvJp7C0yQ==
W7jLqwLssIAkaSRT+EPVYc7RUkHLkaU+ij8oliEVVX1vSIfcqgD3PkxsszLAWftEO4Uxsfvh1wi0cQ==
ROFz5VCtDIabpZbCAYU0Oo9d8kREad3BNHTEIZs7jcWfZlk5QbwxmQnkeJ2jQ5AjgsfoyQe0fA==
O5R9vLjuH8LUIF7ZsOXwtR+zeuFcYXO7qSFU1IL+N7/9P08j3jWEAqvpST6fdbfcxxWPfO4xBfPW79QfjiVxtAo=
5M2vBiXhfiJ/GFMuRIbW5MWN41kew1IzNNBOWObYfTq5Sl1wMXPzC00MYn4382d5/sCguk3zPwjeiGV3IK6M+wxnLWg0WzUMKkpiC0CqKOuJZ1iMlHuS0Y/Hlv+pv1rSlZzYvkG9hWUv0Fe0CujHRsiVg1pgsavc+51hGRvJp7C0yQ==
/ByCtlBULUykxPYAYGg7Bc7RUkHLkaU+ij8oliEVVX1vSIfcqgD3PkhtszLAWftEO4Uxsfvh1wi0cQ==
NG1tsmIBwPjqCMkNMm+Pi49d8kREad3BNHTEIZs7jcWfZlk5QbgwmQnkeJ2jQ5AjgsfoyQe0fA==
wrWbBPITz7FWSEcyDwdDVx+zeuFcYXO7qSFU1IL+N7/9P08j3jWEAqvpST6fdbfYxhWPfO4xBfPW79QfjiVxtAo=
1dnnrkYFsbRyPssR31y6FvctNglVOD0TPI8UR9ypi1QRI7M1QvbE406zandPkbVOUz1zkgJdQ0zSCSHT8vfID4ItdbQO
eUBEJhsAH8dK63S7c7UDTXWAsKSysZN8NMTEPZ51T3CtRQMYKDacyK2+lAEKRB/lQORXOxA2yZxzHwUFC0rri7lzQz8Dc3QzrO8AaG/RVc4z/VOS4h3jzHJJwdPSN2iPYm1VtC4=
Ha0b5dTBllQ1KwRviEIgW2aY23SGvl2Ax/ESi/yvY02nOAT9tuT8cQU/T1PLm73tvSVj/hn+uqC8eA3HwInwz9t0J0DVIF+uicNn/SH7oCqTmjL6qwCiHzeEqFO36svHBZeDe2tWtCM=
NKPshQ684Y92b2C0eRSRuWaY23SGvl6Ax/ESi/yvY02nOAT9tuT8cQU/T1PLm73tvSVj/hn+uqC8eA3HwInwzNt0J0DVIF+uicNn/SH7oCqTmjL6qwCiHzeEqFO36svHBZeDe2tWtCM=
AwlmYCtYbA9zxjlE/Nzfl+Lzo8be2KrXTirJhc3cz0XzhidRS1M9l6b5mUgwJU8Hd7iZz9+nlcpHtNp4aeNIh3BkEGiy6Je0TazfKgE/92lZVwDOO8ZCTnPMYlt/uHiHj4ar4+2Lsw9zWrQn
3VA/JKLSvliZWRsEkRSo/eVEncJnCC4ZnXRscmgIYoc5dBDxtScWYyATK1kJcmaLoeS2k4fodm7uAtaJ/ZcmfP8gbJrfibPrkWNLPwtjXNN0v3gotyHtrltN2xJqbUtsivmZk+rnsK8KfV20Jg==
zT0VD9e/KnZf+8uKrWP4wrLacwjs7XNewEOOHfXVCwq0cgdCWOvwwIRqRF1ZUYrq0Q+2hssjQORApDV/LeCUzu+GkWIfYFWJH8v1KZBUv0Da3M8igvEL7rBFQ9jb2Qlti31vVLQt
YDZC39eeY6d6Qo5uD/BkDKEahWA/2hhXc0VVlX4eeDTenynUsldwN2yaLYX3JoApbj/D44ed0sWTpIeqlhEuSwBX/Wvfim9y1aFMSiBYOx1BAzPXEX9RV347hrtCOM1F32aZuQGy8BnJ5DgdY0NQo8LHKElHtDw=
WbkKF9ng3HimBqna284GGL2z5pxai8NtFnQv2kR/hEMCGeQ8mKJ/sjJfHOnXz9xVDnRncCoHOuakndoMhCo6PAi4+HSUqedSD1wHOMUoX7a5qwfF8TNgcuMykgI7iCKHh2xI6+eiix/1v6MDe160Ow==
QOtyiPmXw0gwGMwCh/0UHE47Lhj+hsXfxbE3EA7SiuzIL1PgomFHs5zrqpeo2Yv27AJwJQVBJHEG8VX9ISrL/5rUAPLpmPPMeSNbpwl/SaeWG77rCniF9QeGcSm5MoiJYUTg7auDGPO6pwB5X7Qk
3mE8YIf5s0aGphiy895OUuVEncJnCC4ZnS85aH8DeJYUdDznvSIeQ2lmWEo0JinP9bD30ZblbFn/GcOKqZswfOomW8iDmbPrkWNLPwtjXNN0v3gotyHtrltN2xJqbUtsivmZk+rnsK8KfV20Jg==
/5n8dAz6XcGA7qobAOLrAE47Lhj+hsTfxbE3EA7SiuzIL1PgomFHs5zrqpeo2Yv27ANwJQVBJHEG8VX9ISrL/5rUAPLpmPHMeSNbpwl/SaeWG77rCniF9QeGcSm5MoiJYUTg7auDGPO6pwB5X7Qk
m22SyqyNaOSW589Dau0YU+VEncJnCC4ZnXRscmgIYoc5dBDxtScWYyAVK1kJcmaJ+rH30ZblbFn/GcOKqZswfOomW8iCmLPrkWNLPwtjXNN0v3gotyHtrltN2xJqbUtsivmZk+rnsK8KfV20Jg==
1dnnrkYFsbRyPssR31y6FvctNglVOD0TPI8UR9ypi1QRI7M1QvbE406zandPkbVOUz1zkgJdQ0zSCSHT8vfID4ItdbQO
eUBEJhsAH8dK63S7c7UDTXWAsKSysZN8NMTEPZ51T3CtRQMYKDacyK2+lAEKRB/lQORXOxA2yZxzHwUFC0rri7lzQz8Dc3QzrO8AaG/RVc4z/VOS4h3jzHJJwdPSN2iPYm1VtC4=
3VA/JKLSvliZWRsEkRSo/eVEncJnCC4ZnXRscmgIYoc5dBDxtScWYyATK1kJcmaLoeS2k4fodm7uAtaJ/ZcmfP8gbJrfibPrkWNLPwtjXNN0v3gotyHtrltN2xJqbUtsivmZk+rnsK8KfV20Jg==
Ha0b5dTBllQ1KwRviEIgW2aY23SGvl2Ax/ESi/yvY02nOAT9tuT8cQU/T1PLm73tvSVj/hn+uqC8eA3HwInwz9t0J0DVIF+uicNn/SH7oCqTmjL6qwCiHzeEqFO36svHBZeDe2tWtCM=
WbkKF9ng3HimBqna284GGL2z5pxai8NtFnQv2kR/hEMCGeQ8mKJ/sjJfHOnXz9xVDnRncCoHOuakndoMhCo6PAi4+HSUqedSD1wHOMUoX7a5qwfF8TNgcuMykgI7iCKHh2xI6+eiix/1v6MDe160Ow==
AwlmYCtYbA9zxjlE/Nzfl+Lzo8be2KrXTirJhc3cz0XzhidRS1M9l6b5mUgwJU8Hd7iZz9+nlcpHtNp4aeNIh3BkEGiy6Je0TazfKgE/92lZVwDOO8ZCTnPMYlt/uHiHj4ar4+2Lsw9zWrQn
QOtyiPmXw0gwGMwCh/0UHE47Lhj+hsXfxbE3EA7SiuzIL1PgomFHs5zrqpeo2Yv27AJwJQVBJHEG8VX9ISrL/5rUAPLpmPPMeSNbpwl/SaeWG77rCniF9QeGcSm5MoiJYUTg7auDGPO6pwB5X7Qk
zT0VD9e/KnZf+8uKrWP4wrLacwjs7XNewEOOHfXVCwq0cgdCWOvwwIRqRF1ZUYrq0Q+2hssjQORApDV/LeCUzu+GkWIfYFWJH8v1KZBUv0Da3M8igvEL7rBFQ9jb2Qlti31vVLQt
/5n8dAz6XcGA7qobAOLrAE47Lhj+hsTfxbE3EA7SiuzIL1PgomFHs5zrqpeo2Yv27ANwJQVBJHEG8VX9ISrL/5rUAPLpmPHMeSNbpwl/SaeWG77rCniF9QeGcSm5MoiJYUTg7auDGPO6pwB5X7Qk
m22SyqyNaOSW589Dau0YU+VEncJnCC4ZnXRscmgIYoc5dBDxtScWYyAVK1kJcmaJ+rH30ZblbFn/GcOKqZswfOomW8iCmLPrkWNLPwtjXNN0v3gotyHtrltN2xJqbUtsivmZk+rnsK8KfV20Jg==
YDZC39eeY6d6Qo5uD/BkDKEahWA/2hhXc0VVlX4eeDTenynUsldwN2yaLYX3JoApbj/D44ed0sWTpIeqlhEuSwBX/Wvfim9y1aFMSiBYOx1BAzPXEX9RV347hrtCOM1F32aZuQGy8BnJ5DgdY0NQo8LHKElHtDw=
NKPshQ684Y92b2C0eRSRuWaY23SGvl6Ax/ESi/yvY02nOAT9tuT8cQU/T1PLm73tvSVj/hn+uqC8eA3HwInwzNt0J0DVIF+uicNn/SH7oCqTmjL6qwCiHzeEqFO36svHBZeDe2tWtCM=
3mE8YIf5s0aGphiy895OUuVEncJnCC4ZnS85aH8DeJYUdDznvSIeQ2lmWEo0JinP9bD30ZblbFn/GcOKqZswfOomW8iDmbPrkWNLPwtjXNN0v3gotyHtrltN2xJqbUtsivmZk+rnsK8KfV20Jg==
1dnnrkYFsbRyPssR31y6FvctNglVOD0TPI8UR9ypi1QRI7M1QvbE406zandPkbVOUz1zkgJdQ0zSCSHT8vfID4ItdbQO
AwlmYCtYbA9zxjlE/Nzfl+Lzo8be2KrXTirJhc3cz0XzhidRS1M9l6b5mUgwJU8Hd7iZz9+nlcpHtNp4aeNIh3BkEGiy6Je0TazfKgE/92lZVwDOO8ZCTnPMYlt/uHiHj4ar4+2Lsw9zWrQn
QOtyiPmXw0gwGMwCh/0UHE47Lhj+hsXfxbE3EA7SiuzIL1PgomFHs5zrqpeo2Yv27AJwJQVBJHEG8VX9ISrL/5rUAPLpmPPMeSNbpwl/SaeWG77rCniF9QeGcSm5MoiJYUTg7auDGPO6pwB5X7Qk
3mE8YIf5s0aGphiy895OUuVEncJnCC4ZnS85aH8DeJYUdDznvSIeQ2lmWEo0JinP9bD30ZblbFn/GcOKqZswfOomW8iDmbPrkWNLPwtjXNN0v3gotyHtrltN2xJqbUtsivmZk+rnsK8KfV20Jg==
/5n8dAz6XcGA7qobAOLrAE47Lhj+hsTfxbE3EA7SiuzIL1PgomFHs5zrqpeo2Yv27ANwJQVBJHEG8VX9ISrL/5rUAPLpmPHMeSNbpwl/SaeWG77rCniF9QeGcSm5MoiJYUTg7auDGPO6pwB5X7Qk
3VA/JKLSvliZWRsEkRSo/eVEncJnCC4ZnXRscmgIYoc5dBDxtScWYyATK1kJcmaLoeS2k4fodm7uAtaJ/ZcmfP8gbJrfibPrkWNLPwtjXNN0v3gotyHtrltN2xJqbUtsivmZk+rnsK8KfV20Jg==
YDZC39eeY6d6Qo5uD/BkDKEahWA/2hhXc0VVlX4eeDTenynUsldwN2yaLYX3JoApbj/D44ed0sWTpIeqlhEuSwBX/Wvfim9y1aFMSiBYOx1BAzPXEX9RV347hrtCOM1F32aZuQGy8BnJ5DgdY0NQo8LHKElHtDw=
NKPshQ684Y92b2C0eRSRuWaY23SGvl6Ax/ESi/yvY02nOAT9tuT8cQU/T1PLm73tvSVj/hn+uqC8eA3HwInwzNt0J0DVIF+uicNn/SH7oCqTmjL6qwCiHzeEqFO36svHBZeDe2tWtCM=
WbkKF9ng3HimBqna284GGL2z5pxai8NtFnQv2kR/hEMCGeQ8mKJ/sjJfHOnXz9xVDnRncCoHOuakndoMhCo6PAi4+HSUqedSD1wHOMUoX7a5qwfF8TNgcuMykgI7iCKHh2xI6+eiix/1v6MDe160Ow==
m22SyqyNaOSW589Dau0YU+VEncJnCC4ZnXRscmgIYoc5dBDxtScWYyAVK1kJcmaJ+rH30ZblbFn/GcOKqZswfOomW8iCmLPrkWNLPwtjXNN0v3gotyHtrltN2xJqbUtsivmZk+rnsK8KfV20Jg==
eUBEJhsAH8dK63S7c7UDTXWAsKSysZN8NMTEPZ51T3CtRQMYKDacyK2+lAEKRB/lQORXOxA2yZxzHwUFC0rri7lzQz8Dc3QzrO8AaG/RVc4z/VOS4h3jzHJJwdPSN2iPYm1VtC4=
Ha0b5dTBllQ1KwRviEIgW2aY23SGvl2Ax/ESi/yvY02nOAT9tuT8cQU/T1PLm73tvSVj/hn+uqC8eA3HwInwz9t0J0DVIF+uicNn/SH7oCqTmjL6qwCiHzeEqFO36svHBZeDe2tWtCM=
zT0VD9e/KnZf+8uKrWP4wrLacwjs7XNewEOOHfXVCwq0cgdCWOvwwIRqRF1ZUYrq0Q+2hssjQORApDV/LeCUzu+GkWIfYFWJH8v1KZBUv0Da3M8igvEL7rBFQ9jb2Qlti31vVLQt
1dnnrkYFsbRyPssR31y6FvctNglVOD0TPI8UR9ypi1QRI7M1QvbE406zandPkbVOUz1zkgJdQ0zSCSHT8vfID4ItdbQO
1dnnrkYFsbRyPssR31y6FvctNglVOD0TPI8UR9ypi1QRI7M1QvbE406zandPkbVOUz1zkgJdQ0zSCSHT8vfID4ItdbQO
