Vr4BH8fsxGpLOE7BYLFY/m2piQE3AJPz7TsBS90cWLuNhvxn1G2+KHB3o+l2T9+CndYxXZ2l5+fcOn+kSFo1gcjM7equqom8byWBCVu5B22jCA==
PX1ez61VX264s/AGpNgUQ79P2TFr20ZWZAtTkTYzbw/5vyu6knEgfGrbIZCjM55ldSmC+4PZmNeHociDwhw4RH5x2VKXxj4yo/1PWwVWeisienjxNVMSV3RyirtOVNdN32Sbqxa4+RfJ6jMfc1dYo8LHKElKoy0=
PX1ez61VX264s/AGpNgUQ79P2TFr20ZWZAtTkTYzbw/5vyu6knEgfGrbIZCjM55ldSmC+4PZmNeHociDwhw4RH5x2VKXxj4yo/1PWwVWeisienjxNVMSV3RyirtOVNdN32Sbqxa4+RfJ6jMfc1dYo8LHKElKoy0=
gFPdSwFsPKSRmvSpkMYLFt/4242Yog+Y1FQMv6lj2N23iAxpRuYQl1yK33QIqlWWz9wNmm76KQzv1eHZG4knfaMY
08WS3S7+kQyp/4R+yUlH2TROsv9j64aQYPvoQCKZgkSxuITW31H1qPSAi95MlYhxBHBtgiq8iAdNo7j1NFQjVz9wNyQCbFJgTWdSS7FqqO4HL7KiDOqvoKPizcTdN/X6rLCVbZ6pYmTxYYk83edn34+bT3Kls9Xnnm8UH86lvKPb
Y1hjPwOARnH1EEvyreNZqTT2+FW7pmre2fVRTaACL1wk9Ctly7Qv0x1/da89uqf3TzeEC7b3/NEGo2E=
B8U1TzPIz1VuVcb7TCYLB4YgOMJxdxrhIlhu8h+NTGC7inBoGUCvRpkU5kiVql+fJYfD68sLo2I=
gFPdSwFsPKSRmvSpkMYLFt/4242Yog+Y1FQMv6lj2N23iAxpRuYQl1yK33QIqlWWz9wNmm76KQzv1eHZG4knfaMY
gFPdSwFsPKSRmvSpkMYLFt/4242Yog+Y1FQMv6lj2N23iAxpRuYQl1yK33QIqlWWz9wNmm76KQzv1eHZG4knfaMY
gFPdSwFsPKSRmvSpkMYLFt/4242Yog+Y1FQMv6lj2N23iAxpRuYQl1yK33QIqlWWz9wNmm76KQzv1eHZG4knfaMY
gFPdSwFsPKSRmvSpkMYLFt/4242Yog+Y1FQMv6lj2N23iAxpRuYQl1yK33QIqlWWz9wNmm76KQzv1eHZG4knfaMY
U79/yBsRInmA7VYfsqib/HM1mRjFp93noeDaZE02kZyGhEg/f/eJC6qevwaHPwDEy7LEWmB9AfUsh/dWcHt+oPQd7CSTlgCcgexvYpFoNtwtZj+bTVtzXxNnowY=
qn5rqhT2Y/W6Fmpw1YlK1Vqx+kifPJNZyHanPHTwpCs591BZNwyE/dZyuDP8LnegWH4dUo8YRU4+LgEoz/HJzQudL3mjHA==
ApIuwa/LSW1sI2Ko8EaGIFqx+kifPJNZyHKlMnTwpCs591BZNwyE/dZyuDP8LnegWH4dU48YRU4+LgEoz/HJzQudL3mjHA==
1heNDHpHobjc5tJedPk3UqESfyABInpHMJIFRoi/yFgLM7N6a7PX/UapSgRVmbVMUS9inwtTQ0LZCzHH+vfID4IteKMf
zMD4aTjIAR45cQL3S/gA4mJOS7XdgKOGIK9KZleW2gtyENF3cTqp9w21fJ0Y1Adtz6QLC0C/KXdZKiN/I9fow/IHmCl6ox0=
RNr3jiAZ8iepxURCT9jNM6ASfyABInpHMJIFRoi/yFgLM7N6a7PX/UapSgRVmbVMUS9inwtTQ0LZCzHH+vfID4IteKMf
Bt5QdBfPwvFHYFl70zvWqqMSfyABInpHMJIFRoi/yFgLM7N6a7PX/UapSgRVmbVMUS9inwtTQ0LZCzHH+vfID4IteKMf
AA+lKoLUWgdY/0VkBse40mFOS7XdgKOGIK9KZleW2gtyENF3cTqp9w21fJ0Y1Adtz6QLC0C/KXdZKiN/I9fow/IHmCl6ox0=
KisiaY08jSidzsiYwGlJOSGzk1qoqC8YJovkxipqLTfz3NBs4S5DYP26/tdUWklmhLfsaE/LL/r3yxPNYqFGJJnRUdzVtx5fN0tHUv3DfSd2fyx/RhVkowM=
u0hc50gvJlxthppZCfI/ymId1ftRYZXbEcBvPnR/Po4LNmaj5mAl7/26JW95Reg1pHTbBTv037MMf2WPDfoXV/+3FKvmN6wxdqMR
b73KF7POMGdn8x9n8hmufpwFinpShUtEvq4hDSOE/4nRUkElUpK3nMVBh6C58gJnOILtBiBPQPjTQ6t6c0OPXc7Z4sQ9ib1sqX/aH3ODeyLRGxkHkkdAb1odYKMH
PZxMWGJwNfnQhHxdTWfJ7Z0FinpShUtEvq4hDSOE/4nRUkElUpK3nMVBh6C58gJnOILtBiBPQPjTQ6t6c0OPXc7Z4sQ9ib1sqX/aH3ODeyLRGxkHkkdAb1odYKMH
0JLs1HJVLETqsF0Wtg90SKYSfyABInpHMJIFRoi/yFgLM7N6a7PX/UapSgRVmbVMUS9inwtTQ0LZCzHH+vfID4IteKMf
Whj2W1qz2IzNyhfiZDC+61T22xliQtOwuG1TRdgOTPqQpvwzi2OwKE53qelsUPnG2tw9ToGl+/fcOn+kSFo1h8/M7equqom8byWBCVu5B22jCA==
7gXCwlrCTWvK1GfF7plSi6ATfyABInpHMJIFRoi/yFgLM7N6a7PX/UapSgRVmbVMUS9hnwtTQ0LZCzHH+vfID4IteKMf
3lN6aroQ0iu/SXaYSwucGaMTfyABInpHMJIFRoi/yFgLM7N6a7PX/UapSgRVmbVMUS9hnwtTQ0LZCzHH+vfID4IteKMf
G7l1KvMlpwGYpr0FPhEmIKETfyABInpHMJIFRoi/yFgLM7N6a7PX/UapSgRVmbVMUS9hnwtTQ0LZCzHH+vfID4IteKMf
ZYbIUgI9AZ8Ot4MzZ1tNymIDyKkVWRVgrMDwWOABk2W0Il6ZxctEBg2cmgJBnDkDH51stPMmwOyh/m9ysRj2bE32vwut6zOvM3ejFg==
5qGrGuKmRHt1gocS2OcIM6ESfyABInpHMJIFRoi/yFgLM7N6a7PX/UapSgRVmbVMUS9hnwtTQ0LZCzHH+vfID4IteKMf
J8pfvrrTqdL2l/3hR25B92JOS7XdgKOGIK9KZleW2gtyENF3cTqp9w21fJ0Y1Adtz6QLC0O/KXdZKiN/I9fow/IHmCl6ox0=
MDjISSSDllLK+au3aLheRaASfyABInpHMJIFRoi/yFgLM7N6a7PX/UapSgRVmbVMUS9hnwtTQ0LZCzHH+vfID4IteKMf
WeaFY3B0Ml5rYr699rtx6qMSfyABInpHMJIFRoi/yFgLM7N6a7PX/UapSgRVmbVMUS9hnwtTQ0LZCzHH+vfID4IteKMf
DFZOIZCLY37//nuVQYsEb2FOS7XdgKOGIK9KZleW2gtyENF3cTqp9w21fJ0Y1Adtz6QLC0O/KXdZKiN/I9fow/IHmCl6ox0=
2hJLFnaZkhDLfamI8EKUqyGzk1qoqC8YJovkxipqLTfz3NBs4S5DYP26/tdUWklmhLfsaE/LL/r3yxPNYqFGJJnRUdzVtx1fN0tHUv3DfSd2fyx/RhVkowM=
B8tfJCOAADex+td7pcMZJWId1ftRYZXbEcBvPnR/Po4LNmaj5mAl7/26JW95Reg1pHTbBTv037MPf2WPDfoXV/+3FKvmN6wxdqMR
G6cOioTuo5Fg9cY0g0SLiJwFinpShUtEvq4hDSOE/4nRUkElUpK3nMVBh6C58gJnOILtBiBPQPjTQ6t6c0OPXc7Z4sQ9ib1sqX/ZH3ODeyLRGxkHkkdAb1odYKMH
Bm83nssg8YPReYp/TNDa7Z0FinpShUtEvq4hDSOE/4nRUkElUpK3nMVBh6C58gJnOILtBiBPQPjTQ6t6c0OPXc7Z4sQ9ib1sqX/ZH3ODeyLRGxkHkkdAb1odYKMH
voksy732iz65YwzNZlxKdqYSfyABInpHMJIFRoi/yFgLM7N6a7PX/UapSgRVmbVMUS9hnwtTQ0LZCzHH+vfID4IteKMf
/kxLtM/OWSuSIWEuELt8jVT22xliQtOwuG1TRdgOTPqQpvwzi2OwKE53qelsUPnG2tw9ToGl+/fcOn+kSFo1hM/M7equqom8byWBCVu5B22jCA==
7gXCwlrCTWvK1GfF7plSi6ATfyABInpHMJIFRoi/yFgLM7N6a7PX/UapSgRVmbVMUS9hnwtTQ0LZCzHH+vfID4IteKMf
3lN6aroQ0iu/SXaYSwucGaMTfyABInpHMJIFRoi/yFgLM7N6a7PX/UapSgRVmbVMUS9hnwtTQ0LZCzHH+vfID4IteKMf
G7l1KvMlpwGYpr0FPhEmIKETfyABInpHMJIFRoi/yFgLM7N6a7PX/UapSgRVmbVMUS9hnwtTQ0LZCzHH+vfID4IteKMf
ZYbIUgI9AZ8Ot4MzZ1tNymIDyKkVWRVgrMDwWOABk2W0Il6ZxctEBg2cmgJBnDkDH51stPMmwOyh/m9ysRj2bE32vwut6zOvM3ejFg==
5qGrGuKmRHt1gocS2OcIM6ESfyABInpHMJIFRoi/yFgLM7N6a7PX/UapSgRVmbVMUS9hnwtTQ0LZCzHH+vfID4IteKMf
J8pfvrrTqdL2l/3hR25B92JOS7XdgKOGIK9KZleW2gtyENF3cTqp9w21fJ0Y1Adtz6QLC0O/KXdZKiN/I9fow/IHmCl6ox0=
MDjISSSDllLK+au3aLheRaASfyABInpHMJIFRoi/yFgLM7N6a7PX/UapSgRVmbVMUS9hnwtTQ0LZCzHH+vfID4IteKMf
WeaFY3B0Ml5rYr699rtx6qMSfyABInpHMJIFRoi/yFgLM7N6a7PX/UapSgRVmbVMUS9hnwtTQ0LZCzHH+vfID4IteKMf
DFZOIZCLY37//nuVQYsEb2FOS7XdgKOGIK9KZleW2gtyENF3cTqp9w21fJ0Y1Adtz6QLC0O/KXdZKiN/I9fow/IHmCl6ox0=
2hJLFnaZkhDLfamI8EKUqyGzk1qoqC8YJovkxipqLTfz3NBs4S5DYP26/tdUWklmhLfsaE/LL/r3yxPNYqFGJJnRUdzVtx1fN0tHUv3DfSd2fyx/RhVkowM=
B8tfJCOAADex+td7pcMZJWId1ftRYZXbEcBvPnR/Po4LNmaj5mAl7/26JW95Reg1pHTbBTv037MPf2WPDfoXV/+3FKvmN6wxdqMR
G6cOioTuo5Fg9cY0g0SLiJwFinpShUtEvq4hDSOE/4nRUkElUpK3nMVBh6C58gJnOILtBiBPQPjTQ6t6c0OPXc7Z4sQ9ib1sqX/ZH3ODeyLRGxkHkkdAb1odYKMH
Bm83nssg8YPReYp/TNDa7Z0FinpShUtEvq4hDSOE/4nRUkElUpK3nMVBh6C58gJnOILtBiBPQPjTQ6t6c0OPXc7Z4sQ9ib1sqX/ZH3ODeyLRGxkHkkdAb1odYKMH
voksy732iz65YwzNZlxKdqYSfyABInpHMJIFRoi/yFgLM7N6a7PX/UapSgRVmbVMUS9hnwtTQ0LZCzHH+vfID4IteKMf
/kxLtM/OWSuSIWEuELt8jVT22xliQtOwuG1TRdgOTPqQpvwzi2OwKE53qelsUPnG2tw9ToGl+/fcOn+kSFo1hM/M7equqom8byWBCVu5B22jCA==
7gXCwlrCTWvK1GfF7plSi6ATfyABInpHMJIFRoi/yFgLM7N6a7PX/UapSgRVmbVMUS9hnwtTQ0LZCzHH+vfID4IteKMf
3lN6aroQ0iu/SXaYSwucGaMTfyABInpHMJIFRoi/yFgLM7N6a7PX/UapSgRVmbVMUS9hnwtTQ0LZCzHH+vfID4IteKMf
G7l1KvMlpwGYpr0FPhEmIKETfyABInpHMJIFRoi/yFgLM7N6a7PX/UapSgRVmbVMUS9hnwtTQ0LZCzHH+vfID4IteKMf
ZYbIUgI9AZ8Ot4MzZ1tNymIDyKkVWRVgrMDwWOABk2W0Il6ZxctEBg2cmgJBnDkDH51stPMmwOyh/m9ysRj2bE32vwut6zOvM3ejFg==
xL2L5yXn20XK/LdzmDjAbVqx+kifPJNZyHKlMnTwpCs591BZNwyE/dZyuDP8LnegWH4dUY8YRU4+LgEoz/HJzQudL3mjHA==
+9vRBWBg0yIh96Ez2Fh5plqx+kifPJNZyHanPHTwpCs591BZNwyE/dZyuDP8LnegWH4dUY8YRU4+LgEoz/HJzQudL3mjHA==
zos98BU3eNVFSYtjlfcKP5dW/wLJQ/Agt/t9Y47JX////zl11i4dZHk0Y7VjFLdDhv/tP6VazycH98z73heEIX6jGQ==
Q1FcfsGXpcb9Bf4RjYFxvZAnVndW43+fYmhmUrrMWyCS/R/6k3pFUlrSoZzJwlJmeDlDDaFF7kxfkAu1+Hq/8BR8fGcJGwj1t6DcEeY+YL+c4m+saJKF/U80XaKOopnkr/0Rgbtxd1WjMA==
NArtqv+VxUYryefm3zgKXTfV4vL36NM2V8nVOpp5U2epHx8aHX/Ntemwg0BOVRSlRuRRb28l1JRBTSVcOzqu3ahyWBdPYmB6teI6BHXZVcwx70Cf6xPjwnlL0cfaN2iPYm1Yoz8=
+VuPqslCHsuPDzPrAOvXJ/aEJ1eNrSoBhh6IHc/VDwesVF1eWt65kPkuSkoYFZvhkQm2gJ9cU/lIlmdcdNDki7mXkHk3LESdVtL4E/xOt0DY3t0xj/gF7r5OQcjP0Qlti31vWaM8
O6vEnelz2zvaCc+h19TYpRd+YCxRRiViWuLBrAkSMvb4qeNdYbXOPF9gK8W4qh9glOycN0kr6MW3kDwhpm6ALxxyz3wo4qUNT0R9Uk7yOXQvbXFRe0EXZaMA
S3IvYIBjvxx8ITTP2Bsg9ippy9cvmVEZQ08tZlrmybgZBhoS2M3LiTHhBvgfpOOR6H63BDQINKPZv2BBNxS0tTb6KMu8FmeoeLZtyQ+AtQYeJhEQD4lZRWtVH2GjBA==
DZ1B2tC/8k0OsmEAhbFOYANa5PIeq3ADdE8tZlrmybgZBhoS2M3LiTHhBvgfpOOR6H63BDQINKPZv2BBNxS0tTb6KMu8FmeoeLZtyQ+AtQYeJhEQD4lZRWtVH2GjBA==
+sS2CZ7tR+EAyig2mb/+yL9P2TFr20ZWZAtTkTYzbw/5vyu6knEgfGrbIZCjM55ldSmC+4PZmNeHociDwhw4RH5x2VKXxj4yo/1PWwVWeisienjxNVMSV3RyirtOVNdN32SbqxK/+RfJ6jMfc1dYo8LHKElKoy0=
kpESsb0J1qj0bOhm5jm8DzT2+FW7pmre2fVRTaACL1wk9Ctly7Qv0xV7da49uqf3TzeEC7b3/NEGo2E=
QhqNG8OO4krGeds7gNhXVIYgOMJxdxrhIlhu8h+NTGC7inBoGUirRpgU5kiVql+fJYfD68sLo2I=
oVw8IJcM5wr6ZNsCUUSoSWJfBy+blVWw1Ncyqb1Xc4LEAeju1NaeWq3mucA0I64xdZm30NY/3yhSiNk9ITH506PXvfX75o38xb7YrKPwR8wPSrfBGUisu7245PPRgJ06vu6p/dgix+wsNKM1oxT3w0z7rbNlWo+nx/eMex4XxKG+o9k=
/wC7YOvF64GtW6BaKZJXjzT2+FW7pmre2fVRTaACL1wk9Ctly7Qv0x16daM9uqf3TzeEC7b3/NEGo2E=
edRz4N+Zaz6FvOowyveMsoYgOMJxdxrhIlhu8h+NTGC7inBoGUCqRpUU5kiVql+fJYfD68sLo2I=
AdOgG9qvl05BoZY7xhhaPtG70I+EsA6KxURPr7Y22NeMyQs5SvgaglyK33QIqlWWytwBmm76KQzv1eHZG4knfaMY
pq/y7uRWKd/VX5pz8jBbp2JfBy+blVWw1Ncyqb1Xc4LEAeju1NaeWq3mucA0I64xdZm30NY/3yhSiNk9ITH506PXvfX75o38xb7YrKPwR8wPSrfBGUisu7245PPRgJ06vu6p/dgix+wsNKM1oxT3w0X7rblkWo+nx/eMex4XxKG+o9k=
wke9C5XptjJLlf/7UbQnEjT2+FW7pmre2fVRTaACL1wk9Ctly7Qv0xx7dak8uqf3TzeEC7b3/NEGo2E=
jU3mu64IauPAO9J31xacSIYgOMJxdxrhIlhu8h+NTGC7inBoGUGrRp8V5kiVql+fJYfD68sLo2I=
ztqPhcp/M1opELUr1yTdZ9G70I+EsA6KxURPr7Y22NeMyQs5SvgaglyK33QIqlWXy9wLm276KQzv1eHZG4knfaMY
/8xyvKBbTiEdadJjdlRYd1qx+kifPJNZyHKlMnTwpCs591BZNwyE/dZyuDP8LnegWH4dVIsYQ08+LgEoz/HJzQudL3mjHA==
xbok2y8nDDDeC4dz/1b1CNPMwr7RZHzz7tEz7SK99ce1GB94vX45KytImsSN2cjzKWhaPqjLFmft/3reANGYuodSRSUs+t62huqkCB0AuaQJcYEchZcJWyctlpKto+2nxh+cv3Z1VKMz
8yBngQW7xRuprHxR2MErKdPMwr7RZH/z7tEz7SK99ce1GB94vX45KytImsSN2cjzKWhaPqjLFmft/3reANGYuYdSRSUs+t62huqkCB0AuaQJcYEchZcJWyctlpKto+2nxh+cv3Z1VKMz
UP5Ly/xIN8Una37Gpp41iOVEncJnCC8ZnXRscmgIYoc5IDXflRc6dklnWBYSJnaU5a7olYfucE7yBfK7tJAzeuQIPNni6qm1kHJaNgJiGJhxuF1ErSntrFlfzRtjZUpigfuJh+LnsK8KfVCjNw==
PJ07ntoN9E4p7GheOx0BtLLacwjs7XpA3wefFunCBhaFQwBQf43ioPclXwlJFZvhzRi7mvoSR/ZnwlQQQ/Pk1LGHgHMWaVTNVM7yDPxOt0DY3t00i/gD775OQcjP0Qlti31vWaM8
VKHGIMoT/oBw2StDA165OxUEv+8aUqbz+NWFqWKL9/6Fmew85+kckbO0VNRaP+WEITtpl7LHl0QbXg8Daws/YAIxMqUl+besrRlKhUd/YT4IPjkR5CFWt6jXbKiGTkygO8pwqJkGqwYf1eYIFWpfX6XHwytLS6Mi
O52zqMCGgcSFZmmioK1TcN7fEUthsDF1GzjOiCu93SgjQU1CzghhoJgHH/QkbQEXCFs6P4Tdx+CIiJuUzQeu4xFHx7VcCQc/awI9BQQKxraemowo5dDx5EHBWfwtB3Hbn71+MvXTpWcOz6TfHkVMoys=
eQMag7fzTJSqlYaR/M5InV9Cv01iAHuF0ia31j4ss6NK3yNSugj3/cB7MBlW0eC52KL00U1MICU6rTcjS4fGTibT4tXyuZSMkX+QexZhRDV0loJEPIYHGLhmTbwLcJNXXpbxgI8Z+bWrBX9RozQ=
YqrAcw0wDwNt2Vtv8ndeZ19Cv01iAHuF0ia31j4ss6NK3yNSugj3/cB9MBlW0eC7g/e1k1xBOhIrtiIgH4vQTjPV1YevqJSMkX+QexZhRDV0loJEPIYHGLhmTbwLcJNXXpbxgI8Z+bWrBX9RozQ=
1zktODqtQSMHGk7YV2zuJL2z5pxai8JtFi96wFN0nlIvGdIpt+Aqhnt3SPu1m9ZPXCAgNEBDPeKMz9ILk0ErORq0/mW2p6F3WEZZOdQ5Vr+470zA9hYMaOsykAApniuOj21G4OWynxf1v6MDe1OjKg==
OnoJ5V8GTH+uxhpKYu8rHr2z5pxai8NtFi96wFN0nlIvGdIpt+Aqhnt3SPu1m9ZPXCEgNEBDPeKMz9ILk0ErORq0/mW2p6N3WEZZOdQ5Vr+470zA9hYMaOsykAApniuOj21G4OWynxf1v6MDe1OjKg==
g4LR9U509pIK2iBgNCQdrC0OrizDEEgIFwvKIV2xG8ypyQbGk7/MoWczGBFSgdyhrpHNTamqQ5UBU68JO7vKjoudYqYQdki26jDT3PfUJ61vJOvLJ7sJMfiqQ7/D18gDkod4aVqjPQ==
CPmpfTbkJ1A/YJsfQozn9F9Cv01iAHuF0n3izCknqbJn3w9Esg3/3YkIQwprha//16P00U1MICU6rTcjS4fGTibT4tXzuJSMkX+QexZhRDV0loJEPIYHGLhmTbwLcJNXXpbxgI8Z+bWrBX9RozQ=
sfuxspc0ygZCWxfC/dF09lqx+kifPJNZyHKlMnTwpCs591BZNwyE/dZyuDP8LnegWH4dVYsYQ08+LgEoz/HJzQudL3mjHA==
cBvy5UmfOdxyAbMlXXXyqhUEv+8aUqbz+NWFqWKL9/6Fmew85+kckbO0VNRaP+WEITtpl7LHl0QbXg8Daws/YAIxMqUl+besrRlKhUd/YT4IPjkR5CFWt6jXbKiGTkygO8pwqJkHqwYf1eYIFWpfX6XHwytLS6Mi
GQfv2Hy+xCcKf5lWRuEhbNPMwr7RZH/z7tEz7SK99ce1GB94vX45KytImsSN2cjzKWhaPqjLFmft/3reANGYuYdSRSUs+t62huqkCB0AuaQJcYEchZcIWyctlpKto+2nxh+cv3Z1VKMz
LP6C66wZnjb4lyyLShtfuuVEncJnCC8ZnXRscmgIYoc5IDXflRc6dklnWBYSJnaU5a7olYfucE7yBfK7tJAzeuQIPNni6qm1kHJaNgJiGJhxuF1ErSntrFlfzBtjZUpigfuJh+LnsK8KfVCjNw==
IgVWa4k6ANcvwTsFHY4zlL2z5pxai8JtFi96wFN0nlIvGdIpt+Aqhnt3SPu1m9ZPXCAgNEBDPeKMz9ILk0ErORq0/mW2p6F3WEZZOdQ5Vr+470zA9hYMaOsykAApnyuOj21G4OWynxf1v6MDe1OjKg==
Gy0Ez6uvPNCb3qPkOkqcLbLacwjs7XpA3wefFunCBhaFQwBQf43ioPclXwlJFZvhzRi7mvoSR/ZnwlQQQ/Pk1LGHgHMWaVTNVM7yDPxOt0DY3t01i/gD775OQcjP0Qlti31vWaM8
s/AMPFIFaKUmuJGHlrIeY19Cv01iAHuF0ia31j4ss6NK3yNSugj3/cB9MBlW0eC7g/e1k1xBOhIrtiIgH4vQTjPV1YevqJSMkX+QexZhRDV0loJEPIYHGLhmTb0LcJNXXpbxgI8Z+bWrBX9RozQ=
bFE82YbvKp8TWCr5NoeL9NPMwr7RZHzz7tEz7SK99ce1GB94vX45KytImsSN2cjzKWhaPqjLFmft/3reANGYuodSRSUs+t62huqkCB0AuaQJcYEchZcIWyctlpKto+2nxh+cv3Z1VKMz
n0LpCiIpc7+Haz3Yz+eTtC0OrizDEEgIFwvKIV2xG8ypyQbGk7/MoWczGBFSgdyhrpHNTamqQ5UBU68JO7vKjoudYqYQdki26jDT3PfUJ61vJOvLJrsJMfiqQ7/D18gDkod4aVqjPQ==
qMZMCQ3IXc8oXI0gMEQID97fEUthsDF1GzjOiCu93SgjQU1CzghhoJgHH/QkbQEXCFs6P4Tdx+CIiJuUzQeu4xFHx7VcCQc/awI9BQQKxraemowo5dDx5EHBWfwtB3Dbn71+MvXTpWcOz6TfHkVMoys=
1uXoKxOBsFMYaES7xTzim19Cv01iAHuF0ia31j4ss6NK3yNSugj3/cB7MBlW0eC52KL00U1MICU6rTcjS4fGTibT4tXyuZSMkX+QexZhRDV0loJEPIYHGLhmTb0LcJNXXpbxgI8Z+bWrBX9RozQ=
+B9vflUKbGc6k1BUdhtqS72z5pxai8NtFi96wFN0nlIvGdIpt+Aqhnt3SPu1m9ZPXCEgNEBDPeKMz9ILk0ErORq0/mW2p6N3WEZZOdQ5Vr+470zA9hYMaOsykAApnyuOj21G4OWynxf1v6MDe1OjKg==
dYrYzBax9KLywmlxENqs0l9Cv01iAHuF0n3izCknqbJn3w9Esg3/3YkIQwprha//16P00U1MICU6rTcjS4fGTibT4tXzuJSMkX+QexZhRDV0loJEPIYHGLhmTb0LcJNXXpbxgI8Z+bWrBX9RozQ=
sfuxspc0ygZCWxfC/dF09lqx+kifPJNZyHKlMnTwpCs591BZNwyE/dZyuDP8LnegWH4dVYsYQ08+LgEoz/HJzQudL3mjHA==
sfuxspc0ygZCWxfC/dF09lqx+kifPJNZyHKlMnTwpCs591BZNwyE/dZyuDP8LnegWH4dVYsYQ08+LgEoz/HJzQudL3mjHA==
sfuxspc0ygZCWxfC/dF09lqx+kifPJNZyHKlMnTwpCs591BZNwyE/dZyuDP8LnegWH4dVYsYQ08+LgEoz/HJzQudL3mjHA==
oYZJyfy+M31kmG4QE57VI9wQhTciQTjkAUEZ/O2HsNvfPb4yNVPlZ05PZN/exQyjaw==
zUEitQM5hykv7QlVvTqHdDT2+FW7pmre2fVRTaACL1wk9Ctly7Qv0xp7dak8uqf3TzeEC7b3/NEGo2E=
tYbT4hMhaipbDuPIDrcL2IYgOMJxdxrhIlhu8h+NTGC7inBoGUerRp8V5kiVql+fJYfD68sLo2I=
chRHb5SBAwjxyUZQnThqnHM1mRjFp93noeDaZE02kZyGhEg/f/eJC6qevwaHPwDAybzEWmB9AfUsh/dWcHt+oPQd7CSTlgCcgetrYpdpNtwtZj+bTVtzXxNnowY=
TNekX0eR1RvIWGcfJOMs2QNa5PIeq3ADdE8tZlrmybgZBhoS2M3LiTHhBvgfpOOR6Hq1CjQINKPZv2BBNxS0tTb6KMu8FmeoeLZtzQuAswceJhEQD4lZRWtVH2GjBA==
V3mKbn2FzuYRzrpzfXcEhippy9cvmVEZQ08tZlrmybgZBhoS2M3LiTHhBvgfpOOR6Hq1CjQINKPZv2BBNxS0tTb6KMu8FmeoeLZtzQuAswceJhEQD4lZRWtVH2GjBA==
T3acLIeMJgwA385wNCh0Ehd+YCxRRiViWuLBrAkSMvb4qeNdYbXOPF9gK8W4rh1ulOycN0kr6MW3kDwhpm6ALxxyz3wo4qUJS0R7U07yOXQvbXFRe0EXZaMA
fXi9Cdw1VDq31NxBaKVSivaEJ1eNrSoBhh6IHc/VDwesVF1eWt65kPkuSkoYFZvhkQm2gJ9cU/lIkmVSdNDki7mXkHk3LESdVtL4E/xOt0DY3t01i/gD775OQcjP0Qlti31vWaM8
mwGWlHRht8rAGMtNksnQTjfV4vL36NM2V8nVOpp5U2epHx8aHX/Ntemwg0BOVRSlRuRRb28l1JRFTytcOzqu3ahyWBdPYmB6teI6BHXZVcwx70Sb6xXiwnlL0cfaN2iPYm1Yoz8=
2TwdsXEoJcclb65EQXrBZZAnVndW43+fYmhmUrrMWyCS/R/6k3pFUlrSoZzJwlJmeDlDDaFF7kxfkAu1+H69/hR8fGcJGwj1t6DcEeY+YL+c4m+saJKF+Us0W6OOopnkr/0Rgbtxd1WjMA==
TtfGaZ16VnovhQ8yyXdjC+3Gqw31jDM+uon+BXMQWs7wtWUvJQdpky/bDlCkP+wtk6yVAxsnDAn68zVKXpu4hRL0S6VrNI+T+ntVaVw6xzdvN2RLVndcEWajAQ==
