bjj0N1tdO1bqBq89Anit3Q7Ow/1RR6Sv2kZhW3yMiO5zvmY5PIzzKSzCiIJy1wD6/NAlt5mYKZc7ibl+T1WH2Lf13rlekJdzJ48EX74Ffa4I
le8DYAjiBTYCA/OjsATe+Gh0k9Ui5K+E/boqLCINSE0W+2ZujZyL2s0j9bw7J76z+AJzT1idlMb0iOSf2fy+37H/cqmFX23z0jqF/eP9FDtWcftFKlU/WJF5XF455F+wGoyvMojg6z/1NSJqWyip3cstT1iuLw==
le8DYAjiBTYCA/OjsATe+Gh0k9Ui5K+E/boqLCINSE0W+2ZujZyL2s0j9bw7J76z+AJzT1idlMb0iOSf2fy+37H/cqmFX23z0jqF/eP9FDtWcftFKlU/WJF5XF455F+wGoyvMojg6z/1NSJqWyip3cstT1iuLw==
XM/sgi6blFxy5RMqoB9UzBHwceNAc3KpuDEXxJ2rN7XGfkhz0iuOF6vpST6fdbffxxWOee4wB/PX79QfjiVtrhg=
9ZbIahiIMjo+PZn+LdtCwtY6Nat6DAThYXnA4k8a5hIEIDp191IAXSogcuE7J8G1wt42nwo/v/QZA0mJ6p2X/7L04Mergqab7JqYF+h3LMHuYD2TNHp/PTcMRwnsJVwKW3GOcFq64wKDYtIyG5gvdme9jVtGMAtule/jM1tSrtk=
uLvW2QTza8Bu2o/AyPtB8s7RUkHLkaU+ij8oliEVVX1vSIfcqgD3Pk9sszPFWfpGO4Qxsfvh1xSuYw==
NooAsCMCFAnPbqr8StgI8Y9d8kREad3BNHTEIZs7jcWfZlk5Qb8xmQjheJyhQ5EjgsfoyRuubg==
XM/sgi6blFxy5RMqoB9UzBHwceNAc3KpuDEXxJ2rN7XGfkhz0iuOF6vpST6fdbffxxWOee4wB/PX79QfjiVtrhg=
XM/sgi6blFxy5RMqoB9UzBHwceNAc3KpuDEXxJ2rN7XGfkhz0iuOF6vpST6fdbffxxWOee4wB/PX79QfjiVtrhg=
XM/sgi6blFxy5RMqoB9UzBHwceNAc3KpuDEXxJ2rN7XGfkhz0iuOF6vpST6fdbffxxWOee4wB/PX79QfjiVtrhg=
XM/sgi6blFxy5RMqoB9UzBHwceNAc3KpuDEXxJ2rN7XGfkhz0iuOF6vpST6fdbffxxWOee4wB/PX79QfjiVtrhg=
K8PgEnc72AwxrS7eB/EfRfrAoBn2jzM/4JazGXkAHcm/smU4IR0iiWTBSwTja+I3iLmCFVUsDx/t9RxKWpuQjzSHUa1rNo2B7X9dYVwxzDR9I21LVndcEXeuAg==
ce5e6A0VxumjRzb9X4wFY/ctNglVOD0TPIsWSdypi1QRI7M1QvbE406zandPkbVOUz1znwNdQknSCCPT8/fID4Itaa4c
VG/truDjc15ItC848UVyjvctNglVOD0TPI8UR9ypi1QRI7M1QvbE406zandPkbVOUz1znwNdQknSCCPT8/fID4Itaa4c
OGEuTIuhGfTlXWchRMufGEw7P8skqSmS7OYRH9DlbjEOld5OULYQJEZ+T2arjmJGI2Tv8i+xXc8eLOvK/cMThyNurh0=
9T5HIlvQChZukdcwzGZCPH3w0F6faYAXgTiwMGHtpCs260JTHgyU6NhuugifNH+gWnwPQo8QS081JQI62/jJzQudL2iuHw==
vs0Yx1RXeSYq5vazEU82aE07P8skqSmS7OYRH9DlbjEOld5OULYQJEZ+T2arjmJGI2Tv8i+xXc8eLOvK/cMThyNurh0=
UOlGXLztaBbRjxhOzCWp5047P8skqSmS7OYRH9DlbjEOld5OULYQJEZ+T2arjmJGI2Tv8i+xXc8eLOvK/cMThyNurh0=
Pa/PknKg8bVJBv3+22tzlX7w0F6faYAXgTiwMGHtpCs260JTHgyU6NhuugifNH+gWnwPQo8QS081JQI62/jJzQudL2iuHw==
0OOYEEoNPyHQINijMDjICePD+K/z4tpyWCzBobx4aBmXwfncYMv/l9wtmT6kEjEjyIG+faYBXtLo8uBITkovmvMq8srLMK8uV7Vt49ZYS3ZlJ0NLC3quAQ==
IDPNba+75Y7Eeeg9vrPjYFUhp5RKwwIEXyVYWzGU6NwBATyHhmfa356ADGRowiLk/9gnDOow1w5PXJMDBQla1rsU0eE7kTdkrhM=
zuSLJGjdjcBdnKm9Flpt3yYziATcsfy14eDQY1E31oqTlEAPOuvCCKCgv1OUcUmK3L7RR2B9Duk+jd5WYG5wvPYmjz6blgKek/xvap9pPdcudCuSTVtzXxN2rgU=
igHqGnen+6RtI0/+LToRyScziATcsfy14eDQY1E31oqTlEAPOuvCCKCgv1OUcUmK3L7RR2B9Duk+jd5WYG5wvPYmjz6blgKek/xvap9pPdcudCuSTVtzXxN2rgU=
4xwMCukjNSk7M6K+JiorSEs7P8skqSmS7OYRH9DlbjEOld5OULYQJEZ+T2arjmJGI2Tv8i+xXc8eLOvK/cMThyNurh0=
7TfQkddPYWsvNJFj+qBfkjeRkeUEBeTsjxAzVXmenK9unmZtY4L9KRLCgoJoyCa+u9oppIWYNYc7ibl+T1WH37f13rlekJdzJ48EX74Ffa4I
jeDZfr8I3fk4ScyFOONz8006P8skqSmS7OYRH9DlbjEOld5OULYQJEZ+T2arjmJGI2Tv8i+xXc8eLOvK/cMThyNurh0=
aYy1RGbxukfjFOB82H9z6046P8skqSmS7OYRH9DlbjEOld5OULYQJEZ+T2arjmJGI2Tv8i+xXc8eLOvK/cMThyNurh0=
FfZn4vXJxHs5xSONknSFLkw6P8skqSmS7OYRH9DlbjEOld5OULYQJEZ+T2arjmJGI2Tv8i+xXc8eLOvK/cMThyNurh0=
Qcebtz725tJUJ70zSk4vKBZq663UHMAv1g6ODbsytelaErqigLg+vqMqQYS9yP3H8znhnifFP19PZXYZBmDfs+/f/D+WNWWuEA==
OGEuTIuhGfTlXWchRMufGEw7P8skqSmS7OYRH9DlbjEOld5OULYQJEZ+T2arjmJGI2Tv8i+xXc8eLOvK/cMThyNurh0=
vs0Yx1RXeSYq5vazEU82aE07P8skqSmS7OYRH9DlbjEOld5OULYQJEZ+T2arjmJGI2Tv8i+xXc8eLOvK/cMThyNurh0=
UOlGXLztaBbRjxhOzCWp5047P8skqSmS7OYRH9DlbjEOld5OULYQJEZ+T2arjmJGI2Tv8i+xXc8eLOvK/cMThyNurh0=
0OOYEEoNPyHQINijMDjICePD+K/z4tpyWCzBobx4aBmXwfncYMv/l9wtmT6kEjEjyIG+faYBXtLo8uBITkovmvMq8srLMK8uV7Vt49ZYS3ZlJ0NLC3quAQ==
IDPNba+75Y7Eeeg9vrPjYFUhp5RKwwIEXyVYWzGU6NwBATyHhmfa356ADGRowiLk/9gnDOow1w5PXJMDBQla1rsU0eE7kTdkrhM=
zuSLJGjdjcBdnKm9Flpt3yYziATcsfy14eDQY1E31oqTlEAPOuvCCKCgv1OUcUmK3L7RR2B9Duk+jd5WYG5wvPYmjz6blgKek/xvap9pPdcudCuSTVtzXxN2rgU=
igHqGnen+6RtI0/+LToRyScziATcsfy14eDQY1E31oqTlEAPOuvCCKCgv1OUcUmK3L7RR2B9Duk+jd5WYG5wvPYmjz6blgKek/xvap9pPdcudCuSTVtzXxN2rgU=
4xwMCukjNSk7M6K+JiorSEs7P8skqSmS7OYRH9DlbjEOld5OULYQJEZ+T2arjmJGI2Tv8i+xXc8eLOvK/cMThyNurh0=
7TfQkddPYWsvNJFj+qBfkjeRkeUEBeTsjxAzVXmenK9unmZtY4L9KRLCgoJoyCa+u9oppIWYNYc7ibl+T1WH37f13rlekJdzJ48EX74Ffa4I
jeDZfr8I3fk4ScyFOONz8006P8skqSmS7OYRH9DlbjEOld5OULYQJEZ+T2arjmJGI2Tv8i+xXc8eLOvK/cMThyNurh0=
aYy1RGbxukfjFOB82H9z6046P8skqSmS7OYRH9DlbjEOld5OULYQJEZ+T2arjmJGI2Tv8i+xXc8eLOvK/cMThyNurh0=
FfZn4vXJxHs5xSONknSFLkw6P8skqSmS7OYRH9DlbjEOld5OULYQJEZ+T2arjmJGI2Tv8i+xXc8eLOvK/cMThyNurh0=
Qcebtz725tJUJ70zSk4vKBZq663UHMAv1g6ODbsytelaErqigLg+vqMqQYS9yP3H8znhnifFP19PZXYZBmDfs+/f/D+WNWWuEA==
J0vEkPzJjExE8ucusNAomaICD28adnpdb5oJScb6zlIUILI+L7LV9EmgYWdPkbVOUz1znwNdQknSCCPT8/fID4Itaa4c
Rhf/v+O7p+XmpLCNzsy+9qMCD28adnpdb5oJScb6zlIUILI+L7LV9EmgYWdPkbVOUz1znwNdQknSCCPT8/fID4Itaa4c
OGEuTIuhGfTlXWchRMufGEw7P8skqSmS7OYRH9DlbjEOld5OULYQJEZ+T2arjmJGI2Tv8i+xXc8eLOvK/cMThyNurh0=
vs0Yx1RXeSYq5vazEU82aE07P8skqSmS7OYRH9DlbjEOld5OULYQJEZ+T2arjmJGI2Tv8i+xXc8eLOvK/cMThyNurh0=
UOlGXLztaBbRjxhOzCWp5047P8skqSmS7OYRH9DlbjEOld5OULYQJEZ+T2arjmJGI2Tv8i+xXc8eLOvK/cMThyNurh0=
0OOYEEoNPyHQINijMDjICePD+K/z4tpyWCzBobx4aBmXwfncYMv/l9wtmT6kEjEjyIG+faYBXtLo8uBITkovmvMq8srLMK8uV7Vt49ZYS3ZlJ0NLC3quAQ==
IDPNba+75Y7Eeeg9vrPjYFUhp5RKwwIEXyVYWzGU6NwBATyHhmfa356ADGRowiLk/9gnDOow1w5PXJMDBQla1rsU0eE7kTdkrhM=
zuSLJGjdjcBdnKm9Flpt3yYziATcsfy14eDQY1E31oqTlEAPOuvCCKCgv1OUcUmK3L7RR2B9Duk+jd5WYG5wvPYmjz6blgKek/xvap9pPdcudCuSTVtzXxN2rgU=
igHqGnen+6RtI0/+LToRyScziATcsfy14eDQY1E31oqTlEAPOuvCCKCgv1OUcUmK3L7RR2B9Duk+jd5WYG5wvPYmjz6blgKek/xvap9pPdcudCuSTVtzXxN2rgU=
4xwMCukjNSk7M6K+JiorSEs7P8skqSmS7OYRH9DlbjEOld5OULYQJEZ+T2arjmJGI2Tv8i+xXc8eLOvK/cMThyNurh0=
7TfQkddPYWsvNJFj+qBfkjeRkeUEBeTsjxAzVXmenK9unmZtY4L9KRLCgoJoyCa+u9oppIWYNYc7ibl+T1WH37f13rlekJdzJ48EX74Ffa4I
jeDZfr8I3fk4ScyFOONz8006P8skqSmS7OYRH9DlbjEOld5OULYQJEZ+T2arjmJGI2Tv8i+xXc8eLOvK/cMThyNurh0=
aYy1RGbxukfjFOB82H9z6046P8skqSmS7OYRH9DlbjEOld5OULYQJEZ+T2arjmJGI2Tv8i+xXc8eLOvK/cMThyNurh0=
FfZn4vXJxHs5xSONknSFLkw6P8skqSmS7OYRH9DlbjEOld5OULYQJEZ+T2arjmJGI2Tv8i+xXc8eLOvK/cMThyNurh0=
Qcebtz725tJUJ70zSk4vKBZq663UHMAv1g6ODbsytelaErqigLg+vqMqQYS9yP3H8znhnifFP19PZXYZBmDfs+/f/D+WNWWuEA==
e/fgRm/QvURJHdUwM8btcfctNglVOD0TPI8UR9ypi1QRI7M1QvbE406zandPkbVOUz1zngNdQknSCCPT8/fID4Itaa4c
S5Q729djNk8J4ZwhPonnzfctNglVOD0TPIsWSdypi1QRI7M1QvbE406zandPkbVOUz1zngNdQknSCCPT8/fID4Itaa4c
nAorq4Kw6cHA5ABI/2ycZdG70I+EsA6KxURPr7Y22NeUzQh2D/EfrTqQ13QKqEeGztQDm2XxKh773OHZG4knbK4b
HKxA6N7Rl4fIz5zcLbIzPJGTh++VDSi/sMAj8jWL5MeZTjpAn2hSFgF908jXnZ2iZyxLNejNFmG5gGnDCOPK6aABXyQl+9+1rq7wExobltcTeYEeh4UfXi8llpmmoP+zzx+cv3Z1Ra4w
bXCDhJyYiZiSz5nt8lFKUpyzTw1KpHa8NZdfPKyFLM6+mdZMJwQ87vO+ipIeRCnpyy1xpKqO52G9GRFlQwDo1E201QNUR4eDlRVfhusu4ibjRO7S79Hdb17M66o9Y5NnY06uPQ==
wRs6Y/F0hA8XEIBLTKWZ5DHe5PvT8cM9bd3TNrhiRmGEUl4WDWXH+KO1gUJbRB/lHPVaIXV43ZNcSzZJPGnr1LFjUzUiNmRjrvMKd2/RVc4z/VOe4x3iyXJIw9PTN2iPYm1Jrjw=
iZ1xMGIZMko5rch3r+vZkCy9lQathGIWMZ3jiGd9LSL3zJt1uC0GYamguYNYQ1pp0KGvZFXbL7XejgDTartmV4PZUd7XpQ9eP0VGWfbAbzN/fyx/RhV1rgA=
g8jd1AeJNGvuXQaWuixXBskSiGRQhmA3s5FmFjWV/5iLRUkCE5S3hYRlwqHt6EUzNJv+CXRZA/TJU6s1WgacQ8bDwrcngb1uq23LHnuNeinaGAsTm0dAb1odca4E
JBDg/34wmXFvf8lu4Cbt3eAhp0FhtEEthJFmFjWV/5iLRUkCE5S3hYRlwqHt6EUzNJv+CXRZA/TJU6s1WgacQ8bDwrcngb1uq23LHnuNeinaGAsTm0dAb1odca4E
+bfDW7QZxOmwdKiEWL54+Gh0k9Ui5K+E/boqLCINSE0W+2ZujZyL2s0j9bw7J76z+AJzT1idlMb0iOSf2fy+37H/cqmFX23z0jqF/eP9FDtWcftFKlU/WJF5XF455F+wGoyvMo7g6z/1NSJqWyip3cstT1iuLw==
lYhRloIT+Floa2B5SPBv7G/9/HqfNrdngTiwMGHtpCs260JTHgyU6NhuugifNH+gWnwPQowRS081JQI62/jJzQudL2iuHw==
A0Fqvv9PssRC9yW8P+s00NERfyABIgpdb5oJScb6zlIUILI+L7LV9EmgYWdPkbVOUz1znAJdQknSCCPT8/fID4Itaa4c
kmt0ouLfmB6MWF6K7WBjxQ0gWMWSm/flULUVbluZlE50Gs5kcH7t9g+8c5Qztx1lz6YJGVGyIHlYISh8McPhw/IHmClrrh4=
P3R4BkqCrlZnfhi9REVuWmc1zYuGFucvlDn+DbsytelaErqigLg+vqMqQYS9yP3H8znhnifFP1JOZXYZBmDfs+/f/D+WNWWuEA==
dH+BUOnLAywGCZYuEVeX7W/9/HqfN7dngTiwMGHtpCs260JTHgyU6NhuugifNH+gWnwPQosXS081JQI62/jJzQudL2iuHw==
BLQ3ECleUmnjJQIpJ4olVtERfyABIgpdb5oJScb6zlIUILI+L7LV9EmgYWdPkbVOUz1zmwRdQknSCCPT8/fID4Itaa4c
ZR5apJHkwrNTN9VRLCHhzQ0gWMWSm/flULUVbluZlE50Gs5kcH7t9g+8c5Qztx1lz6YJGVG6JnlYISh8McPhw/IHmClrrh4=
TgYyUp2w354CvSsMn6ZoBmQ1zYuGFucvlDn+DbsytelaErqigLg+vqMqQYS9yP3H8znhnifFP1lIZXYZBmDfs+/f/D+WNWWuEA==
mJw4Od9wic2tTZD6azFTRrDJ0piFwfsOHdK9hpR0+dtlE/u4OPDN85q8SYrB5JdyIsVEXoXborla+0oo+OlZZynB0bRuI386I0sfOhIzUXgQ83ynyycAhMowOkovJG1oOy33ExkFBij7bzLVu3T/4Fq8jwKO1ssPNuWC+tu4SQ0L3a+ort8=
gmYq7ku+lSIFgirol9COKeAkK28TbDUedcEoZOmN7mM0EPdgQ5rxxGKTQGJPkbVOUz1znwFdQErSCCPT8/fID4Itaa4c
729mCeQoB8fnjBchPJkR+s0P9QDTRqNtntRfQbi7ctyxoAVWtxw0X3ZSeb1jFrVRlfPnMaZSxCQV48X73heEIW+uGg==
hYjeGOoExYHVlLzwjh9njV8Nc8Yx52yIt8c8MKfFXxE+0IAieJIgD3VfSmarjmJGI2To8S+zXs8eLOvK/cMThyNurh0=
uk5cqczIX7h5qh3JDxUgoM0P9QDTRqNwntRfQbi7ctyxoAVWtxw0X3ZSeb1jFrVRlf/kMaZSxCQV48X73heEIW+uGg==
GHJHtOs88rUNYGDRZoDu61Jx9r6GWrpo0BzAQuJ/lMR1ZZqToIh74M8CZbSW+9zC8znhnifFP1pJZXQaBmDfs+/f/D+WNWWuEA==
p/8OC9OYK1D3Nvy4qNCIKfw0LW8CbTIOddwoZOmN7mM0EPdgQ5rxxGKTQGJPkbVOUz1zmAVdQErSCCPT8/fID4Itaa4c
XZs4fD2OORXRAbZ7KfcsTAQWd9gydPPpDAvGZA0gue4DrID32vLVFTfG4YnJMr/p/IKQzHkDqROq5/DZE65m
ngicNvBk5xgH2GIpQtYugZld8gvQRqNwntRfQbi7ctyxoAVWtxw0X3ZSeb1jFrVRlfjiMahSxCQV48X73heEIW+uGg==
6yOgsadllJkeGI644+iOekWjbugJJEyEjRVy87iYc+DHEn1U/gukAqvpST6fdbfbxxWLe+4wB/PX79QfjiVtrhg=
LIa61jkmHDBsgnbIEL3imwQWd8UydPPpDAvGZA0gue4DrID32vLVFTfG4YnJObnp9YOQzHkDqROq5/DZE65m
0XmqoSBo7G2EyCrSGkNVHM0P9QDTRqNtntRfQbi7ctyxoAVWtxw0X3ZSeb1jFrVRlfzlMaFTxCQV48X73heEIW+uGg==
KMeWD6AuE4XzZp5xu3BN3AYQd8UydPPpDAvGZA0gue4DrID32vLVFTfG4YnJMrnp9YOQzHkDqROq5/DZE65m
iGi0yzIirYjJ0LpJqDM/P80P9QDTRqNwntRfQbi7ctyxoAVWtxw0X3ZSeb1jFrVRlf/kMaFTxCQV48X73heEIW+uGg==
6CQGAPxj01RXg1996xSkphhkcF4vIpi676xLUcwkXlvXBgGzatSMVb//nLq0fo3q49g2Yv9tWaSbxaxO9DU491mrp+ETSWgKayI3WCpcf6KHuKG1Rtp6aJCcAEKi/9TEteXak+AIu+CPgqW0VnucwjO5IZ5nRf9TDuUyG8bgn7OvXzw/1rWlrtA=
WBHOIkhVktHA6OCOTeAnFMWN41kG3VInL8FPB/OZZiW/TgR0cjvkFk4QamN/82cm6caiqUuqZhnQgGdmfbWV4Rd8NzQjXywBNxJ5P0CqKOuJZ1iMlHuS0Y/Hlv+pv1rSlZzYvkG9hWUv0Fe0CujHRsKTg19nsare+5xhGRvJp6yu2w==
sk0IG05bFNcgHEOabIzqjs7RUkHLkaU+ij8oliEVVX1vSIfcqgD3PkJrszfHWfpGO4Qxsfvh1xSuYw==
40BONtDZh43pl94k2VATMo9d8kREad3BNHTEIZs7jcWfZlk5QbI2mQzjeJyhQ5EjgsfoyRuubg==
HFO+ei6HYSiUjvBMjyuuHR+zeuFcYXO7qSFU1IL+N7/9P08j3jWEAqvpST6fdbfSwBWKe+4wB/PX79QfjiVtrhg=
ObTqqyrW77r4DigVHWQPJsWN41kG3VInL8FPB/OZZiW/TgR0cjvkFk4QamN/82cm6caiqUuqZhnQgGdmfbWV4Rd8NzQjXywBNxJ5P0CqKOuJZ1iMlHuS0Y/Hlv+pv1rSlZzYvkG9hWUv0Fe0CujHRsuWg1xnsare+5xhGRvJp6yu2w==
P8lzIkkCSUZfvk+Q4f5/WM7RUkHLkaU+ij8oliEVVX1vSIfcqgD3PktuszTHWfpGO4Qxsfvh1xSuYw==
TLum4rTdusTpSP+65kOTt49d8kREad3BNHTEIZs7jcWfZlk5QbszmQ/jeJyhQ5EjgsfoyRuubg==
0JWPYx0dTFo1bbse7Ujxxx+zeuFcYXO7qSFU1IL+N7/9P08j3jWEAqvpST6fdbfbxRWJe+4wB/PX79QfjiVtrhg=
7wCkcjdhMMdP/QcEBN1TzCM7KZ4Vfm0gOl25HUN0XW6hj0hZdBR1pM2NKgEojbXWFHlZ3bpolli2kdx9aKQWf8OTgOkSmnKv/LCF7DTKrByudgNO/iZ/C2ct6sapucMHGHEEMmTsC3+5ebCGH9aqegshPXS6AeW1vkNb4GwgMGPDWZHeFyXPX/nFAVu2QC8zP/9sf4aVta7A
/aMNcw1Jsz0SlIwRp7jAABK/On25gH8SfT8qEqNfqlJGO/N3W3gRIJvMr+Hw40am4AXTZGX2J+7DWOAVAxMXPdmljes6Acg+EA8eFB+Ejj4+jDzC+cZkov2L5alwTlMNUZeKhb5a/kjp39vdam6loviq2ZVHPGDFp/X8h4GoFhTis5EtqzbNAa1/G+EbM4y0PSMty5Z3nJG3rsI=
JDRRUrfQacSUZsL2g6QVXLC4Spr0hqyl3inBnuDb9QJazMaz6eYobifhhU8hbF+rFvJoONqy8REuNQMPL/HchfU7Bc80DR8tYjaYYRxbpOcsyLIzeDDLpu+pgux/BE9hO9/+WaJUr0hL49IqIH0iYhvWqJd/ylVfYTjEScYXC9pzavIKS/Cv6Ndyb6NWGEs25WdDi4u6rsE=
SZIAjriytbazTHKY7Yp3rzaprzwYhpjgvrjIZMku/9fsde7W95CqHhVeG597lg0Sb3nCxBByBnyxU2rz56JjphB5Vm1dZcijf0/G0DD7cOVUdbi+Crnkvkskay8KlvOa39NPSWazHjoP6q9FunCMg5IwT2BQXSOElZ2lfoxzCslbqEe8KiA33k8K8xRHubomOyTxkXuBl7Suww==
dNnGz0htYC5w+gsDkkaOyWyKLa35IGDwjv2s9cQ0wjLC4Jxv27XguFMqPDh5dFXzDZ+4TKunns8FZGXNsOSObpc3diqfh/UbbEHf6apqyFXkd8SDBDSCJ2A8y6LntZIYR2hvRdPjjg16mO8MAz8CnljRwoazqhgD50bV2+mkVD1++6t+G9YC3hO8bywfLj+XrjQrUs2bc5+Ttq7F
MMbWzWG8Fj+e1YMN/DIY6zaprzwYhpjgvrjIZMku/9fsde7W95CqHhVeG597lg0Sb3nCxBByBnyxU2rzy7VjsRF2S21dZcijf0/G0DD7cOVUdbi+Crnkvkskay8KlvOa39NPSWazHjoP6q9FunCMg5IwT2BQXSOElZ2lfoxzCslbqEe8KiA33k8K8xRHubomOyTxkXuBl7Suww==
/5g4WqnJaC3wCXw4nHhlsGyKLa35IGDwjv2s9cQ0wjLC4Jxv27XgvlMqPDh/dFXzDZ+4TKunns8FZGXNoeKMe5Mjdiqfh/UbbEHf6apqyFXkd8SDBDSCJ2A8y6LntZIYR2hvRdPjjg16mO8MAz8CnljRwoazqhgD50bV2+mkVD1++6t+G9YC3hO8bywfLj+XrjQrUs2bc5+Ttq7F
evemp5bj+8FAL8q1Jv2XtCM7KZ4Vfm0gOl25HUN0XW6hj0hZdBR1otzVchE+huGJE3pM9PwL0Rqhycs9bJYRadaOgOkSmnKv/LCF7DTKrByudgNO/iZ/C2ct6sapucMHGHEEMmTsC3+5ebCGH9aqegshPXS6AeW1vkNb4GwgMGPDWZHeFyXPX/nFAVu2QC8zP/9sf4aVta7A
djun39ffVCtjv1YOKEtj2CM7KZ4Vfm0gOl25HUN0XW6hj0hZdBR1otzVchE+huGJE3pM9PwL0Rqhycs9ZYUbdNaMgOkSmnKv/LCF7DTKrByudgNO/iZ/C2ct6sapucMHGHEEMmTsC3+5ebCGH9aqegshPXS6AeW1vkNb4GwgMGPDWZHeFyXPX/nFAVu2QC8zP/9sf4aVta7A
HGLmhtmJpsE6RmyXlfZVH0xMsq2X+0Qbx+dzTms+PUK1GP8DS15BEEVIifjJxWsj6Mz9XVFMMZ++PL8mRIVvgY2sgal5SzeUhvEEdlTP2lxTtHIGWqzY2uXWaKr5i+GhfF5PFbW37r1CarIALR+flaaeGdpcSn0N26zsTSN1eA8NOIqMRtM11RdGgclpP18p1wPwjNkDSdOKZ5CZs67G
/MaZ8/XnEa5T8PIwKIRQf8WN41kG3VInL8FPB/OZZiW/TgR0cjvkFk4QamN/82cm6caiqUuqZhnQgGdmfbWV4Rd8NzQjXywBNxJ5P0CqKOuJZ1iMlHuS0Y/Hlv+pv1rSlZzYvkG9hWUv0Fe0CujHRsuXg1tnsare+5xhGRvJp6yu2w==
M3I2pU95nXl731IXcDATFc7RUkHLkaU+ij8oliEVVX1vSIfcqgD3PkpvszPHWfpGO4Qxsfvh1xSuYw==
PW64460BwyaHJU9pJK4x649d8kREad3BNHTEIZs7jcWfZlk5QboymQjjeJyhQ5EjgsfoyRuubg==
k+YZOs886NOZg+W9DyUc4x+zeuFcYXO7qSFU1IL+N7/9P08j3jWEAqvpST6fdbfaxBWOe+4wB/PX79QfjiVtrhg=
zUTZ15qj23v74C8c7QF8qsWN41kG3VInL8FPB/OZZiW/TgR0cjvkFk4QamN/82cm6caiqUuqZhnQgGdmfbWV4Rd8NzQjXywBNxJ5P0CqKOuJZ1iMlHuS0Y/Hlv+pv1rSlZzYvkG9hWUv0Fe0CujHRsyXg1tnsare+5xhGRvJp6yu2w==
Gl3ysqXZLGn1ET8mr7eVNs7RUkHLkaU+ij8oliEVVX1vSIfcqgD3PkNvszPHWfpGO4Qxsfvh1xSuYw==
aBmty1brD9BBnv8zi09CKI9d8kREad3BNHTEIZs7jcWfZlk5QbMymQjjeJyhQ5EjgsfoyRuubg==
NoqofTXsDOpz9vv9P0YtAB+zeuFcYXO7qSFU1IL+N7/9P08j3jWEAqvpST6fdbfTxBWOe+4wB/PX79QfjiVtrhg=
EqMG9b6Iqz86bDiJxujUfPctNglVOD0TPI8UR9ypi1QRI7M1QvbE406zandPkbVOUz1zmANdQkvSCCPT8/fID4Itaa4c
ghbcxeQnBmeH+qXk0AwskuVEncJnCC4ZnS85aH8DeJYUdDznvSIeQ2lmWEo0JinP9bD30ZblbFn/GcOKqZswfOomW8iDmbPrkWNLPwtjXNN0v3gotyHtrltN2xhrbUprivibk+vnsK8KfUGuNA==
wplTieb67+8gTYjlG4LQzU47Lhj+hsTfxbE3EA7SiuzIL1PgomFHs5zrqpeo2Yv27ANwJQVBJHEG8VX9ISrL/5rUAPLpmPHMeSNbpwl/SaeWG77rCniF9QeGcSm5OImJYEPg7KmDGfO6pwB5Q642
Ns0O33MaJNXV0RhoLw7nIKEahWA/2hhXc0VVlX4eeDTenynUsldwN2yaLYX3JoApbj/D44ed0sWTpIeqlhEuSwBX/Wvfim9y1aFMSiBYOx1BAzPXEX9RV347hrtCOM1F32aZuQG48RnI4zgcYUNRo8LHKElbri4=
rUYaZNW45ZlbDShnzmRod2aY23SGvl6Ax/ESi/yvY02nOAT9tuT8cQU/T1PLm73tvSVj/hn+uqC8eA3HwInwzNt0J0DVIF+uicNn/SH7oCqTmjL6qwCoHjeFr1O26MvGBZeDe2tKrjE=
F1KV96yjYnBTb1rQFdZ4GHWAsKSysZN8NMTEPZ51T3CtRQMYKDadyK2+lAEKRB/lQORXOxA2yZxzHwYFC0rri7lzQz8Dc3QzrO8AaG/RVc4z/VOY4x3iy3JIw9PTN2iPYm1Jrjw=
SmJmK73MeZW7aK9DacuDWmaY23SGvl2Ax/ESi/yvY02nOAT9tuT8cQU/T1PLm73tvSVj/hn+uqC8eA3HwInwz9t0J0DVIF+uicNn/SH7oCqTmjL6qwCoHjeFr1O26MvGBZeDe2tKrjE=
Hkj/VH7WqJMZbXxJWxVZSOLzo8be2KrXTirJhc3cz0XzhidRS1M9l6b5mUgwJU8Hd7iZz9+nlcpHtNp4aeNIh3BkEGiy6Je0TazfKgE/92lZVwDOO8ZCTnPMaFp/uX+HjoSr4u2Lsw9zRq41
UtHYNWYXZF82ucBvB41HR047Lhj+hsXfxbE3EA7SiuzIL1PgomFHs5zrqpeo2Yv27AJwJQVBJHEG8VX9ISrL/5rUAPLpmPPMeSNbpwl/SaeWG77rCniF9QeGcSm5OImJYEPg7KmDGfO6pwB5Q642
jeXf7Zpl5Je/hBB/2tW9172z5pxai8NtFnQv2kR/hEMCGeQ8mKJ/sjJfHOnXz9xVDnRncCoHOuakndoMhCo6PAi4+HSUqedSD1wHOMUoX7a5qwfF8TNgcuMykgI7iCiGh21P6+agix71v6MDe0KuKQ==
5gA9uiJGhzG6itQYIJr8DuVEncJnCC4ZnXRscmgIYoc5dBDxtScWYyAVK1kJcmaJ+rH30ZblbFn/GcOKqZswfOomW8iCmLPrkWNLPwtjXNN0v3gotyHtrltN2xhrbUprivibk+vnsK8KfUGuNA==
B6igJ+bwyeiz8k12kRD3jkp6IHCJwnqDnwjZr54OohiqVyuuqNvv6t7Ls6qvV0M9OjQantHbCJhl3BoYlPVJRjwqA1UFs9cvjf/NLxqLQnOuGOFN23a9Yf14TUGsc7yUjaP964a3DHFHrjI=
MEbfmyt9lfw9hdogIpHyzXWAsKSysZN8NMTEPZ51T3CtRQMYKDacyK2+lAEKRB/lQORXOxA2yZxzHwUFC0rri7lzQz8Dc3QzrO8AaG/RVc4z/VOY4x3iy3JIw9PTN2iPYm1Jrjw=
EqMG9b6Iqz86bDiJxujUfPctNglVOD0TPI8UR9ypi1QRI7M1QvbE406zandPkbVOUz1zmANdQkvSCCPT8/fID4Itaa4c
jeXf7Zpl5Je/hBB/2tW9172z5pxai8NtFnQv2kR/hEMCGeQ8mKJ/sjJfHOnXz9xVDnRncCoHOuakndoMhCo6PAi4+HSUqedSD1wHOMUoX7a5qwfF8TNgcuMykgI7iCiGh21P6+agix71v6MDe0KuKQ==
5gA9uiJGhzG6itQYIJr8DuVEncJnCC4ZnXRscmgIYoc5dBDxtScWYyAVK1kJcmaJ+rH30ZblbFn/GcOKqZswfOomW8iCmLPrkWNLPwtjXNN0v3gotyHtrltN2xhrbUprivibk+vnsK8KfUGuNA==
Ns0O33MaJNXV0RhoLw7nIKEahWA/2hhXc0VVlX4eeDTenynUsldwN2yaLYX3JoApbj/D44ed0sWTpIeqlhEuSwBX/Wvfim9y1aFMSiBYOx1BAzPXEX9RV347hrtCOM1F32aZuQG48RnI4zgcYUNRo8LHKElbri4=
rUYaZNW45ZlbDShnzmRod2aY23SGvl6Ax/ESi/yvY02nOAT9tuT8cQU/T1PLm73tvSVj/hn+uqC8eA3HwInwzNt0J0DVIF+uicNn/SH7oCqTmjL6qwCoHjeFr1O26MvGBZeDe2tKrjE=
SmJmK73MeZW7aK9DacuDWmaY23SGvl2Ax/ESi/yvY02nOAT9tuT8cQU/T1PLm73tvSVj/hn+uqC8eA3HwInwz9t0J0DVIF+uicNn/SH7oCqTmjL6qwCoHjeFr1O26MvGBZeDe2tKrjE=
Hkj/VH7WqJMZbXxJWxVZSOLzo8be2KrXTirJhc3cz0XzhidRS1M9l6b5mUgwJU8Hd7iZz9+nlcpHtNp4aeNIh3BkEGiy6Je0TazfKgE/92lZVwDOO8ZCTnPMaFp/uX+HjoSr4u2Lsw9zRq41
UtHYNWYXZF82ucBvB41HR047Lhj+hsXfxbE3EA7SiuzIL1PgomFHs5zrqpeo2Yv27AJwJQVBJHEG8VX9ISrL/5rUAPLpmPPMeSNbpwl/SaeWG77rCniF9QeGcSm5OImJYEPg7KmDGfO6pwB5Q642
wplTieb67+8gTYjlG4LQzU47Lhj+hsTfxbE3EA7SiuzIL1PgomFHs5zrqpeo2Yv27ANwJQVBJHEG8VX9ISrL/5rUAPLpmPHMeSNbpwl/SaeWG77rCniF9QeGcSm5OImJYEPg7KmDGfO6pwB5Q642
B6igJ+bwyeiz8k12kRD3jkp6IHCJwnqDnwjZr54OohiqVyuuqNvv6t7Ls6qvV0M9OjQantHbCJhl3BoYlPVJRjwqA1UFs9cvjf/NLxqLQnOuGOFN23a9Yf14TUGsc7yUjaP964a3DHFHrjI=
ghbcxeQnBmeH+qXk0AwskuVEncJnCC4ZnS85aH8DeJYUdDznvSIeQ2lmWEo0JinP9bD30ZblbFn/GcOKqZswfOomW8iDmbPrkWNLPwtjXNN0v3gotyHtrltN2xhrbUprivibk+vnsK8KfUGuNA==
EqMG9b6Iqz86bDiJxujUfPctNglVOD0TPI8UR9ypi1QRI7M1QvbE406zandPkbVOUz1zmANdQkvSCCPT8/fID4Itaa4c
EqMG9b6Iqz86bDiJxujUfPctNglVOD0TPI8UR9ypi1QRI7M1QvbE406zandPkbVOUz1zmANdQkvSCCPT8/fID4Itaa4c
EqMG9b6Iqz86bDiJxujUfPctNglVOD0TPI8UR9ypi1QRI7M1QvbE406zandPkbVOUz1zmANdQkvSCCPT8/fID4Itaa4c
ZC9sEy9Es7hrzWhYX12w2TthThp2YmkyY/KSwrvIKMYHrU8rZuCLXnV/o8P7Aq5p
FewOukS8XlwE/IOb2MczFc7RUkHLkaU+ij8oliEVVX1vSIfcqgD3PkhsszPHWfpGO4Qxsfvh1xSuYw==
1XgwGWSk0QEpI+EzaOQoRI9d8kREad3BNHTEIZs7jcWfZlk5QbgxmQjjeJyhQ5EjgsfoyRuubg==
E9XrnzOhZ3SRuFY4ia5obggtVWQmFxNkdGC+eTA3yUZCmOEMQb90cXMd4AfllI3N3Z5wko11KlBojTb0Y6CwExhlhJf3ruK9/ee20eHa+ms3TKYK1Jt2UrP+HeSh192HtxcI0TB5ZGRPn3Ic7pNd5Q+mSZkRuOH5GCPo/PHDoUMyB9ipq67e
KEN8jsIv8eP1dsoGY+ek4PrAoBn2jzM/4JazGXkAHcm/smU4IR0iiWTBSwTja+IzireCFVUsDx/t9RxKWpuQjzSHUa1rNo2B7XhdYVwzzDR9I21LVndcEXeuAg==
LvZRHUVKgJbobp/v9zQjx+Ahp0FhtEEthJFmFjWV/5iLRUkCE5S3hYRlwqHt6EUzNJ/8B3RZA/TJU6s1WgacQ8bDwrcngb1uq23LGHuNeivaGAsTm0dAb1odca4E
J1eCpS8IxPl8oxXIzFF4FckSiGRQhmA3s5FmFjWV/5iLRUkCE5S3hYRlwqHt6EUzNJ/8B3RZA/TJU6s1WgacQ8bDwrcngb1uq23LGHuNeivaGAsTm0dAb1odca4E
GYM5d65yR8m2Al6JnwSPCyy9lQathGIWMZ3jiGd9LSL3zJt1uC0GYamguYNYR1hn0KGvZFXbL7XejgDTartmV4PZUd7XpQ9YP0VGW/bAbzN/fyx/RhV1rgA=
I0z+IUHZMTDWeycT3n+j6zHe5PvT8cM9bd3TNrhiRmGEUl4WDWXH+KO1gUJbRB/lHPVaIXV43ZNcTzRHPGnr1LFjUzUiNmRjrvMKd2/RVc4z/VOY4x3iy3JIw9PTN2iPYm1Jrjw=
e7MtDMBZY7skGGIRFuw9xpyzTw1KpHa8NZdfPKyFLM6+mdZMJwQ87vO+ipIeRCnpyy1xpKqO52G5Gx9lQwDo1E201QNUR4eDlRVfhusu4ibjROjS79Hfb17M66o9Y5NnY06uPQ==
WSapG4D52qVdSUt5NqQA05GTh++VDSi/sMAj8jWL5MeZTjpAn2hSFgF908jXnZ2iZyxLNejNFmG5gGnDCOfI56ABXyQl+9+1rq7wExobltcTeYEeh4UfWC8llpumoP+zzx+cv3Z1Ra4w
sv+XU+bcUh1pV6qRzORRLwl+bz9ce25+TeGGoEQFOva3uedQLrXOPFEuKcXx5ApvievfN0sw48mJ2Sxxv2yiBHlox3wq4LceSExzU0f5OmY7ZHFRe0EXdK4D
