KEh32JeJXN0V9dou7jt4/m2piQE3AJPz7TsBS90cWLuNhvxn1G2+KHB3o+l2T9+CndYxXZ2l5+fcOn+kSFo1gM/M6u6uqIm8byWBCVu5B22jCA==
UjWEIXiDNaviNTq+TvuesL9P2TFr20ZWZAtTkTYzbw/5vyu6knEgfGrbIZCjM55ldSmC+4PZmNeHociDwhw4RH5x2VKXxj4yo/1PWwVWeisienjxNVMSV3RyirtOVNdN32Sbqxa/+RDN6jEfc1dYo8LHKElKoy0=
UjWEIXiDNaviNTq+TvuesL9P2TFr20ZWZAtTkTYzbw/5vyu6knEgfGrbIZCjM55ldSmC+4PZmNeHociDwhw4RH5x2VKXxj4yo/1PWwVWeisienjxNVMSV3RyirtOVNdN32Sbqxa/+RDN6jEfc1dYo8LHKElKoy0=
xX/4H1xDSoLJmSdkNKF+dt/4242Yog+Y1FQMv6lj2N23iAxpRuYQl1yK33QIqlWez9wKnm74KQzv1eHZG4knfaMY
gStaWGyoOAyb3X/4ktOD2O21aVAr9Yic6duNgS1ykAx0l2DlmHQfjc4Z97YmdGyQaS8danwcn0GiUS5kb4pY2OJXB+cKXZbAqNe25JWMsCgYMCcDIEOzfoLOLftwav4ORTApZn9sf2O/uubkt0WsrWh0G4V79B8zxX8lCMn61de/t9QrJjfssbaj0Q==
guE6Jm3fWwXPhwF7F98PPjT2+FW7pmre2fVRTaACL1wk9Ctly7Qv0xV/dag5uqX3TzeEC7b3/NEGo2E=
gu7G87Dhi8RloCkpECSOe4YgOMJxdxrhIlhu8h+NTGC7inBoGUivRp4Q5kqVql+fJYfD68sLo2I=
xX/4H1xDSoLJmSdkNKF+dt/4242Yog+Y1FQMv6lj2N23iAxpRuYQl1yK33QIqlWez9wKnm74KQzv1eHZG4knfaMY
xX/4H1xDSoLJmSdkNKF+dt/4242Yog+Y1FQMv6lj2N23iAxpRuYQl1yK33QIqlWez9wKnm74KQzv1eHZG4knfaMY
xX/4H1xDSoLJmSdkNKF+dt/4242Yog+Y1FQMv6lj2N23iAxpRuYQl1yK33QIqlWez9wKnm74KQzv1eHZG4knfaMY
BM/7mhuKWWKNwDqd0jr4KN/4242Yog+Y1FQMv6lj2N23iAxpRuYQl1yK33QIqlWfz9wKnm74KQzv1eHZG4knfaMY
eA90yaHKae0mnfd7i7bVEnM1mRjFp93noeDaZE02kZyGhEg/f/eJC6qevwaHPwDEy7LEWmB9AfUsh/dWcHt+oPQd7CSTlgCcgeVvYpZsNt4tZj+bTVtzXxNnowY=
rhAZ6uW9NyDau62i2unbdVqx+kifPJNZyHanPHTwpCs591BZNwyE/dZyuDP8LnegWH4dW48YQko+LAEoz/HJzQudL3mjHA==
ruMEYIg5fhfNN86U06bi/Vqx+kifPJNZyHKlMnTwpCs591BZNwyE/dZyuDP8LnegWH4dW48YQko+LAEoz/HJzQudL3mjHA==
nzPgHgjVLf85uQcwWLnSr6ESfyABInpHMJIFRoi/yFgLM7N6a7PX/UapSgRVmbVMUS9qnwtUR0LbCzHH+vfID4IteKMf
S/OwtIVVk1y+Y3ipBr1JLmJOS7XdgKOGIK9KZleW2gtyENF3cTqp9w21fJ0Y1Adtz6QLC0i/KXBdKiF/I9fow/IHmCl6ox0=
Yfy/09/CTzWnNQf4phTWrqASfyABInpHMJIFRoi/yFgLM7N6a7PX/UapSgRVmbVMUS9qnwtUR0LbCzHH+vfID4IteKMf
ox9H7/d7SqaRS0Z7Ka6eg6MSfyABInpHMJIFRoi/yFgLM7N6a7PX/UapSgRVmbVMUS9qnwtUR0LbCzHH+vfID4IteKMf
BdQkpif6s4eiiRV+wXQMiGFOS7XdgKOGIK9KZleW2gtyENF3cTqp9w21fJ0Y1Adtz6QLC0i/KXBdKiF/I9fow/IHmCl6ox0=
kS6oEFi10Al4EbXAFdWikCGzk1qoqC8YJovkxipqLTfz3NBs4S5DYP26/tdUWklmhLfsaE/LL/r3yxPNYqFGJJnRUdzVtxZfN0xDUv/DfSd2fyx/RhVkowM=
RttZvHqfsZllfFv2vD8rqWId1ftRYZXbEcBvPnR/Po4LNmaj5mAl7/26JW95Reg1pHTbBTv037MEf2WICfoVV/+3FKvmN6wxdqMR
e6Bhpkj4WmF1tfVeiledMpwFinpShUtEvq4hDSOE/4nRUkElUpK3nMVBh6C58gJnOILtBiBPQPjTQ6t6c0OPXc7Z4sQ9ib1sqX/SH3OEfyLTGxkHkkdAb1odYKMH
LkfsK5CVnogaHsHMjZli7Z0FinpShUtEvq4hDSOE/4nRUkElUpK3nMVBh6C58gJnOILtBiBPQPjTQ6t6c0OPXc7Z4sQ9ib1sqX/SH3OEfyLTGxkHkkdAb1odYKMH
d0NRZD/VrNXCGR4L/J1IhqYSfyABInpHMJIFRoi/yFgLM7N6a7PX/UapSgRVmbVMUS9qnwtUR0LbCzHH+vfID4IteKMf
M3NRg567sRVlxZt7/+n3OVT22xliQtOwuG1TRdgOTPqQpvwzi2OwKE53qelsUPnG2tw9ToGl+/fcOn+kSFo1j8/M6u6uqIm8byWBCVu5B22jCA==
mkVQkM1adNGjYVYAbHxXraATfyABInpHMJIFRoi/yFgLM7N6a7PX/UapSgRVmbVMUS9qnwtUR0LbCzHH+vfID4IteKMf
NR1haW5Ih0g/jkY1DaO4S6MTfyABInpHMJIFRoi/yFgLM7N6a7PX/UapSgRVmbVMUS9qnwtUR0LbCzHH+vfID4IteKMf
ZskipozMK/UG2VeV/msBiqETfyABInpHMJIFRoi/yFgLM7N6a7PX/UapSgRVmbVMUS9qnwtUR0LbCzHH+vfID4IteKMf
6nMgUZJedFdb215BVtAnX2IDyKkVWRVgrMDwWOABk2W0Il6ZxctEBg2cmgJBnDkDH51stPMmwOyh9W9ythz2bk32vwut6zOvM3ejFg==
nzPgHgjVLf85uQcwWLnSr6ESfyABInpHMJIFRoi/yFgLM7N6a7PX/UapSgRVmbVMUS9qnwtUR0LbCzHH+vfID4IteKMf
S/OwtIVVk1y+Y3ipBr1JLmJOS7XdgKOGIK9KZleW2gtyENF3cTqp9w21fJ0Y1Adtz6QLC0i/KXBdKiF/I9fow/IHmCl6ox0=
Yfy/09/CTzWnNQf4phTWrqASfyABInpHMJIFRoi/yFgLM7N6a7PX/UapSgRVmbVMUS9qnwtUR0LbCzHH+vfID4IteKMf
ox9H7/d7SqaRS0Z7Ka6eg6MSfyABInpHMJIFRoi/yFgLM7N6a7PX/UapSgRVmbVMUS9qnwtUR0LbCzHH+vfID4IteKMf
BdQkpif6s4eiiRV+wXQMiGFOS7XdgKOGIK9KZleW2gtyENF3cTqp9w21fJ0Y1Adtz6QLC0i/KXBdKiF/I9fow/IHmCl6ox0=
kS6oEFi10Al4EbXAFdWikCGzk1qoqC8YJovkxipqLTfz3NBs4S5DYP26/tdUWklmhLfsaE/LL/r3yxPNYqFGJJnRUdzVtxZfN0xDUv/DfSd2fyx/RhVkowM=
RttZvHqfsZllfFv2vD8rqWId1ftRYZXbEcBvPnR/Po4LNmaj5mAl7/26JW95Reg1pHTbBTv037MEf2WICfoVV/+3FKvmN6wxdqMR
e6Bhpkj4WmF1tfVeiledMpwFinpShUtEvq4hDSOE/4nRUkElUpK3nMVBh6C58gJnOILtBiBPQPjTQ6t6c0OPXc7Z4sQ9ib1sqX/SH3OEfyLTGxkHkkdAb1odYKMH
LkfsK5CVnogaHsHMjZli7Z0FinpShUtEvq4hDSOE/4nRUkElUpK3nMVBh6C58gJnOILtBiBPQPjTQ6t6c0OPXc7Z4sQ9ib1sqX/SH3OEfyLTGxkHkkdAb1odYKMH
d0NRZD/VrNXCGR4L/J1IhqYSfyABInpHMJIFRoi/yFgLM7N6a7PX/UapSgRVmbVMUS9qnwtUR0LbCzHH+vfID4IteKMf
M3NRg567sRVlxZt7/+n3OVT22xliQtOwuG1TRdgOTPqQpvwzi2OwKE53qelsUPnG2tw9ToGl+/fcOn+kSFo1j8/M6u6uqIm8byWBCVu5B22jCA==
mkVQkM1adNGjYVYAbHxXraATfyABInpHMJIFRoi/yFgLM7N6a7PX/UapSgRVmbVMUS9qnwtUR0LbCzHH+vfID4IteKMf
NR1haW5Ih0g/jkY1DaO4S6MTfyABInpHMJIFRoi/yFgLM7N6a7PX/UapSgRVmbVMUS9qnwtUR0LbCzHH+vfID4IteKMf
ZskipozMK/UG2VeV/msBiqETfyABInpHMJIFRoi/yFgLM7N6a7PX/UapSgRVmbVMUS9qnwtUR0LbCzHH+vfID4IteKMf
6nMgUZJedFdb215BVtAnX2IDyKkVWRVgrMDwWOABk2W0Il6ZxctEBg2cmgJBnDkDH51stPMmwOyh9W9ythz2bk32vwut6zOvM3ejFg==
nzPgHgjVLf85uQcwWLnSr6ESfyABInpHMJIFRoi/yFgLM7N6a7PX/UapSgRVmbVMUS9qnwtUR0LbCzHH+vfID4IteKMf
S/OwtIVVk1y+Y3ipBr1JLmJOS7XdgKOGIK9KZleW2gtyENF3cTqp9w21fJ0Y1Adtz6QLC0i/KXBdKiF/I9fow/IHmCl6ox0=
Yfy/09/CTzWnNQf4phTWrqASfyABInpHMJIFRoi/yFgLM7N6a7PX/UapSgRVmbVMUS9qnwtUR0LbCzHH+vfID4IteKMf
ox9H7/d7SqaRS0Z7Ka6eg6MSfyABInpHMJIFRoi/yFgLM7N6a7PX/UapSgRVmbVMUS9qnwtUR0LbCzHH+vfID4IteKMf
BdQkpif6s4eiiRV+wXQMiGFOS7XdgKOGIK9KZleW2gtyENF3cTqp9w21fJ0Y1Adtz6QLC0i/KXBdKiF/I9fow/IHmCl6ox0=
kS6oEFi10Al4EbXAFdWikCGzk1qoqC8YJovkxipqLTfz3NBs4S5DYP26/tdUWklmhLfsaE/LL/r3yxPNYqFGJJnRUdzVtxZfN0xDUv/DfSd2fyx/RhVkowM=
RttZvHqfsZllfFv2vD8rqWId1ftRYZXbEcBvPnR/Po4LNmaj5mAl7/26JW95Reg1pHTbBTv037MEf2WICfoVV/+3FKvmN6wxdqMR
e6Bhpkj4WmF1tfVeiledMpwFinpShUtEvq4hDSOE/4nRUkElUpK3nMVBh6C58gJnOILtBiBPQPjTQ6t6c0OPXc7Z4sQ9ib1sqX/SH3OEfyLTGxkHkkdAb1odYKMH
LkfsK5CVnogaHsHMjZli7Z0FinpShUtEvq4hDSOE/4nRUkElUpK3nMVBh6C58gJnOILtBiBPQPjTQ6t6c0OPXc7Z4sQ9ib1sqX/SH3OEfyLTGxkHkkdAb1odYKMH
d0NRZD/VrNXCGR4L/J1IhqYSfyABInpHMJIFRoi/yFgLM7N6a7PX/UapSgRVmbVMUS9qnwtUR0LbCzHH+vfID4IteKMf
M3NRg567sRVlxZt7/+n3OVT22xliQtOwuG1TRdgOTPqQpvwzi2OwKE53qelsUPnG2tw9ToGl+/fcOn+kSFo1j8/M6u6uqIm8byWBCVu5B22jCA==
mkVQkM1adNGjYVYAbHxXraATfyABInpHMJIFRoi/yFgLM7N6a7PX/UapSgRVmbVMUS9qnwtUR0LbCzHH+vfID4IteKMf
NR1haW5Ih0g/jkY1DaO4S6MTfyABInpHMJIFRoi/yFgLM7N6a7PX/UapSgRVmbVMUS9qnwtUR0LbCzHH+vfID4IteKMf
ZskipozMK/UG2VeV/msBiqETfyABInpHMJIFRoi/yFgLM7N6a7PX/UapSgRVmbVMUS9qnwtUR0LbCzHH+vfID4IteKMf
6nMgUZJedFdb215BVtAnX2IDyKkVWRVgrMDwWOABk2W0Il6ZxctEBg2cmgJBnDkDH51stPMmwOyh9W9ythz2bk32vwut6zOvM3ejFg==
V047eKDHNRAAfpw96JzylFqx+kifPJNZyHKlMnTwpCs591BZNwyE/dZyuDP8LnegWH4dUo4YQko+LAEoz/HJzQudL3mjHA==
YaB5Cn8vmFmmB7g7SlqxFlqx+kifPJNZyHanPHTwpCs591BZNwyE/dZyuDP8LnegWH4dUo4YQko+LAEoz/HJzQudL3mjHA==
V047eKDHNRAAfpw96JzylFqx+kifPJNZyHKlMnTwpCs591BZNwyE/dZyuDP8LnegWH4dUo4YQko+LAEoz/HJzQudL3mjHA==
anRsxJZUp+4TO4XhNCTGJKESfyABInpHMJIFRoi/yFgLM7N6a7PX/UapSgRVmbVMUS9jngtUR0LbCzHH+vfID4IteKMf
Iej0cInkgQlLD7EXSLgv4mJOS7XdgKOGIK9KZleW2gtyENF3cTqp9w21fJ0Y1Adtz6QLC0G+KXBdKiF/I9fow/IHmCl6ox0=
3vX9kdtDKhh678hov+Zvw6ASfyABInpHMJIFRoi/yFgLM7N6a7PX/UapSgRVmbVMUS9jngtUR0LbCzHH+vfID4IteKMf
8OtNNQLUpEyc5gztw/u+WqMSfyABInpHMJIFRoi/yFgLM7N6a7PX/UapSgRVmbVMUS9jngtUR0LbCzHH+vfID4IteKMf
AxGMBKAqbWvau0sMRqkZ72FOS7XdgKOGIK9KZleW2gtyENF3cTqp9w21fJ0Y1Adtz6QLC0G+KXBdKiF/I9fow/IHmCl6ox0=
63YE6tzDVAGKU49XO1IcAyGzk1qoqC8YJovkxipqLTfz3NBs4S5DYP26/tdUWklmhLfsaE/LL/r3yxPNYqFGJJnRUdzVtx9eN0xDUv/DfSd2fyx/RhVkowM=
fG7Xw6rBlYhTH2vtfiXg7WId1ftRYZXbEcBvPnR/Po4LNmaj5mAl7/26JW95Reg1pHTbBTv037MNfmWICfoVV/+3FKvmN6wxdqMR
qcP41XT0kOT6+eYWu1ysHpwFinpShUtEvq4hDSOE/4nRUkElUpK3nMVBh6C58gJnOILtBiBPQPjTQ6t6c0OPXc7Z4sQ9ib1sqX/bHnOEfyLTGxkHkkdAb1odYKMH
v2NBwLqKJzGwCqhiAC2/w50FinpShUtEvq4hDSOE/4nRUkElUpK3nMVBh6C58gJnOILtBiBPQPjTQ6t6c0OPXc7Z4sQ9ib1sqX/bHnOEfyLTGxkHkkdAb1odYKMH
oPyUr8q65AK9YRH6hgy4hKYSfyABInpHMJIFRoi/yFgLM7N6a7PX/UapSgRVmbVMUS9jngtUR0LbCzHH+vfID4IteKMf
wbwDAQpKsri8jamqbBO6LFT22xliQtOwuG1TRdgOTPqQpvwzi2OwKE53qelsUPnG2tw9ToGl+/fcOn+kSFo1hs7M6u6uqIm8byWBCVu5B22jCA==
apMpj/jII/SY97rVsVc5O6ATfyABInpHMJIFRoi/yFgLM7N6a7PX/UapSgRVmbVMUS9jngtUR0LbCzHH+vfID4IteKMf
9mlrIxBzmA7k+Yutt4V/V6MTfyABInpHMJIFRoi/yFgLM7N6a7PX/UapSgRVmbVMUS9jngtUR0LbCzHH+vfID4IteKMf
Gk3RJrkxLwRaF5zDNYZ36aETfyABInpHMJIFRoi/yFgLM7N6a7PX/UapSgRVmbVMUS9jngtUR0LbCzHH+vfID4IteKMf
RYhWslOFW8J1ey6ID/t3TWIDyKkVWRVgrMDwWOABk2W0Il6ZxctEBg2cmgJBnDkDH51stPMmwOyh/G5ythz2bk32vwut6zOvM3ejFg==
YaB5Cn8vmFmmB7g7SlqxFlqx+kifPJNZyHanPHTwpCs591BZNwyE/dZyuDP8LnegWH4dUo4YQko+LAEoz/HJzQudL3mjHA==
V047eKDHNRAAfpw96JzylFqx+kifPJNZyHKlMnTwpCs591BZNwyE/dZyuDP8LnegWH4dUo4YQko+LAEoz/HJzQudL3mjHA==
QSqJbTnDyspJvpmIa9N71d7fEUthsDF1GzjOiCu93SgjQU1CzghhoJgHH/QkbQEXCFs6P4Tdx+CIiJuUzQeu4xFHx7VcCQc/awI9BQQKxraemowo5dDx5EHBWfwtB3fen7x7MvfTpWcOz6TfHkVMoys=
7nK7lwgiqxtpKIjS7jUEcdPMwr7RZH/z7tEz7SK99ce1GB94vX45KytImsSN2cjzKWhaPqjLFmft/3reANGYuYdSRSUs+t62huqkCB0AuaQJcYEchZcPXicsk5Kvo+2nxh+cv3Z1VKMz
jc0618Tnnr2RtYTfKAb8D9PMwr7RZHzz7tEz7SK99ce1GB94vX45KytImsSN2cjzKWhaPqjLFmft/3reANGYuodSRSUs+t62huqkCB0AuaQJcYEchZcPXicsk5Kvo+2nxh+cv3Z1VKMz
qg2ZK8RscVm4CBN4/2OEXLy1soOfC6vu2qoqH6hWOhUI+/iIs34zYmnxs7WdzHPeugKwDzDh+IvpgUxAIRMI95bt3FnEWlpoXKofFIgKFXbOvMo+7hhpLO+1IXmbaWddozg=
ZQFwRls0Ay/v8i8smuTrKS0OrizDEEgIFwvKIV2xG8ypyQbGk7/MoWczGBFSgdyhrpHNTamqQ5UBU68JO7vKjoudYqYQdki26jDT3PfUJ61vJOvLIb4JMP2qQb/D18gDkod4aVqjPQ==
z5oyqYkzk8So3OYQ++dRubLacwjs7XpA3wefFunCBhaFQwBQf43ioPclXwlJFZvhzRi7mvoSR/ZnwlQQQ/Pk1LGHgHMWaVTNVM7yDPxOt0DY3t0yjvgC6r5MQcjP0Qlti31vWaM8
Tg2rkSkbnJj9n8Gx2e8v7L2z5pxai8JtFi96wFN0nlIvGdIpt+Aqhnt3SPu1m9ZPXCAgNEBDPeKMz9ILk0ErORq0/mW2p6F3WEZZOdQ5Vr+470zA9hYMaOsykAApmC6OjmhG4uWynxf1v6MDe1OjKg==
QRJraFAev5h5lJtQfzSqzL2z5pxai8NtFi96wFN0nlIvGdIpt+Aqhnt3SPu1m9ZPXCEgNEBDPeKMz9ILk0ErORq0/mW2p6N3WEZZOdQ5Vr+470zA9hYMaOsykAApmC6OjmhG4uWynxf1v6MDe1OjKg==
ajLtOlTEUtdEOc17qEz84F9Cv01iAHuF0ia31j4ss6NK3yNSugj3/cB7MBlW0eC52KL00U1MICU6rTcjS4fGTibT4tXyuZSMkX+QexZhRDV0loJEPIYHGLhmTboOcJJSXpTxgI8Z+bWrBX9RozQ=
YfyI6It0XQ+K7pbxoxPty19Cv01iAHuF0n3izCknqbJn3w9Esg3/3YkIQwprha//16P00U1MICU6rTcjS4fGTibT4tXzuJSMkX+QexZhRDV0loJEPIYHGLhmTboOcJJSXpTxgI8Z+bWrBX9RozQ=
zSlJ+mRtCkc7BckNKDHVMF9Cv01iAHuF0ia31j4ss6NK3yNSugj3/cB9MBlW0eC7g/e1k1xBOhIrtiIgH4vQTjPV1YevqJSMkX+QexZhRDV0loJEPIYHGLhmTboOcJJSXpTxgI8Z+bWrBX9RozQ=
11A8viqXFughIme146zdLhUEv+8aUqbz+NWFqWKL9/6Fmew85+kckbO0VNRaP+WEITtpl7LHl0QbXg8Daws/YAIxMqUl+besrRlKhUd/YT4IPjkR5CFWt6jXbKiGTkygO8pwqJkArgYe0OYKFWpfX6XHwytLS6Mi
anRsxJZUp+4TO4XhNCTGJKESfyABInpHMJIFRoi/yFgLM7N6a7PX/UapSgRVmbVMUS9jngtUR0LbCzHH+vfID4IteKMf
Iej0cInkgQlLD7EXSLgv4mJOS7XdgKOGIK9KZleW2gtyENF3cTqp9w21fJ0Y1Adtz6QLC0G+KXBdKiF/I9fow/IHmCl6ox0=
3vX9kdtDKhh678hov+Zvw6ASfyABInpHMJIFRoi/yFgLM7N6a7PX/UapSgRVmbVMUS9jngtUR0LbCzHH+vfID4IteKMf
8OtNNQLUpEyc5gztw/u+WqMSfyABInpHMJIFRoi/yFgLM7N6a7PX/UapSgRVmbVMUS9jngtUR0LbCzHH+vfID4IteKMf
AxGMBKAqbWvau0sMRqkZ72FOS7XdgKOGIK9KZleW2gtyENF3cTqp9w21fJ0Y1Adtz6QLC0G+KXBdKiF/I9fow/IHmCl6ox0=
63YE6tzDVAGKU49XO1IcAyGzk1qoqC8YJovkxipqLTfz3NBs4S5DYP26/tdUWklmhLfsaE/LL/r3yxPNYqFGJJnRUdzVtx9eN0xDUv/DfSd2fyx/RhVkowM=
fG7Xw6rBlYhTH2vtfiXg7WId1ftRYZXbEcBvPnR/Po4LNmaj5mAl7/26JW95Reg1pHTbBTv037MNfmWICfoVV/+3FKvmN6wxdqMR
qcP41XT0kOT6+eYWu1ysHpwFinpShUtEvq4hDSOE/4nRUkElUpK3nMVBh6C58gJnOILtBiBPQPjTQ6t6c0OPXc7Z4sQ9ib1sqX/bHnOEfyLTGxkHkkdAb1odYKMH
v2NBwLqKJzGwCqhiAC2/w50FinpShUtEvq4hDSOE/4nRUkElUpK3nMVBh6C58gJnOILtBiBPQPjTQ6t6c0OPXc7Z4sQ9ib1sqX/bHnOEfyLTGxkHkkdAb1odYKMH
oPyUr8q65AK9YRH6hgy4hKYSfyABInpHMJIFRoi/yFgLM7N6a7PX/UapSgRVmbVMUS9jngtUR0LbCzHH+vfID4IteKMf
wbwDAQpKsri8jamqbBO6LFT22xliQtOwuG1TRdgOTPqQpvwzi2OwKE53qelsUPnG2tw9ToGl+/fcOn+kSFo1hs7M6u6uqIm8byWBCVu5B22jCA==
apMpj/jII/SY97rVsVc5O6ATfyABInpHMJIFRoi/yFgLM7N6a7PX/UapSgRVmbVMUS9jngtUR0LbCzHH+vfID4IteKMf
9mlrIxBzmA7k+Yutt4V/V6MTfyABInpHMJIFRoi/yFgLM7N6a7PX/UapSgRVmbVMUS9jngtUR0LbCzHH+vfID4IteKMf
Gk3RJrkxLwRaF5zDNYZ36aETfyABInpHMJIFRoi/yFgLM7N6a7PX/UapSgRVmbVMUS9jngtUR0LbCzHH+vfID4IteKMf
RYhWslOFW8J1ey6ID/t3TWIDyKkVWRVgrMDwWOABk2W0Il6ZxctEBg2cmgJBnDkDH51stPMmwOyh/G5ythz2bk32vwut6zOvM3ejFg==
YaB5Cn8vmFmmB7g7SlqxFlqx+kifPJNZyHanPHTwpCs591BZNwyE/dZyuDP8LnegWH4dUo4YQko+LAEoz/HJzQudL3mjHA==
V047eKDHNRAAfpw96JzylFqx+kifPJNZyHKlMnTwpCs591BZNwyE/dZyuDP8LnegWH4dUo4YQko+LAEoz/HJzQudL3mjHA==
YaB5Cn8vmFmmB7g7SlqxFlqx+kifPJNZyHanPHTwpCs591BZNwyE/dZyuDP8LnegWH4dUo4YQko+LAEoz/HJzQudL3mjHA==
yxgXFqYltdhdbyGxhYXgeZdW/wLJQ/Agt/t9Y47JX////zl11i4dZHk0Y7VjFLdDhP7tOKFazScH98z73heEIX6jGQ==
dBt5yQDamTQzJDMDUddMUZAnVndW43+fYmhmUrrMWyCS/R/6k3pFUlrSoZzJwlJmeDlDDaFF7kxfkAu1+Hq/8BR8fGcJGwj1t6DcEeY+YL+c4m+saJKF/040WqaOoJnkr/0Rgbtxd1WjMA==
yiRBydgeg4uZHtHnb7XXSzfV4vL36NM2V8nVOpp5U2epHx8aHX/Ntemwg0BOVRSlRuRRb28l1JRBTSVcOzqu3ahyWBdPYmB6teI6BHXZVcwx70Ke6xTnwntL0cfaN2iPYm1Yoz8=
d6GAw5gvHG6v2NqGB5o/pvaEJ1eNrSoBhh6IHc/VDwesVF1eWt65kPkuSkoYFZvhkQm2gJ9cU/lIlmdcdNDki7mXkHk3LESdVtL4E/xOt0DY3t0zjvgC6r5MQcjP0Qlti31vWaM8
bgWJn1b+OE0c7jHCwhr5GBd+YCxRRiViWuLBrAkSMvb4qeNdYbXOPF9gK8W4qh9glOycN0kr6MW3kDwhpm6ALxxyz3wo4qUPTkR6Vk7wOXQvbXFRe0EXZaMA
Etx7G7oGsrP6NuEJulSdqyppy9cvmVEZQ08tZlrmybgZBhoS2M3LiTHhBvgfpOOR6H63BDQINKPZv2BBNxS0tTb6KMu8FmeoeLZtyw6AsgIeJBEQD4lZRWtVH2GjBA==
xczoaiv+0vpOlrtLwi8mAwNa5PIeq3ADdE8tZlrmybgZBhoS2M3LiTHhBvgfpOOR6H63BDQINKPZv2BBNxS0tTb6KMu8FmeoeLZtyw6AsgIeJBEQD4lZRWtVH2GjBA==
ADUXHZK3y5nBt6AwO2gyyr9P2TFr20ZWZAtTkTYzbw/5vyu6knEgfGrbIZCjM55ldSmC+4PZmNeHociDwhw4RH5x2VKXxj4yo/1PWwVWeisienjxNVMSV3RyirtOVNdN32SbqxC++RDN6jEfc1dYo8LHKElKoy0=
cZy6wND/CcPHWHluV2u5qD716sB8/8vsqbOfpLS2VK5j+7C9fqmsL1tDBpsmOHsrBtEgmNKWi5tg7Zt5WczYB/E0PPiXYW+JVk8uVzNpVV7DoIvOtrCNyEnQ4apZHdfwAufTyGpvXzgz5nAuZyH2GsnwIkTNaY0sOR+sH0Mj7+IjO6mHwidQL+q9sKPX
bW/LryZ4LjSEX54tWUD84jT2+FW7pmre2fVRTaACL1wk9Ctly7Qv0xV/da85uqX3TzeEC7b3/NEGo2E=
smcCr+qzFeOYvf3/GnGgB4YgOMJxdxrhIlhu8h+NTGC7inBoGUivRpkQ5kqVql+fJYfD68sLo2I=
LlMpQWWHWQ/VasAgv/Mtl9G70I+EsA6KxURPr7Y22NeMyQs5SvgaglyK33QIqlWez9wNnm74KQzv1eHZG4knfaMY
p6jQhCjY+xxeyDw7IBGIKwgtVWQmFxNkdGC+eTA3yUZCmOEMQb90cXMd4AflyoDA3fF5mooGOU9tk270cO3pARRasJDFl+O74PKj1vnD51NPDacMyY5jVavnANzZn9OIvxYk9zZze3du9DQA/NRH7Q+kS4sCvun0HSrh/+PXqEMyB9ipuqPd
CePYAPSNbHM6Q5/KzAevDQgtVWQmFxNkdGC+eTA3yUZCmOEMQb90cXMd4AflyoDA3fF5mooGOU9tk270cO3pARRasJDFl+O74PKj1vnD51NPDacMyY5jVavnANzZn9OIvxYk9zZze3du9DQA/NRH7Q+kS4sGu+nwHCrh/+PXqEMyB9ipuqPd
qIPhKc9D+rp/4/8EHev5Bs0oP9V+YRqsf2UnvFyQTGC7inBoGUeuRpgR5kqVql+fJYfD68sLo2I=
2xLuGmPZsXExUHGQoEwTHxMJcc09+2zcqe4CBJfpazYXk5pNB4FXcBRELHyjjmBEMXPu+iC1VsYdPv/D/cMThyN/ox4=
lOWT5aR8p9vBMM61dm7wiLOHuK6n99x9XizH+Jp/YA2Twr7sN9m8mc5/3HCvFnBuwYO0cr4LWdq/xaccHHBMgPsq8MjZJ64mWLFm6tVKX39lJ0NLC2ujAg==
qVBbkREHOmDRHMEzHUznf1cz4rgMHP5EgO6drLWriAVvT3nlofH+JmI+BFb1UDsheNWw/DIedtz165RqrgNZ4s/tR0RMuIz4S8JQUEmvK56rGQYyBQIfh1VPY1MbY6M6
giKO8t1rWGy4nJXtrOmHgwgtVWQmFxNkdGC+eTA3yUZCmOEMQb90cXMd4AflyoDA3fF5mooGOU9tk270cO3pARRasJDFl+O74PKj1vnD51NPDacMyY5jVavnANzZn9OIvxYk9zZze3du9DQA/NRH7Q+kS4sAv+n1HCrh/+PXqEMyB9ipuqPd
kmoCAPhRL5zlP1Gnec1yeM0oP9V+YRqsfWUnvF6QTGC7inBoGUKpRpoR5kqVql+fJYfD68sLo2I=
lp1Ooilm+01HzpWEW1TA5hMJcc09+2zcqe4CBJfpazYXk5pNBYFXcBZELHyjjmBEMXbp+iK1VsYdPv/D/cMThyN/ox4=
0TkTo58nO4uTaEvCyvvcArKHuK6n99x9XizH+Jp/YA2Twr7sN9m8mc5/3HCvFnBuwYO0cr4LWdq9xaccHnBMgPsq8MjZIqkmWrFm6tVKX39lJ0NLC2ujAg==
fXCGyxZ/X934RiFF+qg9HzaprzwYhpjgvrjIZMku/9fsde7W95CqGAQGQ49tnVlNaHrX7VYRQT6mC32z3p5opBJXYSEBZNW/fkjwvGv9Y6tVdbakQqT4v0wSCCIHlpyT19Q8Wn20A2IP+eIAv3+vs48sTmdmMWKFl52nUuA1Ftscsk+8KCIlxk8E/hdOsLk0Ly3xkXuBl6WjwA==
jWSk53hD9M1WMgKmZ7wcsmyKLa35IGDwjv2s9cQ0wjLC4Jxv27XgvkJyZChvfwGsCpytZe3E2Y0SPHKNtM+DfYEcfg29y6kacV3e7pwGk1P3OcWDCi7KOnw9zJSEuJ8YKGFnQqDwlQpnwO8fTnoHkXvh35qyrS5vpkfX2+uIOHti6exkE9YA3AGkbyISLTaerSY/W82bc5+Tp6PG
SgyqN2EU1V7gU1/5+i+W0SM7KZ4Vfm0gOl25HUN0XW6hj0hZdBR1ps2NKgMojbXWFHlZ3bpolkC1kcxwbIIWdfC/zLUTh26u+4bptzLZ4h2ueBkG4zp+DFFO58up1soPHwIXKWPxU3+qNPWDEPWaZxcgOkLWQOS3vkF3jCo8IiTZUZHcFTfXX/fIAlK/Qz0nNv9sf4aVpKPD
yb5zg5LoS+mlFIp3XuJAchK/On25gH8SfT8qEqNfqlJGO/N3W3gRJoqU9/Hm6BL55wbGTSOVYKzUAPdVOi8WP9irtct2XckjDA4ZInPfiC1wjTzM4455vvyM08p9Q1NiWJ+N9q1B+VWx38iQL2uqgci3xZRACgyEpvf8ha3EUAjw9IslqzTPE7V/FewYOoW3Lzcky5Z3nJGmo8E=
AkdLbDKJl566Vc6KC+ceptPL7/0mZ9/wawFpdCxUtlW1G3AHLBIydirc5fSfDNa7EIoWNaUosy5hugaYJ1RN9cBQuB5WZyAFb8+qbr/O1UcegYY9SkB1Fv8yegxVRvvbxe4uL3taO9lfuRe/bnyJM/wtPgez2JbSSshgNzrJ6xyGRIbEfQn9bOn/kx8zAD4ik5vZB1LHgG+anaCjxw==
lUHxxvqs30rieiiGa3yCcBK/On25gH8SfT8qEqNfqlJGO/N3W3gRJoqU9/Hm6BL55wbGTSOVYKzUAPdVFjgWKNmkqMt2XckjDA4ZInPfiC1wjTzM4455vvyM08p9Q1NiWJ+N9q1B+VWx38iQL2uqgci3xZRACgyEpvf8ha3EUAjw9IslqzTPE7V/FewYOoW3Lzcky5Z3nJGmo8E=
WXstbz6VHm/dCrmNbAymvtPL7/0mZ9/wawFpdCxUtlW1G3AHLBIycCrc5fSZDNa7EIoWNaUosy5hugaYNlJP4MREuB5WZyAFb8+qbr/O1UcegYY9SkB1Fv8yegxVRvvbxe4uL3taO9lfuRe/bnyJM/wtPgez2JbSSshgNzrJ6xyGRIbEfQn9bOn/kx8zAD4ik5vZB1LHgG+anaCjxw==
nwVPN6rHajZnodwQxEJfajaprzwYhpjgvrjIZMku/9fsde7W95CqHhVeG597lg0Sb3nCxBByBnyxU2rz2qxvsgdKYSEBZNW/fkjwvGv9Y6tVdbakQqT4v0wSCCIHlpyT19Q8Wn20A2IP+eIAv3+vs48sTmdmMWKFl52nUuA1Ftscsk+8KCIlxk8E/hdOsLk0Ly3xkXuBl6WjwA==
l7+RvTdRKXknTGzKnm9qFTaprzwYhpjgvrjIZMku/9fsde7W95CqHhVeG597lg0Sb3nCxBByBnyxU2rz079lrwdIYSEBZNW/fkjwvGv9Y6tVdbakQqT4v0wSCCIHlpyT19Q8Wn20A2IP+eIAv3+vs48sTmdmMWKFl52nUuA1Ftscsk+8KCIlxk8E/hdOsLk0Ly3xkXuBl6WjwA==
pc5NOOem3USgoKKMuEXvLY/Q2lElChfPg0NwqJT4v5GmV3tXw4Eq7OHhZGIcf6Teg1S2Q7fRS5oyCl1BmeX5LU5U+d1ttgBWZR/5VrmZnpKk8qM/393lnxI62jZ0Ocyo/IxvNEBFh574pEXGL4Qv4/YOt33ThX8GKjm+4y7DV2cTPEjXik2MOMsCUJDJYC9eKtkG8oXCH0fVj2OTm6Oj+g==
BmDq9wn4oJeFC8cfO/LiULy1soOfC6vu2qoqH6hWOhUI+/iIs34zYmnxs7WdzHPeugKwDzDh+IvpgUxAIRMI95bt3FnEWlpoXKofFIgKFXPIvMA/7hhpLO+1IXmbaWddozg=
ia54JFdYRwp9hGgnAPxJi+VEncJnCC8ZnS85aH8DeJYUdDznvSIeQ2lmWEg0JinP9bH30ZblbFn/GcOK/b4eXNoKTqH26qm1kHJePxVlGJhxuF1ErSntrFlfyBtjZ01ig/uJh+LnsK8KfVCjNw==
/ohpFLRV9QsM3BoYTIbeHAgtVWQmFxNkdGC+eTA3yUZCmOEMQb90cXMd4AflyoDA3fF5mooGOU9tk270cO3pARRasJDFl+O74PKj1vnD51NPDacMyY5jVavnANzZn9OIvxYk9zZze3du9DQA/NRH7Q+kS4sEuOnyHyrh/+PXqEMyB9ipuqPd
pfBXZEbksExyiZalUFxg6wgtVWQmFxNkdGC+eTA3yUZCmOEMQb90cXMd4AflyoDA3fF5mooGOU9tk270cO3pARRasJDFl+O74PKj1vnD51NPDacMyY5jVavnANzZn9OIvxYk9zZze3du9DQA/NRH7Q+kS4sJuen2Hyrh/+PXqEMyB9ipuqPd
z7oYNsBvYbEPA11FMkWq9D716sB8/8vsqbOfpLS2VK5j+7C9fqmsL1tDBpsmOHsrBtEgmNKWi5tg7Zt5WczYB/E0PPiXYW+JVk8uVzNpVV7DoIvOtrCNyEnQ4apZHdfwAufTyGpvXzgz5nAuZyH2GsnwIkTNaY0sOR+oG0Mg7eIjO6mHwidQL+q9sKPX
DuMxs5BT23dgTlyX9CaoLzT2+FW7pmre2fVRTaACL1wk9Ctly7Qv0xl7daw7uqX3TzeEC7b3/NEGo2E=
470fn4hDjtvglzE8lCOKs4YgOMJxdxrhIlhu8h+NTGC7inBoGUSrRpoS5kqVql+fJYfD68sLo2I=
D/9RoHKEdVLUWYmkrE5J6NG70I+EsA6KxURPr7Y22NeMyQs5SvgaglyK33QIqlWSy9wOnG74KQzv1eHZG4knfaMY
73iuGNCGDpnJ8CF9wJHlkz716sB8/8vsqbOfpLS2VK5j+7C9fqmsL1tDBpsmOHsrBtEgmNKWi5tg7Zt5WczYB/E0PPiXYW+JVk8uVzNpVV7DoIvOtrCNyEnQ4apZHdfwAufTyGpvXzgz5nAuZyH2GsnwIkTNaY0sOR+jHkMg7eIjO6mHwidQL+q9sKPX
ST/9kfg6UdJ6iD9lJDzyxjT2+FW7pmre2fVRTaACL1wk9Ctly7Qv0xR+daw7uqX3TzeEC7b3/NEGo2E=
PHE8y850sdSEB190ANjFFoYgOMJxdxrhIlhu8h+NTGC7inBoGUmuRpoS5kqVql+fJYfD68sLo2I=
/f/cB1JVbrFn2ZrvEefE5dG70I+EsA6KxURPr7Y22NeMyQs5SvgaglyK33QIqlWfztwOnG74KQzv1eHZG4knfaMY
FQk5FarQxAvQfs+miCiDGj716sB8/8vsqbOfpLS2VK5j+7C9fqmsL1tDBpsmOHsrBtEgmNKWi5tg7Zt5WczYB/E0PPiXYW+JVk8uVzNpVV7DoIvOtrCNyEnQ4apZHdfwAufTyGpvXzgz5nAuZyH2GsnwIkTNaY0sOR+iG0Mv7eIjO6mHwidQL+q9sKPX
fj2HtM4thmtpPyhvElgVlzT2+FW7pmre2fVRTaACL1wk9Ctly7Qv0x16daM7uqX3TzeEC7b3/NEGo2E=
xGdWZ/39MFipkpzUEmp5ZIYgOMJxdxrhIlhu8h+NTGC7inBoGUCqRpUS5kqVql+fJYfD68sLo2I=
r99XltiQbSfJeVpZ7rvLFdG70I+EsA6KxURPr7Y22NeMyQs5SvgaglyK33QIqlWWytwBnG74KQzv1eHZG4knfaMY
5pgyNKBA/00nTMRcGKCOhT716sB8/8vsqbOfpLS2VK5j+7C9fqmsL1tDBpsmOHsrBtEgmNKWi5tg7Zt5WczYB/E0PPiXYW+JVk8uVzNpVV7DoIvOtrCNyEnQ4apZHdfwAufTyGpvXzgz5nAuZyH2GsnwIkTNaY0sOR+oGkMv7eIjO6mHwidQL+q9sKPX
pmyyd4X7CcB14Fx2uPMNBzT2+FW7pmre2fVRTaACL1wk9Ctly7Qv0xl6daM7uqX3TzeEC7b3/NEGo2E=
9Et+HvOri0CSPDhqlzzcRYYgOMJxdxrhIlhu8h+NTGC7inBoGUSqRpUS5kqVql+fJYfD68sLo2I=
4fMloeWR4uaoNKv//ma/UdG70I+EsA6KxURPr7Y22NeMyQs5SvgaglyK33QIqlWSytwBnG74KQzv1eHZG4knfaMY
7aeeRJtyjAMKV4fjvSRTbVqx+kifPJNZyHKlMnTwpCs591BZNwyE/dZyuDP8LnegWH4dW4oYSUg+LAEoz/HJzQudL3mjHA==
p4IpMR+byy1f7vkeGWGVuy0OrizDEEgIFwvKIV2xG8ypyQbGk7/MoWczGBFSgdyhrpHNTamqQ5UBU68JO7vKjoudYqYQdki26jDT3PfUJ61vJOvLKLoJO/+qQb/D18gDkod4aVqjPQ==
mvn0crc0HF8EM7KYAxgodLLacwjs7XpA3wefFunCBhaFQwBQf43ioPclXwlJFZvhzRi7mvoSR/ZnwlQQQ/Pk1LGHgHMWaVTNVM7yDPxOt0DY3t07ivgJ6L5MQcjP0Qlti31vWaM8
W8zeOJS1qAm0xvIV3DmDVl9Cv01iAHuF0ia31j4ss6NK3yNSugj3/cB9MBlW0eC7g/e1k1xBOhIrtiIgH4vQTjPV1YevqJSMkX+QexZhRDV0loJEPIYHGLhmTbMKcJlQXpTxgI8Z+bWrBX9RozQ=
liaro0mbZThbx016GuaSitPMwr7RZHzz7tEz7SK99ce1GB94vX45KytImsSN2cjzKWhaPqjLFmft/3reANGYuodSRSUs+t62huqkCB0AuaQJcYEchZcGWicnkZKvo+2nxh+cv3Z1VKMz
jBAFnxBMaFp8EXbMOmPBoxUEv+8aUqbz+NWFqWKL9/6Fmew85+kckbO0VNRaP+WEITtpl7LHl0QbXg8Daws/YAIxMqUl+besrRlKhUd/YT4IPjkR5CFWt6jXbKiGTkygO8pwqJkJqgYV0uYKFWpfX6XHwytLS6Mi
KWFnRN7J1Nc//k3lbsO/mNPMwr7RZH/z7tEz7SK99ce1GB94vX45KytImsSN2cjzKWhaPqjLFmft/3reANGYuYdSRSUs+t62huqkCB0AuaQJcYEchZcGWicnkZKvo+2nxh+cv3Z1VKMz
1TMfvlyKXXTJG3mbGATNKOVEncJnCC8ZnS85aH8DeJYUdDznvSIeQ2lmWEg0JinP9bH30ZblbFn/GcOK/b4eXNoKTqH26qm1kHJaNgJiGJhxuF1ErSntrFlfwhpjb01ig/uJh+LnsK8KfVCjNw==
4wXpMRyR19CfFWckNAeUMb2z5pxai8JtFi96wFN0nlIvGdIpt+Aqhnt3SPu1m9ZPXCAgNEBDPeKMz9ILk0ErORq0/mW2p6F3WEZZOdQ5Vr+470zA9hYMaOsykAApkSqOhWpG4uWynxf1v6MDe1OjKg==
/m9Ow0azGRcXNZOFsXti3l9Cv01iAHuF0n3izCknqbJn3w9Esg3/3YkIQwprha//16P00U1MICU6rTcjS4fGTibT4tXzuJSMkX+QexZhRDV0loJEPIYHGLhmTbMKcJlQXpTxgI8Z+bWrBX9RozQ=
mrInMhkqyTnMhcmMYjDAk97fEUthsDF1GzjOiCu93SgjQU1CzghhoJgHH/QkbQEXCFs6P4Tdx+CIiJuUzQeu4xFHx7VcCQc/awI9BQQKxraemowo5dDx5EHBWfwtB37an7d5MvfTpWcOz6TfHkVMoys=
9g5/dsypchS6I05R0xLiXl9Cv01iAHuF0ia31j4ss6NK3yNSugj3/cB7MBlW0eC52KL00U1MICU6rTcjS4fGTibT4tXyuZSMkX+QexZhRDV0loJEPIYHGLhmTbMKcJlQXpTxgI8Z+bWrBX9RozQ=
2D2eQEqpyb9Oo/cgDrh5Wr2z5pxai8NtFi96wFN0nlIvGdIpt+Aqhnt3SPu1m9ZPXCEgNEBDPeKMz9ILk0ErORq0/mW2p6N3WEZZOdQ5Vr+470zA9hYMaOsykAApkSqOhWpG4uWynxf1v6MDe1OjKg==
7aeeRJtyjAMKV4fjvSRTbVqx+kifPJNZyHKlMnTwpCs591BZNwyE/dZyuDP8LnegWH4dW4oYSUg+LAEoz/HJzQudL3mjHA==
mvn0crc0HF8EM7KYAxgodLLacwjs7XpA3wefFunCBhaFQwBQf43ioPclXwlJFZvhzRi7mvoSR/ZnwlQQQ/Pk1LGHgHMWaVTNVM7yDPxOt0DY3t07ivgJ6L5MQcjP0Qlti31vWaM8
jBAFnxBMaFp8EXbMOmPBoxUEv+8aUqbz+NWFqWKL9/6Fmew85+kckbO0VNRaP+WEITtpl7LHl0QbXg8Daws/YAIxMqUl+besrRlKhUd/YT4IPjkR5CFWt6jXbKiGTkygO8pwqJkJqgYV0uYKFWpfX6XHwytLS6Mi
KWFnRN7J1Nc//k3lbsO/mNPMwr7RZH/z7tEz7SK99ce1GB94vX45KytImsSN2cjzKWhaPqjLFmft/3reANGYuYdSRSUs+t62huqkCB0AuaQJcYEchZcGWicnkZKvo+2nxh+cv3Z1VKMz
p4IpMR+byy1f7vkeGWGVuy0OrizDEEgIFwvKIV2xG8ypyQbGk7/MoWczGBFSgdyhrpHNTamqQ5UBU68JO7vKjoudYqYQdki26jDT3PfUJ61vJOvLKLoJO/+qQb/D18gDkod4aVqjPQ==
I19Pw9xNPZ8nUkkBA8JA87y1soOfC6vu2qoqH6hWOhUI+/iIs34zYmnxs7WdzHPeugKwDzDh+IvpgUxAIRMI95bt3FnEWlpoXKofFIgKFX/KvME87hhpLO+1IXmbaWddozg=
4wXpMRyR19CfFWckNAeUMb2z5pxai8JtFi96wFN0nlIvGdIpt+Aqhnt3SPu1m9ZPXCAgNEBDPeKMz9ILk0ErORq0/mW2p6F3WEZZOdQ5Vr+470zA9hYMaOsykAApkSqOhWpG4uWynxf1v6MDe1OjKg==
liaro0mbZThbx016GuaSitPMwr7RZHzz7tEz7SK99ce1GB94vX45KytImsSN2cjzKWhaPqjLFmft/3reANGYuodSRSUs+t62huqkCB0AuaQJcYEchZcGWicnkZKvo+2nxh+cv3Z1VKMz
2D2eQEqpyb9Oo/cgDrh5Wr2z5pxai8NtFi96wFN0nlIvGdIpt+Aqhnt3SPu1m9ZPXCEgNEBDPeKMz9ILk0ErORq0/mW2p6N3WEZZOdQ5Vr+470zA9hYMaOsykAApkSqOhWpG4uWynxf1v6MDe1OjKg==
9g5/dsypchS6I05R0xLiXl9Cv01iAHuF0ia31j4ss6NK3yNSugj3/cB7MBlW0eC52KL00U1MICU6rTcjS4fGTibT4tXyuZSMkX+QexZhRDV0loJEPIYHGLhmTbMKcJlQXpTxgI8Z+bWrBX9RozQ=
mrInMhkqyTnMhcmMYjDAk97fEUthsDF1GzjOiCu93SgjQU1CzghhoJgHH/QkbQEXCFs6P4Tdx+CIiJuUzQeu4xFHx7VcCQc/awI9BQQKxraemowo5dDx5EHBWfwtB37an7d5MvfTpWcOz6TfHkVMoys=
/m9Ow0azGRcXNZOFsXti3l9Cv01iAHuF0n3izCknqbJn3w9Esg3/3YkIQwprha//16P00U1MICU6rTcjS4fGTibT4tXzuJSMkX+QexZhRDV0loJEPIYHGLhmTbMKcJlQXpTxgI8Z+bWrBX9RozQ=
W8zeOJS1qAm0xvIV3DmDVl9Cv01iAHuF0ia31j4ss6NK3yNSugj3/cB9MBlW0eC7g/e1k1xBOhIrtiIgH4vQTjPV1YevqJSMkX+QexZhRDV0loJEPIYHGLhmTbMKcJlQXpTxgI8Z+bWrBX9RozQ=
7aeeRJtyjAMKV4fjvSRTbVqx+kifPJNZyHKlMnTwpCs591BZNwyE/dZyuDP8LnegWH4dW4oYSUg+LAEoz/HJzQudL3mjHA==
mrInMhkqyTnMhcmMYjDAk97fEUthsDF1GzjOiCu93SgjQU1CzghhoJgHH/QkbQEXCFs6P4Tdx+CIiJuUzQeu4xFHx7VcCQc/awI9BQQKxraemowo5dDx5EHBWfwtB37an7d5MvfTpWcOz6TfHkVMoys=
9g5/dsypchS6I05R0xLiXl9Cv01iAHuF0ia31j4ss6NK3yNSugj3/cB7MBlW0eC52KL00U1MICU6rTcjS4fGTibT4tXyuZSMkX+QexZhRDV0loJEPIYHGLhmTbMKcJlQXpTxgI8Z+bWrBX9RozQ=
I19Pw9xNPZ8nUkkBA8JA87y1soOfC6vu2qoqH6hWOhUI+/iIs34zYmnxs7WdzHPeugKwDzDh+IvpgUxAIRMI95bt3FnEWlpoXKofFIgKFX/KvME87hhpLO+1IXmbaWddozg=
4wXpMRyR19CfFWckNAeUMb2z5pxai8JtFi96wFN0nlIvGdIpt+Aqhnt3SPu1m9ZPXCAgNEBDPeKMz9ILk0ErORq0/mW2p6F3WEZZOdQ5Vr+470zA9hYMaOsykAApkSqOhWpG4uWynxf1v6MDe1OjKg==
/m9Ow0azGRcXNZOFsXti3l9Cv01iAHuF0n3izCknqbJn3w9Esg3/3YkIQwprha//16P00U1MICU6rTcjS4fGTibT4tXzuJSMkX+QexZhRDV0loJEPIYHGLhmTbMKcJlQXpTxgI8Z+bWrBX9RozQ=
2D2eQEqpyb9Oo/cgDrh5Wr2z5pxai8NtFi96wFN0nlIvGdIpt+Aqhnt3SPu1m9ZPXCEgNEBDPeKMz9ILk0ErORq0/mW2p6N3WEZZOdQ5Vr+470zA9hYMaOsykAApkSqOhWpG4uWynxf1v6MDe1OjKg==
W8zeOJS1qAm0xvIV3DmDVl9Cv01iAHuF0ia31j4ss6NK3yNSugj3/cB9MBlW0eC7g/e1k1xBOhIrtiIgH4vQTjPV1YevqJSMkX+QexZhRDV0loJEPIYHGLhmTbMKcJlQXpTxgI8Z+bWrBX9RozQ=
mvn0crc0HF8EM7KYAxgodLLacwjs7XpA3wefFunCBhaFQwBQf43ioPclXwlJFZvhzRi7mvoSR/ZnwlQQQ/Pk1LGHgHMWaVTNVM7yDPxOt0DY3t07ivgJ6L5MQcjP0Qlti31vWaM8
KWFnRN7J1Nc//k3lbsO/mNPMwr7RZH/z7tEz7SK99ce1GB94vX45KytImsSN2cjzKWhaPqjLFmft/3reANGYuYdSRSUs+t62huqkCB0AuaQJcYEchZcGWicnkZKvo+2nxh+cv3Z1VKMz
liaro0mbZThbx016GuaSitPMwr7RZHzz7tEz7SK99ce1GB94vX45KytImsSN2cjzKWhaPqjLFmft/3reANGYuodSRSUs+t62huqkCB0AuaQJcYEchZcGWicnkZKvo+2nxh+cv3Z1VKMz
jBAFnxBMaFp8EXbMOmPBoxUEv+8aUqbz+NWFqWKL9/6Fmew85+kckbO0VNRaP+WEITtpl7LHl0QbXg8Daws/YAIxMqUl+besrRlKhUd/YT4IPjkR5CFWt6jXbKiGTkygO8pwqJkJqgYV0uYKFWpfX6XHwytLS6Mi
p4IpMR+byy1f7vkeGWGVuy0OrizDEEgIFwvKIV2xG8ypyQbGk7/MoWczGBFSgdyhrpHNTamqQ5UBU68JO7vKjoudYqYQdki26jDT3PfUJ61vJOvLKLoJO/+qQb/D18gDkod4aVqjPQ==
7aeeRJtyjAMKV4fjvSRTbVqx+kifPJNZyHKlMnTwpCs591BZNwyE/dZyuDP8LnegWH4dW4oYSUg+LAEoz/HJzQudL3mjHA==
7aeeRJtyjAMKV4fjvSRTbVqx+kifPJNZyHKlMnTwpCs591BZNwyE/dZyuDP8LnegWH4dW4oYSUg+LAEoz/HJzQudL3mjHA==
dTaKaB9AMOqg4/XKV5sN8NwQhTciQTjkAUEZ/O2HvtrfN7kyN1PlZ05PZN/exQyjaw==
uRfxbJ57mrnOx6sitVoVSDT2+FW7pmre2fVRTaACL1wk9Ctly7Qv0xR6daM7uqX3TzeEC7b3/NEGo2E=
/mYcT8N2/xo6vAtQOMYJuIYgOMJxdxrhIlhu8h+NTGC7inBoGUmqRpUS5kqVql+fJYfD68sLo2I=
C9Hl9IGGkn5g4WI03Nll3KSckOb7tSRhB+DNX86y2zumtitTtMf6BSg9QGupcRJXNiglqig7VmYHE981vsklLsfRnnNSBNes5a2O6Iyw+9CFmvlU3hi+XHv2i3u2gLf0rpryxxXXU1RJQ+hfepXMUNs6sFh5+ar29SIm+vWa369FNwPbq7uj0g==
C9Hl9IGGkn5g4WI03Nll3KSckOb7tSRhB+DNX86y2zumtitTtMf6BSg9QGupcRJXNiglqig7VmYHE981vsklLsfRnnNSBNes5a2O6Iyw+9CFmvlU3hi+XHv2i3u2gLf0rpryxxXXU1RJQ+hfepXMUNs6sFh5+ar29SIm+vWa369FNwPbq7uj0g==
C9Hl9IGGkn5g4WI03Nll3KSckOb7tSRhB+DNX86y2zumtitTtMf6BSg9QGupcRJXNiglqig7VmYHE981vsklLsfRnnNSBNes5a2O6Iyw+9CFmvlU3hi+XHv2i3u2gLf0rpryxxXXU1RJQ+hfepXMUNs6sFh5+ar29SIm+vWa369FNwPbq7uj0g==
C9Hl9IGGkn5g4WI03Nll3KSckOb7tSRhB+DNX86y2zumtitTtMf6BSg9QGupcRJXNiglqig7VmYHE981vsklLsfRnnNSBNes5a2O6Iyw+9CFmvlU3hi+XHv2i3u2gLf0rpryxxXXU1RJQ+hfepXMUNs6sFh5+ar29SIm+vWa369FNwPbq7uj0g==
C9Hl9IGGkn5g4WI03Nll3KSckOb7tSRhB+DNX86y2zumtitTtMf6BSg9QGupcRJXNiglqig7VmYHE981vsklLsfRnnNSBNes5a2O6Iyw+9CFmvlU3hi+XHv2i3u2gLf0rpryxxXXU1RJQ+hfepXMUNs6sFh5+ar29SIm+vWa369FNwPbq7uj0g==
+SWzESMobWlrd0stm1O/GHM1mRjFp93noeDaZE02kZyGhEg/f/eJC6qevwaHPwDAybzEWmB9AfUsh/dWcHt+oPQd7CSTlgCcgeVqYp1uNt4tZj+bTVtzXxNnowY=
vKUdDIseIje0BNX1Csxq+ANa5PIeq3ADdE8tZlrmybgZBhoS2M3LiTHhBvgfpOOR6Hq1CjQINKPZv2BBNxS0tTb6KMu8FmeoeLZtwwqAuQAeJBEQD4lZRWtVH2GjBA==
CuRrKeM5KLDzsE5rh2+mpSppy9cvmVEZQ08tZlrmybgZBhoS2M3LiTHhBvgfpOOR6Hq1CjQINKPZv2BBNxS0tTb6KMu8FmeoeLZtwwqAuQAeJBEQD4lZRWtVH2GjBA==
iKo6YBy+2dfa/2iuj2zdCRd+YCxRRiViWuLBrAkSMvb4qeNdYbXOPF9gK8W4rh1ulOycN0kr6MW3kDwhpm6ALxxyz3wo4qUHSkRxVE7wOXQvbXFRe0EXZaMA
51+NsjOpfx2FjMVmzI/MovaEJ1eNrSoBhh6IHc/VDwesVF1eWt65kPkuSkoYFZvhkQm2gJ9cU/lIkmVSdNDki7mXkHk3LESdVtL4E/xOt0DY3t07ivgJ6L5MQcjP0Qlti31vWaM8
Jb/vZ5IykOh6ADO0NeTJPjfV4vL36NM2V8nVOpp5U2epHx8aHX/Ntemwg0BOVRSlRuRRb28l1JRFTytcOzqu3ahyWBdPYmB6teI6BHXZVcwx70qa6x/lwntL0cfaN2iPYm1Yoz8=
nk+HLAwiRWMZuWFCUwG9wJAnVndW43+fYmhmUrrMWyCS/R/6k3pFUlrSoZzJwlJmeDlDDaFF7kxfkAu1+H69/hR8fGcJGwj1t6DcEeY+YL+c4m+saJKF90o0UaSOoJnkr/0Rgbtxd1WjMA==
k4Z+9XKPLXMNgPzKnkln0O3Gqw31jDM+uon+BXMQWs7wtWUvJQdpky/bDlCkP+wtk6yVAxsnDAn68zVKXpu4hRL0S6VrNI+T+XlVY1s6xTdvN2RLVndcEWajAQ==
