0c3SXpfH4u+tQ0HB1oYWNw7Ow/1RR6Sv2kZhW3yMiO5zvmY5PIzzKSzCiIJy1wD6/NAlt5mYKZc7ibl+T1WH2bX1271ekZdzJ48EX74Ffa4I
64l8EktnMhJdxn4fqMZBgGh0k9Ui5K+E/boqLCINSE0W+2ZujZyL2s0j9bw7J76z+AJzT1idlMb0iOSf2fy+37H/cqmFX23z0jqF/eP9FDtWcftFKlU/WJF5XF455F+wGoyvMoni6zrxNSNqWyip3cstT1iuLw==
64l8EktnMhJdxn4fqMZBgGh0k9Ui5K+E/boqLCINSE0W+2ZujZyL2s0j9bw7J76z+AJzT1idlMb0iOSf2fy+37H/cqmFX23z0jqF/eP9FDtWcftFKlU/WJF5XF455F+wGoyvMoni6zrxNSNqWyip3cstT1iuLw==
zKeOrdayyYO0i4Uvwy0nLBHwceNAc3KpuDEXxJ2rN7XGfkhz0iuOF6vpST6fdbfYxRWLfe4xB/PX79QfjiVtrhg=
RDHL/wAJcPhNbxB9wicjCJGTh++VDSi/sMAj8jWL5MeZTjpAn2hSFgF908jXnZ2iZyxLNejNFmG5gGnDCOPK6aABXyQl+9+1rq7wExobltcTeYEeh4UfWC0lk52mof+zzx+cv3Z1Ra4w
D9nT7Xx90ISLkW3bKMHWq5yzTw1KpHa8NZdfPKyFLM6+mdZMJwQ87vO+ipIeRCnpyy1xpKqO52G9GRFlQwDo1E201QNUR4eDlRVfhusu4ibjROjQ79TZb1/M66o9Y5NnY06uPQ==
C6orGrFRGwZhkkuP/CeDbjHe5PvT8cM9bd3TNrhiRmGEUl4WDWXH+KO1gUJbRB/lHPVaIXV43ZNcSzZJPGnr1LFjUzUiNmRjrvMKd2/RVc4z/VOY4R3nzXJJw9PTN2iPYm1Jrjw=
T06jPbhwcHOZoYNY75wV4yy9lQathGIWMZ3jiGd9LSL3zJt1uC0GYamguYNYQ1pp0KGvZFXbL7XejgDTartmV4PZUd7XpQ9YPUVDXfbBbzN/fyx/RhV1rgA=
jF9eC4GAOVl4+lrMqP89WMkSiGRQhmA3s5FmFjWV/5iLRUkCE5S3hYRlwqHt6EUzNJv+CXRZA/TJU6s1WgacQ8bDwrcngb1uq23LGHmNfy3aGQsTm0dAb1odca4E
5y/lYwZA9S05KbRhVJOdb+Ahp0FhtEEthJFmFjWV/5iLRUkCE5S3hYRlwqHt6EUzNJv+CXRZA/TJU6s1WgacQ8bDwrcngb1uq23LGHmNfy3aGQsTm0dAb1odca4E
M0viyM9J12yUrk6eBwIVkvrAoBn2jzM/4JazGXkAHcm/smU4IR0iiWTBSwTja+I3iLmCFVUsDx/t9RxKWpuQjzSHUa1rNo2B7XhfYVk1zDV9I21LVndcEXeuAg==
NJEG3VVxl4wNql2139Ge9Gh0k9Ui5K+E/boqLCINSE0W+2ZujZyL2s0j9bw7J76z+AJzT1idlMb0iOSf2fy+37H/cqmFX23z0jqF/eP9FDtWcftFKlU/WJF5XF455F+wGoyvMoji6zrxNSNqWyip3cstT1iuLw==
GMFLd+MS0/UdBTBeg7rbS87RUkHLkaU+ij8oliEVVX1vSIfcqgD3PkNsszbBWftGO4Qxsfvh1xSuYw==
mdhAavMeGZmCtINVjHxq0I9d8kREad3BNHTEIZs7jcWfZlk5QbMxmQ3leJ2hQ5EjgsfoyRuubg==
Dzt3OIv0nxKvk+A6hPzOTMwbgmMuVRSCG0kZ/u+Vp9vWNbs9PlH3c0dPZN/exR2uaA==
ilp1RW5/Q7MMMqW1JuZREfctNglVOD0TPI8UR9ypi1QRI7M1QvbE406zandPkbVOUz1zmwJdR03SCSPT8/fID4Itaa4c
JkeLFpS8+B984XEMWuA9+fctNglVOD0TPIsWSdypi1QRI7M1QvbE406zandPkbVOUz1zmwJdR03SCSPT8/fID4Itaa4c
6AL3TUvtb2TSAc9wIKkDrB+zeuFcYXO7qSFU1IL+N/38O1Ij3jWEAqvpST6fdbfbxhWLfe4xB/PX79QfjiVtrhg=
vEFkBdpDmMlPDrE0sYE37fctNglVOD0TPI8UR9ypi1QRI7M1QvbE406zandPkbVOUz1zkwFdRk3SCSPT8/fID4Itaa4c
qDqH5BL0k8nS+Ien+ucIvjthThp2YmkyY/KSwrvII8QHqUkrZ+CLXnV/o8P7Aq5p
cAnFHZ8fn3INaka2HUIMNc7RUkHLkaU+ij8oliEVVX1vSIfcqgD3PkNuszfBWftGO4Qxsfvh1xSuYw==
YRTv/Kbin8lSibfzd5KOP49d8kREad3BNHTEIZs7jcWfZlk5QbMzmQzleJ2hQ5EjgsfoyRuubg==
BmU/uU0DD2RygIGMFyoz8/rAoBn2jzM/4JazGXkAHcm/smU4IR0iiWTBSwTja+IzireCFVUsDx/t9RxKWpuQjzSHUa1rNo2B7XNfYVg1zDV9I21LVndcEXeuAg==
TDyeZRzxqqDZfqOPeoawGOAhp0FhtEEthJFmFjWV/5iLRUkCE5S3hYRlwqHt6EUzNJ/8B3RZA/TJU6s1WgacQ8bDwrcngb1uq23LE3mNfi3aGQsTm0dAb1odca4E
eR2NFOR63J7/zsrz4vl7GMkSiGRQhmA3s5FmFjWV/5iLRUkCE5S3hYRlwqHt6EUzNJ/8B3RZA/TJU6s1WgacQ8bDwrcngb1uq23LE3mNfi3aGQsTm0dAb1odca4E
5/O72bWa2QKQZADXt6Kquiy9lQathGIWMZ3jiGd9LSL3zJt1uC0GYamguYNYR1hn0KGvZFXbL7XejgDTartmV4PZUd7XpQ9TPUVCXfbBbzN/fyx/RhV1rgA=
4gULxOg+DhnaAIwCCQmZFDHe5PvT8cM9bd3TNrhiRmGEUl4WDWXH+KO1gUJbRB/lHPVaIXV43ZNcTzRHPGnr1LFjUzUiNmRjrvMKd2/RVc4z/VOT4R3mzXJJw9PTN2iPYm1Jrjw=
ZI3JMOucSVNRnxrzRjE6lZyzTw1KpHa8NZdfPKyFLM6+mdZMJwQ87vO+ipIeRCnpyy1xpKqO52G5Gx9lQwDo1E201QNUR4eDlRVfhusu4ibjROPQ79XZb1/M66o9Y5NnY06uPQ==
7g2HvASHxtLJlXn7eh/Q6ZGTh++VDSi/sMAj8jWL5MeZTjpAn2hSFgF908jXnZ2iZyxLNejNFmG5gGnDCOfI56ABXyQl+9+1rq7wExobltcTeYEeh4UfUy0lkp2mof+zzx+cv3Z1Ra4w
sejAtOncy/eUlm+9xjCoogl+bz9ce25+TeGGoEQFOva3uedQLrXOPFEuKcXx5ApvievfN0sw48mJ2Sxxv2yiBHlox3wq4LceQ05zV0H5O2Y7ZHFRe0EXdK4D
