iidyvdWL/ETOLt03HJar7A7Ow/1RR6Sv2kZhW3yMiO5zvmY5PIzzKSzCiIJy1wD6/NAlt5mYKZc7ibl+T1WH37T107tekZdzJ48EX74Ffa4I
5iNls0q4ZxoWKWKZiYa3K2h0k9Ui5K+E/boqLCINSE0W+2ZujZyL2s0j9bw7J76z+AJzT1idlMb0iOSf2fy+37H/cqmFX23z0jqF/eP9FDtWcftFKlU/WJF5XF455F+wGoyvMo/j6zL3NSNqWyip3cstT1iuLw==
Ugj/3p8ZMyoZQFurNuL/FxHwceNAc3KpuDEXxJ2rN7XGfkhz0iuOF6vpST6fdbfexBWDe+4xB/PX79QfjiVtrhg=
z2rqLVC2U7mlJs8gbHhUxdY6Nat6DAThYXnA4k8a5hIEIDp191IAXSogcuE7J8G1wt42nwo/v/QZA0mJ6p2X/7L04Mergqab7JqYF+h3LMHuYD2TNHp/PTcMRwnsJVwKW3GOcFq64wKDYtIyG5gudWewj1tHMAtule/jM1tSrtk=
qww3RRo9q5oMvRppAGgkHs7RUkHLkaU+ij8oliEVVX1vSIfcqgD3Pk5vsz7HWftGO4Qxsfvh1xSuYw==
obBkVpVfJIAF/Smp88IF0I9d8kREad3BNHTEIZs7jcWfZlk5Qb4ymQXjeJ2hQ5EjgsfoyRuubg==
Ugj/3p8ZMyoZQFurNuL/FxHwceNAc3KpuDEXxJ2rN7XGfkhz0iuOF6vpST6fdbfexBWDe+4xB/PX79QfjiVtrhg=
Ugj/3p8ZMyoZQFurNuL/FxHwceNAc3KpuDEXxJ2rN7XGfkhz0iuOF6vpST6fdbfexBWDe+4xB/PX79QfjiVtrhg=
Ugj/3p8ZMyoZQFurNuL/FxHwceNAc3KpuDEXxJ2rN7XGfkhz0iuOF6vpST6fdbfexBWDe+4xB/PX79QfjiVtrhg=
Ugj/3p8ZMyoZQFurNuL/FxHwceNAc3KpuDEXxJ2rN7XGfkhz0iuOF6vpST6fdbfexBWDe+4xB/PX79QfjiVtrhg=
ESS1/o1VdpWqteLQ7LpJ2/ctNglVOD0TPIsWSdypi1QRI7M1QvbE406zandPkbVOUz1zngBdT0vSCSPT8/fID4Itaa4c
C4+GxfWh02YAzmsMbfNL4PctNglVOD0TPI8UR9ypi1QRI7M1QvbE406zandPkbVOUz1znQBdT0vSCSPT8/fID4Itaa4c
Mh2POedFMD5hRffXLqXLfkw7P8skqSmS7OYRH9DlbjEOld5OULYQJEZ+T2arjmJGI2Tt8S+8X88fLOvK/cMThyNurh0=
MDY+zGJV0BCq2EDNH2jpPX3w0F6faYAXgTiwMGHtpCs260JTHgyU6NhuugifNH+gWnwPQowTS0I3JQM62/jJzQudL2iuHw==
KnfTiBEnP34nhxmtF69BTk07P8skqSmS7OYRH9DlbjEOld5OULYQJEZ+T2arjmJGI2Ts8S+8X88fLOvK/cMThyNurh0=
iu/5wcVoz7BQQOGZq0iefk47P8skqSmS7OYRH9DlbjEOld5OULYQJEZ+T2arjmJGI2Ts8S+8X88fLOvK/cMThyNurh0=
ygxwkMlC/cFxm6lw9Cwtp37w0F6faYAXgTiwMGHtpCs260JTHgyU6NhuugifNH+gWnwPQowTS0I3JQM62/jJzQudL2iuHw==
ssZNu8iAb2LYI2FezWT6kePD+K/z4tpyWCzBobx4aBmXwfncYMv/l9wtmT6kEjEjyIG+faYBXtLo8uBITkovmvMq8srLMKwtV7hv49dYS3ZlJ0NLC3quAQ==
JxQajb7CiYyjGjqUSTsWRFUhp5RKwwIEXyVYWzGU6NwBATyHhmfa356ADGRowiLk/9gnDOow1w5MX5MOBwlb1rsU0eE7kTdkrhM=
2bf8pBXjen4EMj3gVb2dmCYziATcsfy14eDQY1E31oqTlEAPOuvCCKCgv1OUcUmK3L7RR2B9Duk+jd5WYG5wvPYmjz6blgKek/xsaZ9kP9cvdCuSTVtzXxN2rgU=
BMXUDVfZG0Aph3EysKSz1ycziATcsfy14eDQY1E31oqTlEAPOuvCCKCgv1OUcUmK3L7RR2B9Duk+jd5WYG5wvPYmjz6blgKek/xsaZ9kP9cvdCuSTVtzXxN2rgU=
C1CiOjN2GM1uFHatI4w4+0s7P8skqSmS7OYRH9DlbjEOld5OULYQJEZ+T2arjmJGI2Ts8S+8X88fLOvK/cMThyNurh0=
IrrOyP0HrV9K7SISALubkzeRkeUEBeTsjxAzVXmenK9unmZtY4L9KRLCgoJoyCa+u9oppIWYNYc7ibl+T1WH3LT107tekZdzJ48EX74Ffa4I
g+5Uo78a2h5tcggPZ+Tnzk06P8skqSmS7OYRH9DlbjEOld5OULYQJEZ+T2arjmJGI2Ts8S+8X88fLOvK/cMThyNurh0=
JY0ednu/e7c45eUbGxs3/k46P8skqSmS7OYRH9DlbjEOld5OULYQJEZ+T2arjmJGI2Ts8S+8X88fLOvK/cMThyNurh0=
gPPVcOy1pOq6owkoqHeEsEw6P8skqSmS7OYRH9DlbjEOld5OULYQJEZ+T2arjmJGI2Ts8S+8X88fLOvK/cMThyNurh0=
7SO0yl4ORaEslKtRhF4sZRZq663UHMAv1g6ODbsytelaErqigLg+vqMqQYS9yP3H8znhnifFP1xMZXsbBmHfs+/f/D+WNWWuEA==
QDgAkCtq+LlSEtc/v59HOEw7P8skqSmS7OYRH9DlbjEOld5OULYQJEZ+T2arjmJGI2Ts8S+8X88fLOvK/cMThyNurh0=
KnfTiBEnP34nhxmtF69BTk07P8skqSmS7OYRH9DlbjEOld5OULYQJEZ+T2arjmJGI2Ts8S+8X88fLOvK/cMThyNurh0=
iu/5wcVoz7BQQOGZq0iefk47P8skqSmS7OYRH9DlbjEOld5OULYQJEZ+T2arjmJGI2Ts8S+8X88fLOvK/cMThyNurh0=
ssZNu8iAb2LYI2FezWT6kePD+K/z4tpyWCzBobx4aBmXwfncYMv/l9wtmT6kEjEjyIG+faYBXtLo8uBITkovmvMq8srLMKwtV7hv49dYS3ZlJ0NLC3quAQ==
JxQajb7CiYyjGjqUSTsWRFUhp5RKwwIEXyVYWzGU6NwBATyHhmfa356ADGRowiLk/9gnDOow1w5MX5MOBwlb1rsU0eE7kTdkrhM=
2bf8pBXjen4EMj3gVb2dmCYziATcsfy14eDQY1E31oqTlEAPOuvCCKCgv1OUcUmK3L7RR2B9Duk+jd5WYG5wvPYmjz6blgKek/xsaZ9kP9cvdCuSTVtzXxN2rgU=
BMXUDVfZG0Aph3EysKSz1ycziATcsfy14eDQY1E31oqTlEAPOuvCCKCgv1OUcUmK3L7RR2B9Duk+jd5WYG5wvPYmjz6blgKek/xsaZ9kP9cvdCuSTVtzXxN2rgU=
C1CiOjN2GM1uFHatI4w4+0s7P8skqSmS7OYRH9DlbjEOld5OULYQJEZ+T2arjmJGI2Ts8S+8X88fLOvK/cMThyNurh0=
IrrOyP0HrV9K7SISALubkzeRkeUEBeTsjxAzVXmenK9unmZtY4L9KRLCgoJoyCa+u9oppIWYNYc7ibl+T1WH3LT107tekZdzJ48EX74Ffa4I
g+5Uo78a2h5tcggPZ+Tnzk06P8skqSmS7OYRH9DlbjEOld5OULYQJEZ+T2arjmJGI2Ts8S+8X88fLOvK/cMThyNurh0=
JY0ednu/e7c45eUbGxs3/k46P8skqSmS7OYRH9DlbjEOld5OULYQJEZ+T2arjmJGI2Ts8S+8X88fLOvK/cMThyNurh0=
gPPVcOy1pOq6owkoqHeEsEw6P8skqSmS7OYRH9DlbjEOld5OULYQJEZ+T2arjmJGI2Ts8S+8X88fLOvK/cMThyNurh0=
7SO0yl4ORaEslKtRhF4sZRZq663UHMAv1g6ODbsytelaErqigLg+vqMqQYS9yP3H8znhnifFP1xMZXsbBmHfs+/f/D+WNWWuEA==
QDgAkCtq+LlSEtc/v59HOEw7P8skqSmS7OYRH9DlbjEOld5OULYQJEZ+T2arjmJGI2Ts8S+8X88fLOvK/cMThyNurh0=
KnfTiBEnP34nhxmtF69BTk07P8skqSmS7OYRH9DlbjEOld5OULYQJEZ+T2arjmJGI2Ts8S+8X88fLOvK/cMThyNurh0=
iu/5wcVoz7BQQOGZq0iefk47P8skqSmS7OYRH9DlbjEOld5OULYQJEZ+T2arjmJGI2Ts8S+8X88fLOvK/cMThyNurh0=
ssZNu8iAb2LYI2FezWT6kePD+K/z4tpyWCzBobx4aBmXwfncYMv/l9wtmT6kEjEjyIG+faYBXtLo8uBITkovmvMq8srLMKwtV7hv49dYS3ZlJ0NLC3quAQ==
JxQajb7CiYyjGjqUSTsWRFUhp5RKwwIEXyVYWzGU6NwBATyHhmfa356ADGRowiLk/9gnDOow1w5MX5MOBwlb1rsU0eE7kTdkrhM=
2bf8pBXjen4EMj3gVb2dmCYziATcsfy14eDQY1E31oqTlEAPOuvCCKCgv1OUcUmK3L7RR2B9Duk+jd5WYG5wvPYmjz6blgKek/xsaZ9kP9cvdCuSTVtzXxN2rgU=
BMXUDVfZG0Aph3EysKSz1ycziATcsfy14eDQY1E31oqTlEAPOuvCCKCgv1OUcUmK3L7RR2B9Duk+jd5WYG5wvPYmjz6blgKek/xsaZ9kP9cvdCuSTVtzXxN2rgU=
C1CiOjN2GM1uFHatI4w4+0s7P8skqSmS7OYRH9DlbjEOld5OULYQJEZ+T2arjmJGI2Ts8S+8X88fLOvK/cMThyNurh0=
IrrOyP0HrV9K7SISALubkzeRkeUEBeTsjxAzVXmenK9unmZtY4L9KRLCgoJoyCa+u9oppIWYNYc7ibl+T1WH3LT107tekZdzJ48EX74Ffa4I
g+5Uo78a2h5tcggPZ+Tnzk06P8skqSmS7OYRH9DlbjEOld5OULYQJEZ+T2arjmJGI2Ts8S+8X88fLOvK/cMThyNurh0=
JY0ednu/e7c45eUbGxs3/k46P8skqSmS7OYRH9DlbjEOld5OULYQJEZ+T2arjmJGI2Ts8S+8X88fLOvK/cMThyNurh0=
gPPVcOy1pOq6owkoqHeEsEw6P8skqSmS7OYRH9DlbjEOld5OULYQJEZ+T2arjmJGI2Ts8S+8X88fLOvK/cMThyNurh0=
7SO0yl4ORaEslKtRhF4sZRZq663UHMAv1g6ODbsytelaErqigLg+vqMqQYS9yP3H8znhnifFP1xMZXsbBmHfs+/f/D+WNWWuEA==
cFrF3pgOny6TLMipQQhuKfctNglVOD0TPI8UR9ypi1QRI7M1QvbE406zandPkbVOUz1zkwBdT0vSCSPT8/fID4Itaa4c
plIKWipvfPvFIXtzpiPKrfctNglVOD0TPIsWSdypi1QRI7M1QvbE406zandPkbVOUz1zkwBdT0vSCSPT8/fID4Itaa4c
cFrF3pgOny6TLMipQQhuKfctNglVOD0TPI8UR9ypi1QRI7M1QvbE406zandPkbVOUz1zkwBdT0vSCSPT8/fID4Itaa4c
QHgEMAvRMphBRcSyr4l13Ew7P8skqSmS7OYRH9DlbjEOld5OULYQJEZ+T2arjmJGI2Tj8S+8X88fLOvK/cMThyNurh0=
NU1KhZ6Tg9/6QlgdRbiPTU07P8skqSmS7OYRH9DlbjEOld5OULYQJEZ+T2arjmJGI2Tj8S+8X88fLOvK/cMThyNurh0=
3o6R0alqzPXqXee2DJb7KU47P8skqSmS7OYRH9DlbjEOld5OULYQJEZ+T2arjmJGI2Tj8S+8X88fLOvK/cMThyNurh0=
c3qmCvw3jhbaGw2kUbp/e+PD+K/z4tpyWCzBobx4aBmXwfncYMv/l9wtmT6kEjEjyIG+faYBXtLo8uBITkovmvMq8srLMKMtV7hv49dYS3ZlJ0NLC3quAQ==
IZ6WTO8uvgajQwp93yG7+FUhp5RKwwIEXyVYWzGU6NwBATyHhmfa356ADGRowiLk/9gnDOow1w5DX5MOBwlb1rsU0eE7kTdkrhM=
kNFDHhp5NKBt760CxyEq5SYziATcsfy14eDQY1E31oqTlEAPOuvCCKCgv1OUcUmK3L7RR2B9Duk+jd5WYG5wvPYmjz6blgKek/xjaZ9kP9cvdCuSTVtzXxN2rgU=
ok9KcbXcPkVynqQ9Mlu2iycziATcsfy14eDQY1E31oqTlEAPOuvCCKCgv1OUcUmK3L7RR2B9Duk+jd5WYG5wvPYmjz6blgKek/xjaZ9kP9cvdCuSTVtzXxN2rgU=
BPo1E2Hiy+l8k2/h0k+djUs7P8skqSmS7OYRH9DlbjEOld5OULYQJEZ+T2arjmJGI2Tj8S+8X88fLOvK/cMThyNurh0=
VJssH7ls9T5edOcVdlpYkTeRkeUEBeTsjxAzVXmenK9unmZtY4L9KRLCgoJoyCa+u9oppIWYNYc7ibl+T1WH07T107tekZdzJ48EX74Ffa4I
SsZM3Y8sF5afjkt575Sb1E06P8skqSmS7OYRH9DlbjEOld5OULYQJEZ+T2arjmJGI2Tj8S+8X88fLOvK/cMThyNurh0=
rr2x8glre8mj+QrMDFDwS046P8skqSmS7OYRH9DlbjEOld5OULYQJEZ+T2arjmJGI2Tj8S+8X88fLOvK/cMThyNurh0=
oxCJqaT7JuFGVLZtniH7UUw6P8skqSmS7OYRH9DlbjEOld5OULYQJEZ+T2arjmJGI2Tj8S+8X88fLOvK/cMThyNurh0=
O21iiDLJVyIJdlXcCnTU3RZq663UHMAv1g6ODbsytelaErqigLg+vqMqQYS9yP3H8znhnifFP1NMZXsbBmHfs+/f/D+WNWWuEA==
plIKWipvfPvFIXtzpiPKrfctNglVOD0TPIsWSdypi1QRI7M1QvbE406zandPkbVOUz1zkwBdT0vSCSPT8/fID4Itaa4c
cFrF3pgOny6TLMipQQhuKfctNglVOD0TPI8UR9ypi1QRI7M1QvbE406zandPkbVOUz1zkwBdT0vSCSPT8/fID4Itaa4c
WEktzFgXawgKhNxAlrXJweVEncJnCC4ZnS85aH8DeJYUdDznvSIeQ2lmWEo0JinP9bD30ZblbFn/GcOKqZswfOomW8iDmbPrkWNLPwtjXNN0v3gotyHtrltN2xNobUdrivmbk+vnsK8KfUGuNA==
IG4zQgPlTsJRDhekP4zNHE47Lhj+hsTfxbE3EA7SiuzIL1PgomFHs5zrqpeo2Yv27ANwJQVBJHEG8VX9ISrL/5rUAPLpmPHMeSNbpwl/SaeWG77rCniF9QeGcSm5M4qJbUPg7amDGfO6pwB5Q642
NDfUaZpQXl9HpcWUbf9ZeL2z5pxai8NtFnQv2kR/hEMCGeQ8mKJ/sjJfHOnXz9xVDnRncCoHOuakndoMhCo6PAi4+HSUqedSD1wHOMUoX7a5qwfF8TNgcuMykgI7iCOFh2BP6+egix71v6MDe0KuKQ==
BzBSd5uhosG5Hg72njBiF047Lhj+hsXfxbE3EA7SiuzIL1PgomFHs5zrqpeo2Yv27AJwJQVBJHEG8VX9ISrL/5rUAPLpmPPMeSNbpwl/SaeWG77rCniF9QeGcSm5M4qJbUPg7amDGfO6pwB5Q642
KYv0ckl8/nZqDw1pwrE9M+VEncJnCC4ZnXRscmgIYoc5dBDxtScWYyAVK1kJcmaJ+rH30ZblbFn/GcOKqZswfOomW8iCmLPrkWNLPwtjXNN0v3gotyHtrltN2xNobUdrivmbk+vnsK8KfUGuNA==
f23b88UswyeeZZX/52NHKqEahWA/2hhXc0VVlX4eeDTenynUsldwN2yaLYX3JoApbj/D44ed0sWTpIeqlhEuSwBX/Wvfim9y1aFMSiBYOx1BAzPXEX9RV347hrtCOM1F32aZuQGz8hnF4zgdYUNRo8LHKElbri4=
IjOaWd+NCtf5t64lUNcuHOLzo8be2KrXTirJhc3cz0XzhidRS1M9l6b5mUgwJU8Hd7iZz9+nlcpHtNp4aeNIh3BkEGiy6Je0TazfKgE/92lZVwDOO8ZCTnPMY1l/tH+Hj4Sr4u2Lsw9zRq41
/NMu4DjXEd50wDKXomlheEp6IHCJwnqDnwjZr54OohiqVyuuqNvv6t7Ls6qvV0M9OjQantHbCJhl3BoYlPVJRjwqA1UFs9cvjf/NLxqLQnOuGOFN23a9Yf1zTkGhc7yVjaP964a3DHFHrjI=
VGSeIjDoQWOQwCpj3QtGG2aY23SGvl2Ax/ESi/yvY02nOAT9tuT8cQU/T1PLm73tvSVj/hn+uqC8eA3HwInwz9t0J0DVIF+uicNn/SH7oCqTmjL6qwCjHTeIr1O36MvGBZeDe2tKrjE=
lFTbitxW+7QaGclseJ36S2aY23SGvl6Ax/ESi/yvY02nOAT9tuT8cQU/T1PLm73tvSVj/hn+uqC8eA3HwInwzNt0J0DVIF+uicNn/SH7oCqTmjL6qwCjHTeIr1O36MvGBZeDe2tKrjE=
QHgEMAvRMphBRcSyr4l13Ew7P8skqSmS7OYRH9DlbjEOld5OULYQJEZ+T2arjmJGI2Tj8S+8X88fLOvK/cMThyNurh0=
NU1KhZ6Tg9/6QlgdRbiPTU07P8skqSmS7OYRH9DlbjEOld5OULYQJEZ+T2arjmJGI2Tj8S+8X88fLOvK/cMThyNurh0=
3o6R0alqzPXqXee2DJb7KU47P8skqSmS7OYRH9DlbjEOld5OULYQJEZ+T2arjmJGI2Tj8S+8X88fLOvK/cMThyNurh0=
c3qmCvw3jhbaGw2kUbp/e+PD+K/z4tpyWCzBobx4aBmXwfncYMv/l9wtmT6kEjEjyIG+faYBXtLo8uBITkovmvMq8srLMKMtV7hv49dYS3ZlJ0NLC3quAQ==
IZ6WTO8uvgajQwp93yG7+FUhp5RKwwIEXyVYWzGU6NwBATyHhmfa356ADGRowiLk/9gnDOow1w5DX5MOBwlb1rsU0eE7kTdkrhM=
kNFDHhp5NKBt760CxyEq5SYziATcsfy14eDQY1E31oqTlEAPOuvCCKCgv1OUcUmK3L7RR2B9Duk+jd5WYG5wvPYmjz6blgKek/xjaZ9kP9cvdCuSTVtzXxN2rgU=
ok9KcbXcPkVynqQ9Mlu2iycziATcsfy14eDQY1E31oqTlEAPOuvCCKCgv1OUcUmK3L7RR2B9Duk+jd5WYG5wvPYmjz6blgKek/xjaZ9kP9cvdCuSTVtzXxN2rgU=
BPo1E2Hiy+l8k2/h0k+djUs7P8skqSmS7OYRH9DlbjEOld5OULYQJEZ+T2arjmJGI2Tj8S+8X88fLOvK/cMThyNurh0=
VJssH7ls9T5edOcVdlpYkTeRkeUEBeTsjxAzVXmenK9unmZtY4L9KRLCgoJoyCa+u9oppIWYNYc7ibl+T1WH07T107tekZdzJ48EX74Ffa4I
SsZM3Y8sF5afjkt575Sb1E06P8skqSmS7OYRH9DlbjEOld5OULYQJEZ+T2arjmJGI2Tj8S+8X88fLOvK/cMThyNurh0=
rr2x8glre8mj+QrMDFDwS046P8skqSmS7OYRH9DlbjEOld5OULYQJEZ+T2arjmJGI2Tj8S+8X88fLOvK/cMThyNurh0=
oxCJqaT7JuFGVLZtniH7UUw6P8skqSmS7OYRH9DlbjEOld5OULYQJEZ+T2arjmJGI2Tj8S+8X88fLOvK/cMThyNurh0=
O21iiDLJVyIJdlXcCnTU3RZq663UHMAv1g6ODbsytelaErqigLg+vqMqQYS9yP3H8znhnifFP1NMZXsbBmHfs+/f/D+WNWWuEA==
plIKWipvfPvFIXtzpiPKrfctNglVOD0TPIsWSdypi1QRI7M1QvbE406zandPkbVOUz1zkwBdT0vSCSPT8/fID4Itaa4c
cFrF3pgOny6TLMipQQhuKfctNglVOD0TPI8UR9ypi1QRI7M1QvbE406zandPkbVOUz1zkwBdT0vSCSPT8/fID4Itaa4c
plIKWipvfPvFIXtzpiPKrfctNglVOD0TPIsWSdypi1QRI7M1QvbE406zandPkbVOUz1zkwBdT0vSCSPT8/fID4Itaa4c
LALE3S04/UaCE/5Y6zW6RtG70I+EsA6KxURPr7Y22NeUzQh2D/EfrTqQ13QKqEeGw9cDlmfxKx773OHZG4knbK4b
wrH8FsTRuVv9c0p+Y7mCrs7RUkHLkaU+ij8oliEVVX1vSIfcqgD3PkJvsz7HWftGO4Qxsfvh1xSuYw==
2IUUbzfi9GpiIbVRxMxBm49d8kREad3BNHTEIZs7jcWfZlk5QbIymQXjeJ2hQ5EjgsfoyRuubg==
6XI+XD63w2RG7DumOFM3ic7RUkHLkaU+ij8oliEVVX1vSIfcqgD3Pktssz7HWftGO4Qxsfvh1xSuYw==
RankRJ8aCBGBUXEHd7miaY9d8kREad3BNHTEIZs7jcWfZlk5QbsxmQXjeJ2hQ5EjgsfoyRuubg==
/ubUcqdoGiQLtlpK05q2MJGTh++VDSi/sMAj8jWL5MeZTjpAn2hSFgF908jXnZ2iZyxLNejNFmG5gGnDCOPK6aABXyQl+9+1rq7wExobltcTeYEeh4UfWy8lm5umof+zzx+cv3Z1Ra4w
e3pjBdHYDYKzBMlp21MOypyzTw1KpHa8NZdfPKyFLM6+mdZMJwQ87vO+ipIeRCnpyy1xpKqO52G9GRFlQwDo1E201QNUR4eDlRVfhusu4ibjROvS79zfb1/M66o9Y5NnY06uPQ==
zHujA6Ae57OZ0yY/cWvUiTHe5PvT8cM9bd3TNrhiRmGEUl4WDWXH+KO1gUJbRB/lHPVaIXV43ZNcSzZJPGnr1LFjUzUiNmRjrvMKd2/RVc4z/VOb4x3vy3JJw9PTN2iPYm1Jrjw=
cwfjKHh7A95hOl1Ru7uq5Cy9lQathGIWMZ3jiGd9LSL3zJt1uC0GYamguYNYQ1pp0KGvZFXbL7XejgDTartmV4PZUd7XpQ9bP0VLW/bBbzN/fyx/RhV1rgA=
xhsmiNcjkjuWWpcnqfutA8kSiGRQhmA3s5FmFjWV/5iLRUkCE5S3hYRlwqHt6EUzNJv+CXRZA/TJU6s1WgacQ8bDwrcngb1uq23LG3uNdyvaGQsTm0dAb1odca4E
pwEvXJMkL7mja5mzZosRYeAhp0FhtEEthJFmFjWV/5iLRUkCE5S3hYRlwqHt6EUzNJv+CXRZA/TJU6s1WgacQ8bDwrcngb1uq23LG3uNdyvaGQsTm0dAb1odca4E
d/iO7AApqUclOf3jrF4mdPrAoBn2jzM/4JazGXkAHcm/smU4IR0iiWTBSwTja+I3iLmCFVUsDx/t9RxKWpuQjzSHUa1rNo2B7XtdYVEzzDV9I21LVndcEXeuAg==
t6PAJpfE8HVOXLRY+bfRiWh0k9Ui5K+E/boqLCINSE0W+2ZujZyL2s0j9bw7J76z+AJzT1idlMb0iOSf2fy+37H/cqmFX23z0jqF/eP9FDtWcftFKlU/WJF5XF455F+wGoyvMovg6zL3NSNqWyip3cstT1iuLw==
2XxzghUSwGnTEiNxMmYbFUSIZscxhKG6P3g1SypX5c4NH4s7rYnu13VuVfY2zGEu5lphnb9+5XDLws2/nYdJfNWBDihsA1gsHXnZ9uoiX35IWIjcG+vH86OJPCq4BXaeiVTQMGv3lB5Y7etY13RW9CKequHZDt1jbynccKxMRxMVGpynhQq9tiaK1Y2SGPVp4xcXN67lGWMM2TS0XucwYIBrPP6DlJAQER7ngUE9DU8izm6STvOaKft4/w5D9GcpqkbukVIa2oEqTat51HnKK9spiOIR3WapXph1VTwMQOygGNI+eg6kMdADSaBuUmquLhHprcIec6H7CXl+D9XH2/d1E7ueEddzZw/EX36FPa5I
zQtslQhg2YBcgFv1tsXpkaTbCBqHMZ1V80CHOUAecOmqLJ54RbT/bEelryjcghqfagKOQ7COKS4AfvhGQEoj5BH6jEA7kUzNrbP0oCuuuiPknD4NEscI6jX8m86rG9ahM2WOvE4vNGr5nyZFH/x0vhJ1FMe0hZWIMAaromubLBWatKNAYMMDZOQWLlsYYgEbnnbpZp2Yox97YsuhO9MIB5FjsHWxg7rC2lvozCyw7Wgb7m8HpAGmXw2BIfZ6+BK64lRZv3zxdXM0sdkXn1y1nT+J6x7jR7Zgg91BszrSKaW603wVgq26+4AviU1x3gyHtMnOS7tGWROgKOm2y76iNoO06yKPzJ//f/xrmh3zU3eDPq5N
RgS+FWoxn0jkRUmfY9StqxK36OMfRQgN5hbM54ny7zkHguILZ+0vFdB3lUbroBkhGrQqqB+/d4vB0To3QRZ5JupkFa4S8j3Nk4bREJ8aIQ/hL528geky2EBbDIzpwbWmNsprfnywVIx3UzNT99EQ2oRtIl5d/KyAhy/AfmwVxwiL3KJ0VjZ2MfV26YO7cbDAUOQTU8HyoNep0mkWUjI5Xc5wwWnXf0vnQl1tw9gBGMRiD+Qg1MPATu/MRPAlZstRnZV5z9ZmMsJiC65Jr6ATvj9cs+n+LtJhfkKOId71xykIkf4r78FUsn1lkgkKwFmlAGQULHSwro6W1vBR5Ptl8DL6ni5auTV97mZHQS9RFc7zfZObI50vy7LJA9MTtyiPIu0Jrnw=
uohCQ6hR0ydCKXsxgvja/IXAH2w7N6KSS76mPwSX5FEr5CsSyWl7eI+Y5RFWfO7oW3e7+30pnlfljuW2ZuyRLpZ6sV0PHnXwO2Kd/61nWXzFof7oPGPorI3ZqbY6wm9+eLhYnGtLV3MT6WzqSCVmnpm04HA7V2SeyI1bmAdUJvTSvvqhae5N4x+JDLCcLFcTBTrs51XqDTa2KiVNwnjFadN3R/deRYnjvDnk9C7HIGCQCww+UzTgkIH+V8ERHf1PUu6+Uv6TCqkL2K9OcxR3KbpmHlECemoBuu3bOQSZ+ivryViiYX32Ke74JZXMLFDssPjifiquVLFAY/lgvnIart4xue1y/uMhi6mpvj+119vnVWP7TvFn8/evNJ8u5Q2ueA==
RgS+FWoxn0jkRUmfY9StqxK36OMfRQgN5hbM54ny7zkHguILZ+0vFdB3lUbroBkhGrQqqB+/d4vB0To3QRZ5JupkFa4S8j3Nk4bREJ8aIQ/hL528geky2EBbDIzpwbWmNsprfnywVIx3UzNT99EQ2oRtIl5d/KyAhy/AfmwVxwiL3KJ0VjZ2MfV26YO7cbDAUOQTU8HyoNep0mkWUjI5Xc5wwWnXf0vnQl1tw9gBGMRiD+Qg1MPATu/MRPAlZstRnZV5z9ZmMsJiC65Jr6ATvj9cs+n+LtJhfkKOId71xykIkf4r78FUsn1lkgkKwFmlAGQULHSwro6W1vBR5Ptl8DL6ni5auTV97mZHQS9RFc7zfZObI50vy7LJA9MTtyiPIu0Jrnw=
uohCQ6hR0ydCKXsxgvja/IXAH2w7N6KSS76mPwSX5FEr5CsSyWl7eI+Y5RFWfO7oW3e7+30pnlfljuW2ZuyRLpZ6sV0PHnXwO2Kd/61nWXzFof7oPGPorI3ZqbY6wm9+eLhYnGtLV3MT6WzqSCVmnpm04HA7V2SeyI1bmAdUJvTSvvqhae5N4x+JDLCcLFcTBTrs51XqDTa2KiVNwnjFadN3R/deRYnjvDnk9C7HIGCQCww+UzTgkIH+V8ERHf1PUu6+Uv6TCqkL2K9OcxR3KbpmHlECemoBuu3bOQSZ+ivryViiYX32Ke74JZXMLFDssPjifiquVLFAY/lgvnIart4xue1y/uMhi6mpvj+119vnVWP7TvFn8/evNJ8u5Q2ueA==
uohCQ6hR0ydCKXsxgvja/IXAH2w7N6KSS76mPwSX5FEr5CsSyWl7eI+Y5RFWfO7oW3e7+30pnlfljuW2ZuyRLpZ6sV0PHnXwO2Kd/61nWXzFof7oPGPorI3ZqbY6wm9+eLhYnGtLV3MT6WzqSCVmnpm04HA7V2SeyI1bmAdUJvTSvvqhae5N4x+JDLCcLFcTBTrs51XqDTa2KiVNwnjFadN3R/deRYnjvDnk9C7HIGCQCww+UzTgkIH+V8ERHf1PUu6+Uv6TCqkL2K9OcxR3KbpmHlECemoBuu3bOQSZ+ivryViiYX32Ke74JZXMLFDssPjifiquVLFAY/lgvnIart4xue1y/uMhi6mpvj+119vnVWP7TvFn8/evNJ8u5Q2ueA==
RgS+FWoxn0jkRUmfY9StqxK36OMfRQgN5hbM54ny7zkHguILZ+0vFdB3lUbroBkhGrQqqB+/d4vB0To3QRZ5JupkFa4S8j3Nk4bREJ8aIQ/hL528geky2EBbDIzpwbWmNsprfnywVIx3UzNT99EQ2oRtIl5d/KyAhy/AfmwVxwiL3KJ0VjZ2MfV26YO7cbDAUOQTU8HyoNep0mkWUjI5Xc5wwWnXf0vnQl1tw9gBGMRiD+Qg1MPATu/MRPAlZstRnZV5z9ZmMsJiC65Jr6ATvj9cs+n+LtJhfkKOId71xykIkf4r78FUsn1lkgkKwFmlAGQULHSwro6W1vBR5Ptl8DL6ni5auTV97mZHQS9RFc7zfZObI50vy7LJA9MTtyiPIu0Jrnw=
uohCQ6hR0ydCKXsxgvja/IXAH2w7N6KSS76mPwSX5FEr5CsSyWl7eI+Y5RFWfO7oW3e7+30pnlfljuW2ZuyRLpZ6sV0PHnXwO2Kd/61nWXzFof7oPGPorI3ZqbY6wm9+eLhYnGtLV3MT6WzqSCVmnpm04HA7V2SeyI1bmAdUJvTSvvqhae5N4x+JDLCcLFcTBTrs51XqDTa2KiVNwnjFadN3R/deRYnjvDnk9C7HIGCQCww+UzTgkIH+V8ERHf1PUu6+Uv6TCqkL2K9OcxR3KbpmHlECemoBuu3bOQSZ+ivryViiYX32Ke74JZXMLFDssPjifiquVLFAY/lgvnIart4xue1y/uMhi6mpvj+119vnVWP7TvFn8/evNJ8u5Q2ueA==
RgS+FWoxn0jkRUmfY9StqxK36OMfRQgN5hbM54ny7zkHguILZ+0vFdB3lUbroBkhGrQqqB+/d4vB0To3QRZ5JupkFa4S8j3Nk4bREJ8aIQ/hL528geky2EBbDIzpwbWmNsprfnywVIx3UzNT99EQ2oRtIl5d/KyAhy/AfmwVxwiL3KJ0VjZ2MfV26YO7cbDAUOQTU8HyoNep0mkWUjI5Xc5wwWnXf0vnQl1tw9gBGMRiD+Qg1MPATu/MRPAlZstRnZV5z9ZmMsJiC65Jr6ATvj9cs+n+LtJhfkKOId71xykIkf4r78FUsn1lkgkKwFmlAGQULHSwro6W1vBR5Ptl8DL6ni5auTV97mZHQS9RFc7zfZObI50vy7LJA9MTtyiPIu0Jrnw=
uohCQ6hR0ydCKXsxgvja/IXAH2w7N6KSS76mPwSX5FEr5CsSyWl7eI+Y5RFWfO7oW3e7+30pnlfljuW2ZuyRLpZ6sV0PHnXwO2Kd/61nWXzFof7oPGPorI3ZqbY6wm9+eLhYnGtLV3MT6WzqSCVmnpm04HA7V2SeyI1bmAdUJvTSvvqhae5N4x+JDLCcLFcTBTrs51XqDTa2KiVNwnjFadN3R/deRYnjvDnk9C7HIGCQCww+UzTgkIH+V8ERHf1PUu6+Uv6TCqkL2K9OcxR3KbpmHlECemoBuu3bOQSZ+ivryViiYX32Ke74JZXMLFDssPjifiquVLFAY/lgvnIart4xue1y/uMhi6mpvj+119vnVWP7TvFn8/evNJ8u5Q2ueA==
RgS+FWoxn0jkRUmfY9StqxK36OMfRQgN5hbM54ny7zkHguILZ+0vFdB3lUbroBkhGrQqqB+/d4vB0To3QRZ5JupkFa4S8j3Nk4bREJ8aIQ/hL528geky2EBbDIzpwbWmNsprfnywVIx3UzNT99EQ2oRtIl5d/KyAhy/AfmwVxwiL3KJ0VjZ2MfV26YO7cbDAUOQTU8HyoNep0mkWUjI5Xc5wwWnXf0vnQl1tw9gBGMRiD+Qg1MPATu/MRPAlZstRnZV5z9ZmMsJiC65Jr6ATvj9cs+n+LtJhfkKOId71xykIkf4r78FUsn1lkgkKwFmlAGQULHSwro6W1vBR5Ptl8DL6ni5auTV97mZHQS9RFc7zfZObI50vy7LJA9MTtyiPIu0Jrnw=
09NgHxNdjSVK8EooLC2Yp4XAH2w7N6KSS76mPwSX5FEr5CsSyWl7eI+Y5RFWfO7oW3e7+30pnlfljuW2ZuyRLpZ6sV0PHnXwO2Kd/61nWXzFof7oPGPorI3ZqbY6wm9+eLhYnGtLV3MT6WzqSCVmnpm04HA7V2SeyI1bmAdUJvTSvvqhae5N4x+JDLCcLFcTBTrs51XqDTa2KiVNwnjFadN3R/deRYnjvDnk9C7HIGCQCww+UzTgkIH+V8ERHf1PUu6+Uv6TCqkL2K9OcxR3KbpmHlECemoBuu3bOQSZ+ivryViiYX32Ke74JZXMLFDssPjifiquVLFAY/lgvnIart4xue1y/uMhi6mpvj+119rnVWP7TvFn8/evNJ8u5Q2ueA==
olFVOcCwdMkwLr9R5C7ESxK36OMfRQgN5hbM54ny7zkHguILZ+0vFdB3lUbroBkhGrQqqB+/d4vB0To3QRZ5JupkFa4S8j3Nk4bREJ8aIQ/hL528geky2EBbDIzpwbWmNsprfnywVIx3UzNT99EQ2oRtIl5d/KyAhy/AfmwVxwiL3KJ0VjZ2MfV26YO7cbDAUOQTU8HyoNep0mkWUjI5Xc5wwWnXf0vnQl1tw9gBGMRiD+Qg1MPATu/MRPAlZstRnZV5z9ZmMsJiC65Jr6ATvj9cs+n+LtJhfkKOId71xykIkf4r78FUsn1lkgkKwFmlAGQULHSwro6W1vBR5Ptl8DL6ni5auTV97mZHQS9RFc7zfZOaI50vy7LJA9MTtyiPIu0Jrnw=
09NgHxNdjSVK8EooLC2Yp4XAH2w7N6KSS76mPwSX5FEr5CsSyWl7eI+Y5RFWfO7oW3e7+30pnlfljuW2ZuyRLpZ6sV0PHnXwO2Kd/61nWXzFof7oPGPorI3ZqbY6wm9+eLhYnGtLV3MT6WzqSCVmnpm04HA7V2SeyI1bmAdUJvTSvvqhae5N4x+JDLCcLFcTBTrs51XqDTa2KiVNwnjFadN3R/deRYnjvDnk9C7HIGCQCww+UzTgkIH+V8ERHf1PUu6+Uv6TCqkL2K9OcxR3KbpmHlECemoBuu3bOQSZ+ivryViiYX32Ke74JZXMLFDssPjifiquVLFAY/lgvnIart4xue1y/uMhi6mpvj+119rnVWP7TvFn8/evNJ8u5Q2ueA==
olFVOcCwdMkwLr9R5C7ESxK36OMfRQgN5hbM54ny7zkHguILZ+0vFdB3lUbroBkhGrQqqB+/d4vB0To3QRZ5JupkFa4S8j3Nk4bREJ8aIQ/hL528geky2EBbDIzpwbWmNsprfnywVIx3UzNT99EQ2oRtIl5d/KyAhy/AfmwVxwiL3KJ0VjZ2MfV26YO7cbDAUOQTU8HyoNep0mkWUjI5Xc5wwWnXf0vnQl1tw9gBGMRiD+Qg1MPATu/MRPAlZstRnZV5z9ZmMsJiC65Jr6ATvj9cs+n+LtJhfkKOId71xykIkf4r78FUsn1lkgkKwFmlAGQULHSwro6W1vBR5Ptl8DL6ni5auTV97mZHQS9RFc7zfZOaI50vy7LJA9MTtyiPIu0Jrnw=
uAPYhAZtw16iFOpTNtvLCc7RUkHLkaU+ij8oliEVVX1vSIfcqgD3Pk5ssz/HWftGO4Qxsfvh1xSuYw==
7fNnOeN+23BgheE0ZUDnFY9d8kREad3BNHTEIZs7jcWfZlk5Qb4xmQTjeJ2hQ5EjgsfoyRuubg==
wzhkCHQMOke8jgizOLTGVqICD28adnpdb5oJScb6zlIUILI+L7LV9EmgYWdPkbVOUz1zkwFdREzSCSPT8/fID4Itaa4c
e3fY+Lk2bOOd7LIOm3+j/nJIo5j2Walj3B7BQKFnm9gUCLqigLg+vqMqQZeyzOfH8znhnifFP1NNZXAcBmHfs+/f/D+WNWWuEA==
m9dg1p6/yNgEjERuljMmLiM7KZ4Vfm0gOl25HUN0XW6hj0hZdBR1pM2NKgEojbXWFHlZ3bpolli2kdx9aKQWf8OTgOkSmnKv/LCF7DTKrByudgNO/iZ/C2ct6sapucMHGHEEMmTsC3+5ebCGH9aqegshPXS6AeW1vkNb4GwgMGPDWZHeFyXPWPzFAFy2QS8zP/9sf4aVta7A
4dXWZZi/3QQvhOgiW+tc7hK/On25gH8SfT8qEqNfqlJGO/N3W3gRIJvMr+Hw40am4AXTZGX2J+7DWOAVAxMXPdmljes6Acg+EA8eFB+Ejj4+jDzC+cZkov2L5alwTlMNUZeKhb5a/kjp39vdam6loviq2ZVHPGDFp/X8h4GoFhTis5EtqzbNAa14HuEaNIy1PSMty5Z3nJG3rsI=
eVA0UZ+hfDGPbVbhGG+pXrC4Spr0hqyl3inBnuDb9QJazMaz6eYobifhhU8hbF+rFvJoONqy8REuNQMPL/HchfU7Bc80DR8tYjaYYRxbpOcsyLIzeDDLpu+pgux/BE9hO9/+WaJUr0hL49IqIH0iYhvWqJd/ylVfYTjEScYXC9pzavIKS/Co7ddzaKNXGEs25WdDi4u6rsE=
Brm/7z9/mq5vX2+hV4ob7TaprzwYhpjgvrjIZMku/9fsde7W95CqHhVeG597lg0Sb3nCxBByBnyxU2rz56JjphB5Vm1dZcijf0/G0DD7cOVUdbi+Crnkvkskay8KlvOa39NPSWazHjoP6q9FunCMg5IwT2BQXSOElZ2lfoxzCslbqEe8KiA33kgP8xVAubsmOyTxkXuBl7Suww==
NKYCY7ubuWUgvnM7qMEPSGyKLa35IGDwjv2s9cQ0wjLC4Jxv27XguFMqPDh5dFXzDZ+4TKunns8FZGXNsOSObpc3diqfh/UbbEHf6apqyFXkd8SDBDSCJ2A8y6LntZIYR2hvRdPjjg16mO8MAz8CnljRwoazqhgD50bV2+mkVD1++6t+G9YC3hO8aCkfLziXrzQrUs2bc5+Ttq7F
NSSMDcBemC44XT7s+YfZ2zaprzwYhpjgvrjIZMku/9fsde7W95CqHhVeG597lg0Sb3nCxBByBnyxU2rzy7VjsRF2S21dZcijf0/G0DD7cOVUdbi+Crnkvkskay8KlvOa39NPSWazHjoP6q9FunCMg5IwT2BQXSOElZ2lfoxzCslbqEe8KiA33kgP8xVAubsmOyTxkXuBl7Suww==
G68bbh+2+Op4xFv6WnWzgWyKLa35IGDwjv2s9cQ0wjLC4Jxv27XgvlMqPDh/dFXzDZ+4TKunns8FZGXNoeKMe5Mjdiqfh/UbbEHf6apqyFXkd8SDBDSCJ2A8y6LntZIYR2hvRdPjjg16mO8MAz8CnljRwoazqhgD50bV2+mkVD1++6t+G9YC3hO8aCkfLziXrzQrUs2bc5+Ttq7F
oq1fYzYWs8Qgyb7eVESdGyM7KZ4Vfm0gOl25HUN0XW6hj0hZdBR1otzVchE+huGJE3pM9PwL0Rqhycs9bJYRadaOgOkSmnKv/LCF7DTKrByudgNO/iZ/C2ct6sapucMHGHEEMmTsC3+5ebCGH9aqegshPXS6AeW1vkNb4GwgMGPDWZHeFyXPWPzFAFy2QS8zP/9sf4aVta7A
QQJFXd5lj748nKgB0ecHdyM7KZ4Vfm0gOl25HUN0XW6hj0hZdBR1otzVchE+huGJE3pM9PwL0Rqhycs9ZYUbdNaMgOkSmnKv/LCF7DTKrByudgNO/iZ/C2ct6sapucMHGHEEMmTsC3+5ebCGH9aqegshPXS6AeW1vkNb4GwgMGPDWZHeFyXPWPzFAFy2QS8zP/9sf4aVta7A
+2h2hGMFRdijgp1TKU6r6UxMsq2X+0Qbx+dzTms+PUK1GP8DS15BEEVIifjJxWsj6Mz9XVFMMZ++PL8mRIVvgY2sgal5SzeUhvEEdlTP2lxTtHIGWqzY2uXWaKr5i+GhfF5PFbW37r1CarIALR+flaaeGdpcSn0N26zsTSN1eA8NOIqMRtM11RdGgclpOFop1gTwjdkDSdOKZ5CZs67G
rFRPEFlrX12jj0TgW+7kRqMCD28adnpdb5oJScb6zlIUILI+L7LV9EmgYWdPkbVOUz1zmQJdREzSCSPT8/fID4Itaa4c
4LwsciAJPC7hT1kymeZB43JIo5j2Walj3B7BQKFmm9gUCLqigLg+vqMqQZeyzOfH8znhnifFP1lOZXAcBmHfs+/f/D+WNWWuEA==
oKlAIEQo7Ea4GRxrfoXaQaACD28adnpdb5oJScb6zlIUILI+L7LV9EmgYWdPkbVOUz1znQJdREzSCSPT8/fID4Itaa4c
FnxMsl0USt6eVgG0cd1OMnJIo5j2Walj3B7BQKFlm9gUCLqigLg+vqMqQZeyzOfH8znhnifFP11OZXAcBmHfs+/f/D+WNWWuEA==
NXPGhV/u5C5YbHvre86lCkuw4Ck6nY5J/u3eNqDO4V26C54eW/aCPtMcbozfz7i371Qrsg278//TFq5l
VtL5DtaFXA7FOdNTxSWrlN7mHVsP/Tb2VppOO6iJMNm6w8pOEk1tk7ewndNaVSKpzS138NWd+mmPS0BSYAC33F2k2ysGUNeBiR9Ahusu4ibjRO/Q79HYb1/M66o9Y5NnY06uPQ==
RcOT+4tSKSYY0wKWTumk997mHVsP/Tb2VppOO6iJMNm6w8pOEk1sk7ewndNaVSKpzS138NWd+mmPS0FSYAC33F2k2ysGUNeBiR9Ahusu4ibjROvR79HYb1/M66o9Y5NnY06uPQ==
G4x/hnyOfNpXaKAS2t3pHMWN41kG3VInL8FPB/OZZiW/TgR0cjvkFk4QamN/82cm6caiqUuqZhnQgGdmfbWV4Rd8NzQjXywBNxJ5P0CqKOuJZ1iMlHuS0Y/Hlv+pv1rSlZzYvkG9hWUv0Fe0CujHRs+Wg1dgsave+5xhGRvJp6yu2w==
/zIemrjko4nV+2yW+wzfKM7RUkHLkaU+ij8oliEVVX1vSIfcqgD3Pk5usz/AWftGO4Qxsfvh1xSuYw==
/zDtjp5QgHSZewjBpCf8uI9d8kREad3BNHTEIZs7jcWfZlk5Qb4zmQTkeJ2hQ5EjgsfoyRuubg==
5uISeSORqreKU48yUTuCax+zeuFcYXO7qSFU1IL+N7/9P08j3jWEAqvpST6fdbfexRWCfO4xB/PX79QfjiVtrhg=
y6CHBKkPunBNYrsOYy4C9PctNglVOD0TPI8UR9ypi1QRI7M1QvbE406zandPkbVOUz1zmwBdTkzSCSPT8/fID4Itaa4c
8YAdq4AOZMRUB4RA393+zN7mHVsP/Tb2VppOO6iJMNm6w8pOEk1tk7ewndNaVSKpzS138NWd+mmPS0BSYAC33F2k3yIRV9eBiR9Ahusu4ibjROvR793Yb1/M66o9Y5NnY06uPQ==
vzrnvwNldT/2ksRmeWwvj0p6IHCJwnqDnwjZr54OohiqVyuuqNvv6t7Ls6qvV0M9OjQantHbCJhl3BoYlPVJRjwqA1UFs9cvjf/NLxqLQnOuGOFN23a9Yf17TkGgdLyVjaP964a3DHFHrjI=
uX/Tl2ZF9p0g5zPHcFD6QGaY23SGvl2Ax/ESi/yvY02nOAT9tuT8cQU/T1PLm73tvSVj/hn+uqC8eA3HwInwz9t0J0DVIF+uicNn/SH7oCqTmjL6qwCrHTeJqFO36MvGBZeDe2tKrjE=
N4vjM0s6YaEz32jfbG70Hd7mHVsP/Tb2VppOO6iJMNm6w8pOEk1sk7ewndNaVSKpzS138NWd+mmPS0FSYAC33F2k3yIRV9eBiR9Ahusu4ibjROvR793Yb1/M66o9Y5NnY06uPQ==
bKYgnSYazdoxk+067FlcA+VEncJnCC4ZnS85aH8DeJYUdDznvSIeQ2lmWEo0JinP9bD30ZblbFn/GcOKqZswfOomW8iDmbPrkWNLPwtjXNN0v3gotyHtrltN2xtobUZsivmbk+vnsK8KfUGuNA==
+K+tRwnIaQxS87Iz16aCiaEahWA/2hhXc0VVlX4eeDTenynUsldwN2yaLYX3JoApbj/D44ed0sWTpIeqlhEuSwBX/Wvfim9y1aFMSiBYOx1BAzPXEX9RV347hrtCOM1F32aZuQG78hnE5DgdYUNRo8LHKElbri4=
WobrBLyb7kCdSNt4s11y0maY23SGvl6Ax/ESi/yvY02nOAT9tuT8cQU/T1PLm73tvSVj/hn+uqC8eA3HwInwzNt0J0DVIF+uicNn/SH7oCqTmjL6qwCrHTeJqFO36MvGBZeDe2tKrjE=
I75Z+PTzxIFlGD2MtDzruOLzo8be2KrXTirJhc3cz0XzhidRS1M9l6b5mUgwJU8Hd7iZz9+nlcpHtNp4aeNIh3BkEGiy6Je0TazfKgE/92lZVwDOO8ZCTnPMa1l/tXiHj4Sr4u2Lsw9zRq41
+7EJw6rRQh3TBwmzPLnfhE47Lhj+hsTfxbE3EA7SiuzIL1PgomFHs5zrqpeo2Yv27ANwJQVBJHEG8VX9ISrL/5rUAPLpmPHMeSNbpwl/SaeWG77rCniF9QeGcSm5O4qJbETg7amDGfO6pwB5Q642
R/Jzpotqq9om9J9TZEvd3k47Lhj+hsXfxbE3EA7SiuzIL1PgomFHs5zrqpeo2Yv27AJwJQVBJHEG8VX9ISrL/5rUAPLpmPPMeSNbpwl/SaeWG77rCniF9QeGcSm5O4qJbETg7amDGfO6pwB5Q642
gkmascL3GHfAMOz+G8ISBL2z5pxai8NtFnQv2kR/hEMCGeQ8mKJ/sjJfHOnXz9xVDnRncCoHOuakndoMhCo6PAi4+HSUqedSD1wHOMUoX7a5qwfF8TNgcuMykgI7iCuFh2FI6+egix71v6MDe0KuKQ==
+HQ2AgJXojg3uIGGAWznLOVEncJnCC4ZnXRscmgIYoc5dBDxtScWYyAVK1kJcmaJ+rH30ZblbFn/GcOKqZswfOomW8iCmLPrkWNLPwtjXNN0v3gotyHtrltN2xtobUZsivmbk+vnsK8KfUGuNA==
y6CHBKkPunBNYrsOYy4C9PctNglVOD0TPI8UR9ypi1QRI7M1QvbE406zandPkbVOUz1zmwBdTkzSCSPT8/fID4Itaa4c
vzrnvwNldT/2ksRmeWwvj0p6IHCJwnqDnwjZr54OohiqVyuuqNvv6t7Ls6qvV0M9OjQantHbCJhl3BoYlPVJRjwqA1UFs9cvjf/NLxqLQnOuGOFN23a9Yf17TkGgdLyVjaP964a3DHFHrjI=
uX/Tl2ZF9p0g5zPHcFD6QGaY23SGvl2Ax/ESi/yvY02nOAT9tuT8cQU/T1PLm73tvSVj/hn+uqC8eA3HwInwz9t0J0DVIF+uicNn/SH7oCqTmjL6qwCrHTeJqFO36MvGBZeDe2tKrjE=
WobrBLyb7kCdSNt4s11y0maY23SGvl6Ax/ESi/yvY02nOAT9tuT8cQU/T1PLm73tvSVj/hn+uqC8eA3HwInwzNt0J0DVIF+uicNn/SH7oCqTmjL6qwCrHTeJqFO36MvGBZeDe2tKrjE=
I75Z+PTzxIFlGD2MtDzruOLzo8be2KrXTirJhc3cz0XzhidRS1M9l6b5mUgwJU8Hd7iZz9+nlcpHtNp4aeNIh3BkEGiy6Je0TazfKgE/92lZVwDOO8ZCTnPMa1l/tXiHj4Sr4u2Lsw9zRq41
gkmascL3GHfAMOz+G8ISBL2z5pxai8NtFnQv2kR/hEMCGeQ8mKJ/sjJfHOnXz9xVDnRncCoHOuakndoMhCo6PAi4+HSUqedSD1wHOMUoX7a5qwfF8TNgcuMykgI7iCuFh2FI6+egix71v6MDe0KuKQ==
+HQ2AgJXojg3uIGGAWznLOVEncJnCC4ZnXRscmgIYoc5dBDxtScWYyAVK1kJcmaJ+rH30ZblbFn/GcOKqZswfOomW8iCmLPrkWNLPwtjXNN0v3gotyHtrltN2xtobUZsivmbk+vnsK8KfUGuNA==
+K+tRwnIaQxS87Iz16aCiaEahWA/2hhXc0VVlX4eeDTenynUsldwN2yaLYX3JoApbj/D44ed0sWTpIeqlhEuSwBX/Wvfim9y1aFMSiBYOx1BAzPXEX9RV347hrtCOM1F32aZuQG78hnE5DgdYUNRo8LHKElbri4=
R/Jzpotqq9om9J9TZEvd3k47Lhj+hsXfxbE3EA7SiuzIL1PgomFHs5zrqpeo2Yv27AJwJQVBJHEG8VX9ISrL/5rUAPLpmPPMeSNbpwl/SaeWG77rCniF9QeGcSm5O4qJbETg7amDGfO6pwB5Q642
+7EJw6rRQh3TBwmzPLnfhE47Lhj+hsTfxbE3EA7SiuzIL1PgomFHs5zrqpeo2Yv27ANwJQVBJHEG8VX9ISrL/5rUAPLpmPHMeSNbpwl/SaeWG77rCniF9QeGcSm5O4qJbETg7amDGfO6pwB5Q642
bKYgnSYazdoxk+067FlcA+VEncJnCC4ZnS85aH8DeJYUdDznvSIeQ2lmWEo0JinP9bD30ZblbFn/GcOKqZswfOomW8iDmbPrkWNLPwtjXNN0v3gotyHtrltN2xtobUZsivmbk+vnsK8KfUGuNA==
y6CHBKkPunBNYrsOYy4C9PctNglVOD0TPI8UR9ypi1QRI7M1QvbE406zandPkbVOUz1zmwBdTkzSCSPT8/fID4Itaa4c
gkmascL3GHfAMOz+G8ISBL2z5pxai8NtFnQv2kR/hEMCGeQ8mKJ/sjJfHOnXz9xVDnRncCoHOuakndoMhCo6PAi4+HSUqedSD1wHOMUoX7a5qwfF8TNgcuMykgI7iCuFh2FI6+egix71v6MDe0KuKQ==
+HQ2AgJXojg3uIGGAWznLOVEncJnCC4ZnXRscmgIYoc5dBDxtScWYyAVK1kJcmaJ+rH30ZblbFn/GcOKqZswfOomW8iCmLPrkWNLPwtjXNN0v3gotyHtrltN2xtobUZsivmbk+vnsK8KfUGuNA==
vzrnvwNldT/2ksRmeWwvj0p6IHCJwnqDnwjZr54OohiqVyuuqNvv6t7Ls6qvV0M9OjQantHbCJhl3BoYlPVJRjwqA1UFs9cvjf/NLxqLQnOuGOFN23a9Yf17TkGgdLyVjaP964a3DHFHrjI=
R/Jzpotqq9om9J9TZEvd3k47Lhj+hsXfxbE3EA7SiuzIL1PgomFHs5zrqpeo2Yv27AJwJQVBJHEG8VX9ISrL/5rUAPLpmPPMeSNbpwl/SaeWG77rCniF9QeGcSm5O4qJbETg7amDGfO6pwB5Q642
+7EJw6rRQh3TBwmzPLnfhE47Lhj+hsTfxbE3EA7SiuzIL1PgomFHs5zrqpeo2Yv27ANwJQVBJHEG8VX9ISrL/5rUAPLpmPHMeSNbpwl/SaeWG77rCniF9QeGcSm5O4qJbETg7amDGfO6pwB5Q642
I75Z+PTzxIFlGD2MtDzruOLzo8be2KrXTirJhc3cz0XzhidRS1M9l6b5mUgwJU8Hd7iZz9+nlcpHtNp4aeNIh3BkEGiy6Je0TazfKgE/92lZVwDOO8ZCTnPMa1l/tXiHj4Sr4u2Lsw9zRq41
bKYgnSYazdoxk+067FlcA+VEncJnCC4ZnS85aH8DeJYUdDznvSIeQ2lmWEo0JinP9bD30ZblbFn/GcOKqZswfOomW8iDmbPrkWNLPwtjXNN0v3gotyHtrltN2xtobUZsivmbk+vnsK8KfUGuNA==
uX/Tl2ZF9p0g5zPHcFD6QGaY23SGvl2Ax/ESi/yvY02nOAT9tuT8cQU/T1PLm73tvSVj/hn+uqC8eA3HwInwz9t0J0DVIF+uicNn/SH7oCqTmjL6qwCrHTeJqFO36MvGBZeDe2tKrjE=
WobrBLyb7kCdSNt4s11y0maY23SGvl6Ax/ESi/yvY02nOAT9tuT8cQU/T1PLm73tvSVj/hn+uqC8eA3HwInwzNt0J0DVIF+uicNn/SH7oCqTmjL6qwCrHTeJqFO36MvGBZeDe2tKrjE=
+K+tRwnIaQxS87Iz16aCiaEahWA/2hhXc0VVlX4eeDTenynUsldwN2yaLYX3JoApbj/D44ed0sWTpIeqlhEuSwBX/Wvfim9y1aFMSiBYOx1BAzPXEX9RV347hrtCOM1F32aZuQG78hnE5DgdYUNRo8LHKElbri4=
y6CHBKkPunBNYrsOYy4C9PctNglVOD0TPI8UR9ypi1QRI7M1QvbE406zandPkbVOUz1zmwBdTkzSCSPT8/fID4Itaa4c
y6CHBKkPunBNYrsOYy4C9PctNglVOD0TPI8UR9ypi1QRI7M1QvbE406zandPkbVOUz1zmwBdTkzSCSPT8/fID4Itaa4c
9rMC+2L4BBAPWUw7wtr1wzthThp2YmkyY/KSwrvIK8UHoUgrZ+CLXnV/o8P7Aq5p
E4w66Z7ckFfDsZzJ5hUHRM7RUkHLkaU+ij8oliEVVX1vSIfcqgD3Pktvsz/AWftGO4Qxsfvh1xSuYw==
2PE+GSWL08uqPfCYWbw37I9d8kREad3BNHTEIZs7jcWfZlk5QbsymQTkeJ2hQ5EjgsfoyRuubg==
MFqJFHCJa3eIPW9FaPYA9/rAoBn2jzM/4JazGXkAHcm/smU4IR0iiWTBSwTja+IzireCFVUsDx/t9RxKWpuQjzSHUa1rNo2B7XteYVA0zDV9I21LVndcEXeuAg==
8wDncyDKMfhWnjI+X/wkT+Ahp0FhtEEthJFmFjWV/5iLRUkCE5S3hYRlwqHt6EUzNJ/8B3RZA/TJU6s1WgacQ8bDwrcngb1uq23LG3iNdizaGQsTm0dAb1odca4E
88e0nOAG8ZI+23j3CUFtLckSiGRQhmA3s5FmFjWV/5iLRUkCE5S3hYRlwqHt6EUzNJ/8B3RZA/TJU6s1WgacQ8bDwrcngb1uq23LG3iNdizaGQsTm0dAb1odca4E
F98lfgWBKQBhAohcbxzfuiy9lQathGIWMZ3jiGd9LSL3zJt1uC0GYamguYNYR1hn0KGvZFXbL7XejgDTartmV4PZUd7XpQ9bPEVKXPbBbzN/fyx/RhV1rgA=
5xFTMVT7hcCcoI9/q6okoTHe5PvT8cM9bd3TNrhiRmGEUl4WDWXH+KO1gUJbRB/lHPVaIXV43ZNcTzRHPGnr1LFjUzUiNmRjrvMKd2/RVc4z/VOb4B3uzHJJw9PTN2iPYm1Jrjw=
r7CR8lERM0C2ltHXwqOiuZyzTw1KpHa8NZdfPKyFLM6+mdZMJwQ87vO+ipIeRCnpyy1xpKqO52G5Gx9lQwDo1E201QNUR4eDlRVfhusu4ibjROvR793Yb1/M66o9Y5NnY06uPQ==
P/tYKIEFfik5Je8XII6lnZGTh++VDSi/sMAj8jWL5MeZTjpAn2hSFgF908jXnZ2iZyxLNejNFmG5gGnDCOfI56ABXyQl+9+1rq7wExobltcTeYEeh4UfWywlmpymof+zzx+cv3Z1Ra4w
PmlV1ocW1y6wZ7S2lXbGSwl+bz9ce25+TeGGoEQFOva3uedQLrXOPFEuKcXx5ApvievfN0sw48mJ2Sxxv2yiBHlox3wq4LceS09zX0D5O2Y7ZHFRe0EXdK4D
